PLINK v1.90b3.27 64-bit (13 Dec 2015)
Options in effect:
  --bfile plink/pobi.QC.lift.POS
  --keep POBI_SampleLocations/9.10.11.extractlist.txt
  --make-bed
  --out plink_9.10.11.regions/9.10.11.pobi

Hostname: ebc201
Working directory: /mmg/awwohns/selection_v2/pobi
Start time: Mon Jul 17 03:13:49 2017

Random number seed: 1500250429
257661 MB RAM detected; reserving 128830 MB for main workspace.
827147 variants loaded from .bim file.
2578 people (1202 males, 1376 females) loaded from .fam.
2578 phenotype values loaded from .fam.
--keep: 204 people remaining.
Using 1 thread (no multithreaded calculations invoked.
Before main variant filters, 204 founders and 0 nonfounders present.
Calculating allele frequencies... done.
Total genotyping rate in remaining samples is 0.999551.
827147 variants and 204 people pass filters and QC.
Among remaining phenotypes, 0 are cases and 204 are controls.
--make-bed to plink_9.10.11.regions/9.10.11.pobi.bed +
plink_9.10.11.regions/9.10.11.pobi.bim + plink_9.10.11.regions/9.10.11.pobi.fam
... done.

End time: Mon Jul 17 03:13:52 2017
