PLINK v1.90b3.27 64-bit (13 Dec 2015)
Options in effect:
  --bfile pobi.QC.lift/pobi.QC.lift
  --keep southeastsamples_extractlist.txt
  --make-bed
  --out se.england.pobi

Hostname: ebc201
Working directory: /mmg/awwohns/selection_v3/pobi
Start time: Tue May  9 14:26:25 2017

Random number seed: 1494329185
257661 MB RAM detected; reserving 128830 MB for main workspace.
827147 variants loaded from .bim file.
2578 people (1202 males, 1376 females) loaded from .fam.
2578 phenotype values loaded from .fam.
--keep: 101 people remaining.
Using 1 thread (no multithreaded calculations invoked.
Before main variant filters, 101 founders and 0 nonfounders present.
Calculating allele frequencies... done.
Total genotyping rate in remaining samples is 0.999589.
827147 variants and 101 people pass filters and QC.
Among remaining phenotypes, 0 are cases and 101 are controls.
--make-bed to se.england.pobi.bed + se.england.pobi.bim + se.england.pobi.fam
... done.

End time: Tue May  9 14:26:27 2017
