PLINK v1.90b3.27 64-bit (13 Dec 2015)
Options in effect:
  --file pre.post.inter/7.pre.ped/18_pre_ped
  --make-bed
  --out pre.post.inter/9.pre.add.rsid/18.pre.with.rsid
  --update-map references/pobi.snps.by.chr/18.se.pobi.updated.bim.txt.fixed
  --update-name

Hostname: ebc217
Working directory: /mmg/awwohns/selection_v4
Start time: Tue Jul 25 20:23:55 2017

Note: --update-map [filename] + parameter-free --update-name deprecated.  Use
--update-name [filename] instead.
Random number seed: 1501003435
257661 MB RAM detected; reserving 128830 MB for main workspace.
Scanning .ped file... done.
Performing single-pass .bed write (15 variants, 40 people).
--file: pre.post.inter/9.pre.add.rsid/18.pre.with.rsid-temporary.bed +
pre.post.inter/9.pre.add.rsid/18.pre.with.rsid-temporary.bim +
pre.post.inter/9.pre.add.rsid/18.pre.with.rsid-temporary.fam written.
15 variants loaded from .bim file.
40 people (0 males, 0 females, 40 ambiguous) loaded from .fam.
Ambiguous sex IDs written to
pre.post.inter/9.pre.add.rsid/18.pre.with.rsid.nosex .
--update-name: 15 values updated, 24264 variant IDs not present.
Using 1 thread (no multithreaded calculations invoked.
Before main variant filters, 40 founders and 0 nonfounders present.
Calculating allele frequencies... done.
Total genotyping rate is 0.255.
15 variants and 40 people pass filters and QC.
Note: No phenotypes present.
--make-bed to pre.post.inter/9.pre.add.rsid/18.pre.with.rsid.bed +
pre.post.inter/9.pre.add.rsid/18.pre.with.rsid.bim +
pre.post.inter/9.pre.add.rsid/18.pre.with.rsid.fam ... done.

End time: Tue Jul 25 20:23:56 2017
