PLINK v1.90b3.27 64-bit (13 Dec 2015)
Options in effect:
  --file pre.post.inter/7.pre.ped/6_pre_ped
  --make-bed
  --out pre.post.inter/9.pre.add.rsid/6.pre.with.rsid
  --update-map references/pobi.snps.by.chr/6.se.pobi.updated.bim.txt
  --update-name

Hostname: ebc213
Working directory: /mmg/awwohns/selection_v4
Start time: Mon Jun 26 16:43:25 2017

Note: --update-map [filename] + parameter-free --update-name deprecated.  Use
--update-name [filename] instead.
Random number seed: 1498484605
257688 MB RAM detected; reserving 128844 MB for main workspace.
Scanning .ped file... done.
Performing single-pass .bed write (8215 variants, 40 people).
--file: pre.post.inter/9.pre.add.rsid/6.pre.with.rsid-temporary.bed +
pre.post.inter/9.pre.add.rsid/6.pre.with.rsid-temporary.bim +
pre.post.inter/9.pre.add.rsid/6.pre.with.rsid-temporary.fam written.
8215 variants loaded from .bim file.
40 people (0 males, 0 females, 40 ambiguous) loaded from .fam.
Ambiguous sex IDs written to
pre.post.inter/9.pre.add.rsid/6.pre.with.rsid.nosex .
--update-name: 8215 values updated, 46029 variant IDs not present.
Using 1 thread (no multithreaded calculations invoked.
Before main variant filters, 40 founders and 0 nonfounders present.
Calculating allele frequencies... done.
Total genotyping rate is 0.140243.
8215 variants and 40 people pass filters and QC.
Note: No phenotypes present.
--make-bed to pre.post.inter/9.pre.add.rsid/6.pre.with.rsid.bed +
pre.post.inter/9.pre.add.rsid/6.pre.with.rsid.bim +
pre.post.inter/9.pre.add.rsid/6.pre.with.rsid.fam ... done.

End time: Mon Jun 26 16:43:25 2017
