PLINK v1.90b3.27 64-bit (13 Dec 2015)
Options in effect:
  --file pre.post.inter/7.pre.ped/7_pre_ped
  --make-bed
  --out pre.post.inter/9.pre.add.rsid/7.pre.with.rsid
  --update-map references/pobi.snps.by.chr/7.se.pobi.updated.bim.txt.fixed
  --update-name

Hostname: ebc227
Working directory: /mmg/awwohns/selection_v4
Start time: Tue Jul 25 20:29:54 2017

Note: --update-map [filename] + parameter-free --update-name deprecated.  Use
--update-name [filename] instead.
Random number seed: 1501003794
257661 MB RAM detected; reserving 128830 MB for main workspace.
Scanning .ped file... done.
Performing single-pass .bed write (22 variants, 40 people).
--file: pre.post.inter/9.pre.add.rsid/7.pre.with.rsid-temporary.bed +
pre.post.inter/9.pre.add.rsid/7.pre.with.rsid-temporary.bim +
pre.post.inter/9.pre.add.rsid/7.pre.with.rsid-temporary.fam written.
22 variants loaded from .bim file.
40 people (0 males, 0 females, 40 ambiguous) loaded from .fam.
Ambiguous sex IDs written to
pre.post.inter/9.pre.add.rsid/7.pre.with.rsid.nosex .
--update-name: 21 values updated, 45327 variant IDs not present.
Using 1 thread (no multithreaded calculations invoked.
Before main variant filters, 40 founders and 0 nonfounders present.
Calculating allele frequencies... done.
Total genotyping rate is 0.259091.
22 variants and 40 people pass filters and QC.
Note: No phenotypes present.
--make-bed to pre.post.inter/9.pre.add.rsid/7.pre.with.rsid.bed +
pre.post.inter/9.pre.add.rsid/7.pre.with.rsid.bim +
pre.post.inter/9.pre.add.rsid/7.pre.with.rsid.fam ... done.

End time: Tue Jul 25 20:29:54 2017
