PLINK v1.90b3.27 64-bit (13 Dec 2015)
Options in effect:
  --bfile pre.modern/5.add.rsid/1.with.rsid
  --extract references/pobi.snps/1.se.pobi.bim.snps.only.txt
  --make-bed
  --out pre.modern/6.intersect/1.intersected.anc.pobi

Hostname: atlas.hpc.ut.ee
Working directory: /ebc_data/awwohns/selection_v4
Start time: Wed Jul 19 10:13:49 2017

Random number seed: 1500448429
2068000 MB RAM detected; reserving 1034000 MB for main workspace.
1607 variants loaded from .bim file.
40 people (0 males, 0 females, 40 ambiguous) loaded from .fam.
Ambiguous sex IDs written to
pre.modern/6.intersect/1.intersected.anc.pobi.nosex .
--extract: 1580 variants remaining.
Using 1 thread (no multithreaded calculations invoked.
Before main variant filters, 40 founders and 0 nonfounders present.
Calculating allele frequencies... done.
Total genotyping rate is 0.184573.
1580 variants and 40 people pass filters and QC.
Note: No phenotypes present.
--make-bed to pre.modern/6.intersect/1.intersected.anc.pobi.bed +
pre.modern/6.intersect/1.intersected.anc.pobi.bim +
pre.modern/6.intersect/1.intersected.anc.pobi.fam ... done.

End time: Wed Jul 19 10:13:49 2017
