PLINK v1.90b3.27 64-bit (13 Dec 2015)
Options in effect:
  --bfile pre.modern/5.add.rsid/11.with.rsid
  --extract references/pobi.snps/11.se.pobi.bim.snps.only.txt
  --make-bed
  --out pre.modern/6.intersect/11.intersected.anc.pobi

Hostname: ebc227
Working directory: /mmg/awwohns/selection_v4
Start time: Tue Jun 27 14:47:31 2017

Random number seed: 1498564051
257661 MB RAM detected; reserving 128830 MB for main workspace.
39165 variants loaded from .bim file.
40 people (0 males, 0 females, 40 ambiguous) loaded from .fam.
Ambiguous sex IDs written to
pre.modern/6.intersect/11.intersected.anc.pobi.nosex .
--extract: 39165 variants remaining.
Using 1 thread (no multithreaded calculations invoked.
Before main variant filters, 40 founders and 0 nonfounders present.
Calculating allele frequencies... done.
Total genotyping rate is 0.07548.
39165 variants and 40 people pass filters and QC.
Note: No phenotypes present.
--make-bed to pre.modern/6.intersect/11.intersected.anc.pobi.bed +
pre.modern/6.intersect/11.intersected.anc.pobi.bim +
pre.modern/6.intersect/11.intersected.anc.pobi.fam ... done.

End time: Tue Jun 27 14:47:32 2017
