PLINK v1.90b3.27 64-bit (13 Dec 2015)
Options in effect:
  --bfile pre.modern/5.add.rsid/20.with.rsid
  --extract references/pobi.snps/20.se.pobi.bim.snps.only.txt
  --make-bed
  --out pre.modern/6.intersect/20.intersected.anc.pobi

Hostname: ebc203
Working directory: /mmg/awwohns/selection_v4
Start time: Mon May 29 01:08:38 2017

Random number seed: 1496009318
257661 MB RAM detected; reserving 128830 MB for main workspace.
20242 variants loaded from .bim file.
44 people (0 males, 0 females, 44 ambiguous) loaded from .fam.
Ambiguous sex IDs written to
pre.modern/6.intersect/20.intersected.anc.pobi.nosex .
--extract: 20242 variants remaining.
Using 1 thread (no multithreaded calculations invoked.
Before main variant filters, 44 founders and 0 nonfounders present.
Calculating allele frequencies... done.
Total genotyping rate is 0.107839.
20242 variants and 44 people pass filters and QC.
Note: No phenotypes present.
--make-bed to pre.modern/6.intersect/20.intersected.anc.pobi.bed +
pre.modern/6.intersect/20.intersected.anc.pobi.bim +
pre.modern/6.intersect/20.intersected.anc.pobi.fam ... done.

End time: Mon May 29 01:08:38 2017
