PLINK v1.90b3.27 64-bit (13 Dec 2015)
Options in effect:
  --bfile pre.modern/5.add.rsid/7.with.rsid
  --extract references/pobi.snps/7.se.pobi.bim.snps.only.txt
  --make-bed
  --out pre.modern/6.intersect/7.intersected.anc.pobi

Hostname: ebc226
Working directory: /mmg/awwohns/selection_v4
Start time: Sun Jul 23 06:49:04 2017

Random number seed: 1500781744
257661 MB RAM detected; reserving 128830 MB for main workspace.
42605 variants loaded from .bim file.
40 people (0 males, 0 females, 40 ambiguous) loaded from .fam.
Ambiguous sex IDs written to
pre.modern/6.intersect/7.intersected.anc.pobi.nosex .
--extract: 42402 variants remaining.
Using 1 thread (no multithreaded calculations invoked.
Before main variant filters, 40 founders and 0 nonfounders present.
Calculating allele frequencies... done.
Total genotyping rate is 0.0742206.
42402 variants and 40 people pass filters and QC.
Note: No phenotypes present.
--make-bed to pre.modern/6.intersect/7.intersected.anc.pobi.bed +
pre.modern/6.intersect/7.intersected.anc.pobi.bim +
pre.modern/6.intersect/7.intersected.anc.pobi.fam ... done.

End time: Sun Jul 23 06:49:04 2017
