PLINK v1.90b3.27 64-bit (13 Dec 2015)
Options in effect:
  --adjust
  --allow-no-sex
  --assoc
  --bfile post.modern/18.ambiguous.removed.merged/21.anc.pobi.no.ambiguous
  --out post.modern/19.assoc.results/21.results

Hostname: ebc201
Working directory: /mmg/awwohns/selection_v4
Start time: Sun Jul 23 08:16:43 2017

Random number seed: 1500787003
257661 MB RAM detected; reserving 128830 MB for main workspace.
323 variants loaded from .bim file.
238 people (104 males, 100 females, 34 ambiguous) loaded from .fam.
Ambiguous sex IDs written to post.modern/19.assoc.results/21.results.nosex .
238 phenotype values loaded from .fam.
Using 1 thread (no multithreaded calculations invoked.
Before main variant filters, 238 founders and 0 nonfounders present.
Calculating allele frequencies... done.
Total genotyping rate is 0.878789.
323 variants and 238 people pass filters and QC.
Among remaining phenotypes, 34 are cases and 204 are controls.
Writing C/C --assoc report to post.modern/19.assoc.results/21.results.assoc ...
done.
--adjust: Genomic inflation est. lambda (based on median chisq) = 2.24693.
--adjust values (323 variants) written to
post.modern/19.assoc.results/21.results.assoc.adjusted .

End time: Sun Jul 23 08:16:43 2017
