PLINK v1.90b3.27 64-bit (13 Dec 2015)
Options in effect:
  --adjust
  --allow-no-sex
  --assoc
  --bfile post.modern/18.ambiguous.removed.merged/8.anc.pobi.no.ambiguous
  --out post.modern/19.assoc.results/8.results

Hostname: ebc201
Working directory: /mmg/awwohns/selection_v4
Start time: Tue Jun 27 18:05:05 2017

Random number seed: 1498575905
257661 MB RAM detected; reserving 128830 MB for main workspace.
1251 variants loaded from .bim file.
135 people (49 males, 52 females, 34 ambiguous) loaded from .fam.
Ambiguous sex IDs written to post.modern/19.assoc.results/8.results.nosex .
135 phenotype values loaded from .fam.
Using 1 thread (no multithreaded calculations invoked.
Before main variant filters, 135 founders and 0 nonfounders present.
Calculating allele frequencies... done.
Total genotyping rate is 0.786423.
1251 variants and 135 people pass filters and QC.
Among remaining phenotypes, 34 are cases and 101 are controls.
Writing C/C --assoc report to post.modern/19.assoc.results/8.results.assoc ...
done.
--adjust: Genomic inflation est. lambda (based on median chisq) = 1.93192.
--adjust values (1248 variants) written to
post.modern/19.assoc.results/8.results.assoc.adjusted .

End time: Tue Jun 27 18:05:05 2017
