PLINK v1.90b3.27 64-bit (13 Dec 2015)
Options in effect:
  --adjust
  --allow-no-sex
  --assoc
  --bfile post.modern/18.ambiguous.removed.merged/9.anc.pobi.no.ambiguous
  --out post.modern/19.assoc.results/9.results

Hostname: ebc201
Working directory: /mmg/awwohns/selection_v4
Start time: Mon Jun 26 15:45:10 2017

Random number seed: 1498481110
257661 MB RAM detected; reserving 128830 MB for main workspace.
15835 variants loaded from .bim file.
135 people (49 males, 52 females, 34 ambiguous) loaded from .fam.
Ambiguous sex IDs written to post.modern/19.assoc.results/9.results.nosex .
135 phenotype values loaded from .fam.
Using 1 thread (no multithreaded calculations invoked.
Before main variant filters, 135 founders and 0 nonfounders present.
Calculating allele frequencies... done.
Total genotyping rate is 0.999758.
15835 variants and 135 people pass filters and QC.
Among remaining phenotypes, 34 are cases and 101 are controls.
Writing C/C --assoc report to post.modern/19.assoc.results/9.results.assoc ...
done.
--adjust: Genomic inflation est. lambda (based on median chisq) = 46.4176.
--adjust values (15829 variants) written to
post.modern/19.assoc.results/9.results.assoc.adjusted .

End time: Mon Jun 26 15:45:10 2017
