PLINK v1.90b3.27 64-bit (13 Dec 2015)
Options in effect:
  --file inter.files/4.ped/17_ped
  --make-bed
  --out inter.files/5.add.rsid/17.with.rsid
  --update-map references/pobi.snps.by.chr/17.se.pobi.updated.bim.txt.fixed
  --update-name

Hostname: atlas.hpc.ut.ee
Working directory: /ebc_data/awwohns/selection_v4
Start time: Tue Jul 18 22:26:11 2017

Note: --update-map [filename] + parameter-free --update-name deprecated.  Use
--update-name [filename] instead.
Random number seed: 1500405971
2068000 MB RAM detected; reserving 1034000 MB for main workspace.
Scanning .ped file... done.
Performing single-pass .bed write (2785 variants, 86 people).
--file: inter.files/5.add.rsid/17.with.rsid-temporary.bed +
inter.files/5.add.rsid/17.with.rsid-temporary.bim +
inter.files/5.add.rsid/17.with.rsid-temporary.fam written.
2785 variants loaded from .bim file.
86 people (0 males, 0 females, 86 ambiguous) loaded from .fam.
Ambiguous sex IDs written to inter.files/5.add.rsid/17.with.rsid.nosex .
--update-name: 2732 values updated, 21184 variant IDs not present.
Using 1 thread (no multithreaded calculations invoked.
Before main variant filters, 86 founders and 0 nonfounders present.
Calculating allele frequencies... done.
Total genotyping rate is 0.128157.
2785 variants and 86 people pass filters and QC.
Note: No phenotypes present.
--make-bed to inter.files/5.add.rsid/17.with.rsid.bed +
inter.files/5.add.rsid/17.with.rsid.bim +
inter.files/5.add.rsid/17.with.rsid.fam ... done.

End time: Tue Jul 18 22:26:12 2017
