PLINK v1.90b3.27 64-bit (13 Dec 2015)
Options in effect:
  --file inter.files/4.ped/19_ped
  --make-bed
  --out inter.files/5.add.rsid/19.with.rsid
  --update-map references/pobi.snps.by.chr/19.se.pobi.bim.txt
  --update-name

Hostname: ebc201
Working directory: /mmg/awwohns/selection_v4
Start time: Fri May 19 01:36:35 2017

Note: --update-map [filename] + parameter-free --update-name deprecated.  Use
--update-name [filename] instead.
Random number seed: 1495146995
257661 MB RAM detected; reserving 128830 MB for main workspace.
Scanning .ped file... done.
Performing single-pass .bed write (13846 variants, 86 people).
--file: inter.files/5.add.rsid/19.with.rsid-temporary.bed +
inter.files/5.add.rsid/19.with.rsid-temporary.bim +
inter.files/5.add.rsid/19.with.rsid-temporary.fam written.
13846 variants loaded from .bim file.
86 people (0 males, 0 females, 86 ambiguous) loaded from .fam.
Ambiguous sex IDs written to inter.files/5.add.rsid/19.with.rsid.nosex .
--update-name: 13846 values updated, 3934 variant IDs not present.
Using 1 thread (no multithreaded calculations invoked.
Before main variant filters, 86 founders and 0 nonfounders present.
Calculating allele frequencies... done.
Total genotyping rate is 0.087405.
13846 variants and 86 people pass filters and QC.
Note: No phenotypes present.
--make-bed to inter.files/5.add.rsid/19.with.rsid.bed +
inter.files/5.add.rsid/19.with.rsid.bim +
inter.files/5.add.rsid/19.with.rsid.fam ... done.

End time: Fri May 19 01:36:36 2017
