PLINK v1.90b3.27 64-bit (13 Dec 2015)
Options in effect:
  --file inter.files/4.ped/20_ped
  --make-bed
  --out inter.files/5.add.rsid/20.with.rsid
  --update-map references/pobi.snps.by.chr/20.se.pobi.updated.bim.txt.fixed
  --update-name

Hostname: ebc215
Working directory: /mmg/awwohns/selection_v4
Start time: Tue Jul 18 22:25:44 2017

Note: --update-map [filename] + parameter-free --update-name deprecated.  Use
--update-name [filename] instead.
Random number seed: 1500405944
257661 MB RAM detected; reserving 128830 MB for main workspace.
Scanning .ped file... done.
Performing single-pass .bed write (9392 variants, 86 people).
--file: inter.files/5.add.rsid/20.with.rsid-temporary.bed +
inter.files/5.add.rsid/20.with.rsid-temporary.bim +
inter.files/5.add.rsid/20.with.rsid-temporary.fam written.
9392 variants loaded from .bim file.
86 people (0 males, 0 females, 86 ambiguous) loaded from .fam.
Ambiguous sex IDs written to inter.files/5.add.rsid/20.with.rsid.nosex .
--update-name: 9309 values updated, 11809 variant IDs not present.
Using 1 thread (no multithreaded calculations invoked.
Before main variant filters, 86 founders and 0 nonfounders present.
Calculating allele frequencies... done.
Total genotyping rate is 0.0992185.
9392 variants and 86 people pass filters and QC.
Note: No phenotypes present.
--make-bed to inter.files/5.add.rsid/20.with.rsid.bed +
inter.files/5.add.rsid/20.with.rsid.bim +
inter.files/5.add.rsid/20.with.rsid.fam ... done.

End time: Tue Jul 18 22:25:44 2017
