PLINK v1.90b3.27 64-bit (13 Dec 2015)
Options in effect:
  --file inter.files/4.ped/9_ped
  --make-bed
  --out inter.files/5.add.rsid/9.with.rsid
  --update-map references/pobi.snps.by.chr/9.se.pobi.updated.bim.txt.fixed
  --update-name

Hostname: atlas.hpc.ut.ee
Working directory: /ebc_data/awwohns/selection_v4
Start time: Tue Jul 18 21:57:28 2017

Note: --update-map [filename] + parameter-free --update-name deprecated.  Use
--update-name [filename] instead.
Random number seed: 1500404248
2068000 MB RAM detected; reserving 1034000 MB for main workspace.
Scanning .ped file... done.
Performing single-pass .bed write (3401 variants, 86 people).
--file: inter.files/5.add.rsid/9.with.rsid-temporary.bed +
inter.files/5.add.rsid/9.with.rsid-temporary.bim +
inter.files/5.add.rsid/9.with.rsid-temporary.fam written.
3401 variants loaded from .bim file.
86 people (0 males, 0 females, 86 ambiguous) loaded from .fam.
Ambiguous sex IDs written to inter.files/5.add.rsid/9.with.rsid.nosex .
--update-name: 3369 values updated, 34389 variant IDs not present.
Using 1 thread (no multithreaded calculations invoked.
Before main variant filters, 86 founders and 0 nonfounders present.
Calculating allele frequencies... done.
Total genotyping rate is 0.126543.
3401 variants and 86 people pass filters and QC.
Note: No phenotypes present.
--make-bed to inter.files/5.add.rsid/9.with.rsid.bed +
inter.files/5.add.rsid/9.with.rsid.bim + inter.files/5.add.rsid/9.with.rsid.fam
... done.

End time: Tue Jul 18 21:57:29 2017
