PLINK v1.90b3.27 64-bit (13 Dec 2015)
Options in effect:
  --allow-no-sex
  --bfile pre.post.inter/23.flipped.snps.post/12.flipped.post.monomorphic
  --bmerge pre.post.inter/20.notriallelic.pre/12.pre.notri_tmp
  --make-bed
  --out pre.post.inter/24.flipped.merged/12.pre.post.no.tri.no.monomorphic

Hostname: ebc227
Working directory: /mmg/awwohns/selection_v4
Start time: Mon Jun 26 15:35:20 2017

Random number seed: 1498480520
257661 MB RAM detected; reserving 128830 MB for main workspace.
34 people loaded from
pre.post.inter/23.flipped.snps.post/12.flipped.post.monomorphic.fam.
40 people to be merged from
pre.post.inter/20.notriallelic.pre/12.pre.notri_tmp.fam.
Of these, 6 are new, while 34 are present in the base dataset.
289 markers loaded from
pre.post.inter/23.flipped.snps.post/12.flipped.post.monomorphic.bim.
289 markers to be merged from
pre.post.inter/20.notriallelic.pre/12.pre.notri_tmp.bim.
Of these, 0 are new, while 289 are present in the base dataset.
Performing single-pass merge (40 people, 289 variants).
Merged fileset written to
pre.post.inter/24.flipped.merged/12.pre.post.no.tri.no.monomorphic-merge.bed +
pre.post.inter/24.flipped.merged/12.pre.post.no.tri.no.monomorphic-merge.bim +
pre.post.inter/24.flipped.merged/12.pre.post.no.tri.no.monomorphic-merge.fam .
289 variants loaded from .bim file.
40 people (0 males, 0 females, 40 ambiguous) loaded from .fam.
Ambiguous sex IDs written to
pre.post.inter/24.flipped.merged/12.pre.post.no.tri.no.monomorphic.nosex .
Using 1 thread (no multithreaded calculations invoked.
Before main variant filters, 40 founders and 0 nonfounders present.
Calculating allele frequencies... done.
Total genotyping rate is 0.704671.
289 variants and 40 people pass filters and QC.
Note: No phenotypes present.
--make-bed to
pre.post.inter/24.flipped.merged/12.pre.post.no.tri.no.monomorphic.bed +
pre.post.inter/24.flipped.merged/12.pre.post.no.tri.no.monomorphic.bim +
pre.post.inter/24.flipped.merged/12.pre.post.no.tri.no.monomorphic.fam ...
done.

End time: Mon Jun 26 15:35:20 2017
