PLINK v1.90b3.27 64-bit (13 Dec 2015)
Options in effect:
  --allow-no-sex
  --bfile pre.post.inter/23.flipped.snps.post/13.flipped.post.monomorphic
  --bmerge pre.post.inter/20.notriallelic.pre/13.pre.notri_tmp
  --make-bed
  --out pre.post.inter/24.flipped.merged/13.pre.post.no.tri.no.monomorphic

Hostname: ebc226
Working directory: /mmg/awwohns/selection_v4
Start time: Tue Jun 27 14:15:36 2017

Random number seed: 1498562136
257661 MB RAM detected; reserving 128830 MB for main workspace.
34 people loaded from
pre.post.inter/23.flipped.snps.post/13.flipped.post.monomorphic.fam.
40 people to be merged from
pre.post.inter/20.notriallelic.pre/13.pre.notri_tmp.fam.
Of these, 40 are new, while 0 are present in the base dataset.
583 markers loaded from
pre.post.inter/23.flipped.snps.post/13.flipped.post.monomorphic.bim.
583 markers to be merged from
pre.post.inter/20.notriallelic.pre/13.pre.notri_tmp.bim.
Of these, 0 are new, while 583 are present in the base dataset.
Performing single-pass merge (74 people, 583 variants).
Merged fileset written to
pre.post.inter/24.flipped.merged/13.pre.post.no.tri.no.monomorphic-merge.bed +
pre.post.inter/24.flipped.merged/13.pre.post.no.tri.no.monomorphic-merge.bim +
pre.post.inter/24.flipped.merged/13.pre.post.no.tri.no.monomorphic-merge.fam .
583 variants loaded from .bim file.
74 people (0 males, 0 females, 74 ambiguous) loaded from .fam.
Ambiguous sex IDs written to
pre.post.inter/24.flipped.merged/13.pre.post.no.tri.no.monomorphic.nosex .
74 phenotype values loaded from .fam.
Using 1 thread (no multithreaded calculations invoked.
Before main variant filters, 74 founders and 0 nonfounders present.
Calculating allele frequencies... done.
Total genotyping rate is 0.135831.
583 variants and 74 people pass filters and QC.
Among remaining phenotypes, 34 are cases and 40 are controls.
--make-bed to
pre.post.inter/24.flipped.merged/13.pre.post.no.tri.no.monomorphic.bed +
pre.post.inter/24.flipped.merged/13.pre.post.no.tri.no.monomorphic.bim +
pre.post.inter/24.flipped.merged/13.pre.post.no.tri.no.monomorphic.fam ...
done.

End time: Tue Jun 27 14:15:54 2017
