PLINK v1.90b3.27 64-bit (13 Dec 2015)
Options in effect:
  --allow-no-sex
  --bfile pre.post.inter/23.flipped.snps.post/18.flipped.post.monomorphic
  --bmerge pre.post.inter/20.notriallelic.pre/18.pre.notri_tmp
  --make-bed
  --out pre.post.inter/24.flipped.merged/18.pre.post.no.tri.no.monomorphic

Hostname: atlas.hpc.ut.ee
Working directory: /ebc_data/awwohns/selection_v4
Start time: Thu Jul 20 00:46:15 2017

Random number seed: 1500500775
2068000 MB RAM detected; reserving 1034000 MB for main workspace.
34 people loaded from
pre.post.inter/23.flipped.snps.post/18.flipped.post.monomorphic.fam.
40 people to be merged from
pre.post.inter/20.notriallelic.pre/18.pre.notri_tmp.fam.
Of these, 40 are new, while 0 are present in the base dataset.
507 markers loaded from
pre.post.inter/23.flipped.snps.post/18.flipped.post.monomorphic.bim.
507 markers to be merged from
pre.post.inter/20.notriallelic.pre/18.pre.notri_tmp.bim.
Of these, 0 are new, while 507 are present in the base dataset.
Performing single-pass merge (74 people, 507 variants).
Merged fileset written to
pre.post.inter/24.flipped.merged/18.pre.post.no.tri.no.monomorphic-merge.bed +
pre.post.inter/24.flipped.merged/18.pre.post.no.tri.no.monomorphic-merge.bim +
pre.post.inter/24.flipped.merged/18.pre.post.no.tri.no.monomorphic-merge.fam .
507 variants loaded from .bim file.
74 people (0 males, 0 females, 74 ambiguous) loaded from .fam.
Ambiguous sex IDs written to
pre.post.inter/24.flipped.merged/18.pre.post.no.tri.no.monomorphic.nosex .
74 phenotype values loaded from .fam.
Using 1 thread (no multithreaded calculations invoked.
Before main variant filters, 74 founders and 0 nonfounders present.
Calculating allele frequencies... done.
Total genotyping rate is 0.137241.
507 variants and 74 people pass filters and QC.
Among remaining phenotypes, 34 are cases and 40 are controls.
--make-bed to
pre.post.inter/24.flipped.merged/18.pre.post.no.tri.no.monomorphic.bed +
pre.post.inter/24.flipped.merged/18.pre.post.no.tri.no.monomorphic.bim +
pre.post.inter/24.flipped.merged/18.pre.post.no.tri.no.monomorphic.fam ...
done.

End time: Thu Jul 20 00:46:16 2017
