PLINK v1.90b3.27 64-bit (13 Dec 2015)
Options in effect:
  --allow-no-sex
  --bfile pre.post.inter/23.flipped.snps.post/5.flipped.post.monomorphic
  --bmerge pre.post.inter/20.notriallelic.pre/5.pre.notri_tmp
  --make-bed
  --out pre.post.inter/24.flipped.merged/5.pre.post.no.tri.no.monomorphic

Hostname: ebc227
Working directory: /mmg/awwohns/selection_v4
Start time: Tue Jul 25 20:32:32 2017

Random number seed: 1501003952
257661 MB RAM detected; reserving 128830 MB for main workspace.
34 people loaded from
pre.post.inter/23.flipped.snps.post/5.flipped.post.monomorphic.fam.
40 people to be merged from
pre.post.inter/20.notriallelic.pre/5.pre.notri_tmp.fam.
Of these, 40 are new, while 0 are present in the base dataset.
293 markers loaded from
pre.post.inter/23.flipped.snps.post/5.flipped.post.monomorphic.bim.
293 markers to be merged from
pre.post.inter/20.notriallelic.pre/5.pre.notri_tmp.bim.
Of these, 0 are new, while 293 are present in the base dataset.
Performing single-pass merge (74 people, 293 variants).
Merged fileset written to
pre.post.inter/24.flipped.merged/5.pre.post.no.tri.no.monomorphic-merge.bed +
pre.post.inter/24.flipped.merged/5.pre.post.no.tri.no.monomorphic-merge.bim +
pre.post.inter/24.flipped.merged/5.pre.post.no.tri.no.monomorphic-merge.fam .
293 variants loaded from .bim file.
74 people (0 males, 0 females, 74 ambiguous) loaded from .fam.
Ambiguous sex IDs written to
pre.post.inter/24.flipped.merged/5.pre.post.no.tri.no.monomorphic.nosex .
74 phenotype values loaded from .fam.
Using 1 thread (no multithreaded calculations invoked.
Before main variant filters, 74 founders and 0 nonfounders present.
Calculating allele frequencies... done.
Total genotyping rate is 0.14828.
293 variants and 74 people pass filters and QC.
Among remaining phenotypes, 34 are cases and 40 are controls.
--make-bed to
pre.post.inter/24.flipped.merged/5.pre.post.no.tri.no.monomorphic.bed +
pre.post.inter/24.flipped.merged/5.pre.post.no.tri.no.monomorphic.bim +
pre.post.inter/24.flipped.merged/5.pre.post.no.tri.no.monomorphic.fam ... done.

End time: Tue Jul 25 20:32:32 2017
