PLINK v1.90b3.27 64-bit (13 Dec 2015)
Options in effect:
  --bfile post.modern/5.add.rsid/18.with.rsid
  --extract references/pobi.snps/18.se.pobi.bim.snps.only.txt
  --make-bed
  --out post.modern/6.intersect/18.intersected.anc.pobi

Hostname: atlas.hpc.ut.ee
Working directory: /ebc_data/awwohns/selection_v4
Start time: Tue Jun 27 15:01:55 2017

Random number seed: 1498564915
2068000 MB RAM detected; reserving 1034000 MB for main workspace.
2493 variants loaded from .bim file.
34 people (0 males, 0 females, 34 ambiguous) loaded from .fam.
Ambiguous sex IDs written to
post.modern/6.intersect/18.intersected.anc.pobi.nosex .
--extract: 2493 variants remaining.
Using 1 thread (no multithreaded calculations invoked.
Before main variant filters, 34 founders and 0 nonfounders present.
Calculating allele frequencies... done.
Total genotyping rate is 0.127663.
2493 variants and 34 people pass filters and QC.
Note: No phenotypes present.
--make-bed to post.modern/6.intersect/18.intersected.anc.pobi.bed +
post.modern/6.intersect/18.intersected.anc.pobi.bim +
post.modern/6.intersect/18.intersected.anc.pobi.fam ... done.

End time: Tue Jun 27 15:02:09 2017
