PLINK v1.90b3.27 64-bit (13 Dec 2015)
Options in effect:
  --bfile post.modern/13.notriallelic/16.pobi.notri_tmp
  --exclude /ebc_data/awwohns/selection_v4/references/ambiguous.snps.post.modern/16ambiguous.snps.txt
  --make-bed
  --out post.modern/17.ambiguous.removed/16.pobi.ambiguous.removed

Hostname: ebc201
Working directory: /mmg/awwohns/selection_v4
Start time: Tue Jun 27 14:43:47 2017

Random number seed: 1498563827
257661 MB RAM detected; reserving 128830 MB for main workspace.
3158 variants loaded from .bim file.
101 people (49 males, 52 females) loaded from .fam.
101 phenotype values loaded from .fam.
--exclude: 3122 variants remaining.
Using 1 thread (no multithreaded calculations invoked.
Before main variant filters, 101 founders and 0 nonfounders present.
Calculating allele frequencies... done.
Total genotyping rate is 0.999753.
3122 variants and 101 people pass filters and QC.
Among remaining phenotypes, 0 are cases and 101 are controls.
--make-bed to post.modern/17.ambiguous.removed/16.pobi.ambiguous.removed.bed +
post.modern/17.ambiguous.removed/16.pobi.ambiguous.removed.bim +
post.modern/17.ambiguous.removed/16.pobi.ambiguous.removed.fam ... done.

End time: Tue Jun 27 14:43:47 2017
