PLINK v1.90b3.27 64-bit (13 Dec 2015)
Options in effect:
  --bfile post.modern/13.notriallelic/4.pobi.notri_tmp
  --exclude /ebc_data/awwohns/selection_v4/references/ambiguous.snps.post.modern/4ambiguous.snps.txt
  --make-bed
  --out post.modern/17.ambiguous.removed/4.pobi.ambiguous.removed

Hostname: ebc201
Working directory: /mmg/awwohns/selection_v4
Start time: Sun Jul 23 08:16:15 2017

Random number seed: 1500786975
257661 MB RAM detected; reserving 128830 MB for main workspace.
1173 variants loaded from .bim file.
204 people (104 males, 100 females) loaded from .fam.
204 phenotype values loaded from .fam.
--exclude: 1165 variants remaining.
Using 1 thread (no multithreaded calculations invoked.
Before main variant filters, 204 founders and 0 nonfounders present.
Calculating allele frequencies... done.
Total genotyping rate is 0.998515.
1165 variants and 204 people pass filters and QC.
Among remaining phenotypes, 0 are cases and 204 are controls.
--make-bed to post.modern/17.ambiguous.removed/4.pobi.ambiguous.removed.bed +
post.modern/17.ambiguous.removed/4.pobi.ambiguous.removed.bim +
post.modern/17.ambiguous.removed/4.pobi.ambiguous.removed.fam ... done.

End time: Sun Jul 23 08:16:15 2017
