PLINK v1.90b3.27 64-bit (13 Dec 2015)
Options in effect:
  --adjust
  --allow-no-sex
  --assoc
  --bfile pre.post.inter/26.ambiguous.removed.merged/15.pre.post.no.ambiguous
  --out pre.post.inter/27.assoc.results/15.results

Hostname: ebc201
Working directory: /mmg/awwohns/selection_v4
Start time: Thu Jul 20 03:37:57 2017

Random number seed: 1500511077
257661 MB RAM detected; reserving 128830 MB for main workspace.
604 variants loaded from .bim file.
74 people (0 males, 0 females, 74 ambiguous) loaded from .fam.
Ambiguous sex IDs written to pre.post.inter/27.assoc.results/15.results.nosex .
74 phenotype values loaded from .fam.
Using 1 thread (no multithreaded calculations invoked.
Before main variant filters, 74 founders and 0 nonfounders present.
Calculating allele frequencies... done.
Total genotyping rate is 0.136836.
604 variants and 74 people pass filters and QC.
Among remaining phenotypes, 34 are cases and 40 are controls.
Writing C/C --assoc report to pre.post.inter/27.assoc.results/15.results.assoc
... done.
--adjust: Genomic inflation est. lambda (based on median chisq) = 3.4308.
--adjust values (509 variants) written to
pre.post.inter/27.assoc.results/15.results.assoc.adjusted .

End time: Thu Jul 20 03:37:57 2017
