PLINK v1.90b3.27 64-bit (13 Dec 2015)
Options in effect:
  --adjust
  --allow-no-sex
  --assoc
  --bfile pre.post.inter/26.ambiguous.removed.merged/17.pre.post.no.ambiguous
  --out pre.post.inter/27.assoc.results/17.results

Hostname: ebc201
Working directory: /mmg/awwohns/selection_v4
Start time: Tue Jun 27 14:21:16 2017

Random number seed: 1498562476
257661 MB RAM detected; reserving 128830 MB for main workspace.
752 variants loaded from .bim file.
74 people (0 males, 0 females, 74 ambiguous) loaded from .fam.
Ambiguous sex IDs written to pre.post.inter/27.assoc.results/17.results.nosex .
74 phenotype values loaded from .fam.
Using 1 thread (no multithreaded calculations invoked.
Before main variant filters, 74 founders and 0 nonfounders present.
Calculating allele frequencies... done.
Total genotyping rate is 0.137651.
752 variants and 74 people pass filters and QC.
Among remaining phenotypes, 34 are cases and 40 are controls.
Writing C/C --assoc report to pre.post.inter/27.assoc.results/17.results.assoc
... done.
--adjust: Genomic inflation est. lambda (based on median chisq) = 3.94737.
--adjust values (642 variants) written to
pre.post.inter/27.assoc.results/17.results.assoc.adjusted .

End time: Tue Jun 27 14:21:17 2017
