PLINK v1.90b3.27 64-bit (13 Dec 2015)
Options in effect:
  --adjust
  --allow-no-sex
  --assoc
  --bfile pre.post.inter/26.ambiguous.removed.merged/21.pre.post.no.ambiguous
  --out pre.post.inter/27.assoc.results/21.results

Hostname: ebc201
Working directory: /mmg/awwohns/selection_v4
Start time: Wed Jul 26 00:28:43 2017

Random number seed: 1501018123
257661 MB RAM detected; reserving 128830 MB for main workspace.
94 variants loaded from .bim file.
74 people (0 males, 0 females, 74 ambiguous) loaded from .fam.
Ambiguous sex IDs written to pre.post.inter/27.assoc.results/21.results.nosex .
74 phenotype values loaded from .fam.
Using 1 thread (no multithreaded calculations invoked.
Before main variant filters, 74 founders and 0 nonfounders present.
Calculating allele frequencies... done.
Total genotyping rate is 0.151524.
94 variants and 74 people pass filters and QC.
Among remaining phenotypes, 34 are cases and 40 are controls.
Writing C/C --assoc report to pre.post.inter/27.assoc.results/21.results.assoc
... done.
--adjust: Genomic inflation est. lambda (based on median chisq) = 3.41295.
--adjust values (80 variants) written to
pre.post.inter/27.assoc.results/21.results.assoc.adjusted .

End time: Wed Jul 26 00:28:43 2017
