PLINK v1.90b3.27 64-bit (13 Dec 2015)
Options in effect:
  --adjust
  --allow-no-sex
  --assoc
  --bfile pre.post.inter/26.ambiguous.removed.merged/9.pre.post.no.ambiguous
  --out pre.post.inter/27.assoc.results/9.results

Hostname: ebc201
Working directory: /mmg/awwohns/selection_v4
Start time: Wed Jul 26 00:28:27 2017

Random number seed: 1501018107
257661 MB RAM detected; reserving 128830 MB for main workspace.
1 variant loaded from .bim file.
74 people (0 males, 0 females, 74 ambiguous) loaded from .fam.
Ambiguous sex IDs written to pre.post.inter/27.assoc.results/9.results.nosex .
74 phenotype values loaded from .fam.
Using 1 thread (no multithreaded calculations invoked.
Before main variant filters, 74 founders and 0 nonfounders present.
Calculating allele frequencies... done.
Total genotyping rate is 0.189189.
1 variant and 74 people pass filters and QC.
Among remaining phenotypes, 34 are cases and 40 are controls.
Writing C/C --assoc report to pre.post.inter/27.assoc.results/9.results.assoc
... done.
--adjust: Genomic inflation est. lambda (based on median chisq) = 1.
--adjust values (1 variant) written to
pre.post.inter/27.assoc.results/9.results.assoc.adjusted .

End time: Wed Jul 26 00:28:27 2017
