PLINK v1.90b3.27 64-bit (13 Dec 2015)
Options in effect:
  --allow-no-sex
  --bfile inter.files/13.notriallelic/12.anc.notri_tmp
  --bmerge inter.files/13.notriallelic/12.pobi.notri_tmp
  --make-bed
  --out inter.files/13.notriallelic/12.anc.pobi.notri

Hostname: atlas.hpc.ut.ee
Working directory: /ebc_data/awwohns/selection_v4
Start time: Tue Jul 18 22:19:20 2017

Random number seed: 1500405560
2068000 MB RAM detected; reserving 1034000 MB for main workspace.
86 people loaded from inter.files/13.notriallelic/12.anc.notri_tmp.fam.
101 people to be merged from inter.files/13.notriallelic/12.pobi.notri_tmp.fam.
Of these, 101 are new, while 0 are present in the base dataset.
3451 markers loaded from inter.files/13.notriallelic/12.anc.notri_tmp.bim.
3451 markers to be merged from
inter.files/13.notriallelic/12.pobi.notri_tmp.bim.
Of these, 0 are new, while 3451 are present in the base dataset.
Performing single-pass merge (187 people, 3451 variants).
Merged fileset written to
inter.files/13.notriallelic/12.anc.pobi.notri-merge.bed +
inter.files/13.notriallelic/12.anc.pobi.notri-merge.bim +
inter.files/13.notriallelic/12.anc.pobi.notri-merge.fam .
3451 variants loaded from .bim file.
187 people (49 males, 52 females, 86 ambiguous) loaded from .fam.
Ambiguous sex IDs written to
inter.files/13.notriallelic/12.anc.pobi.notri.nosex .
187 phenotype values loaded from .fam.
Using 1 thread (no multithreaded calculations invoked.
Before main variant filters, 187 founders and 0 nonfounders present.
Calculating allele frequencies... done.
Total genotyping rate is 0.598211.
3451 variants and 187 people pass filters and QC.
Among remaining phenotypes, 86 are cases and 101 are controls.
--make-bed to inter.files/13.notriallelic/12.anc.pobi.notri.bed +
inter.files/13.notriallelic/12.anc.pobi.notri.bim +
inter.files/13.notriallelic/12.anc.pobi.notri.fam ... done.

End time: Tue Jul 18 22:19:20 2017
