PLINK v1.90b3.27 64-bit (13 Dec 2015)
Options in effect:
  --bfile inter.files/11.merged.flipped/16.merge.flipped
  --exclude inter.files/12.remerged/16.pobi.anc-merge.missnp
  --make-bed
  --out inter.files/13.notriallelic/16.anc.notri_tmp

Hostname: ebc203
Working directory: /mmg/awwohns/selection_v4
Start time: Fri May 19 01:46:07 2017

Random number seed: 1495147567
257661 MB RAM detected; reserving 128830 MB for main workspace.
19960 variants loaded from .bim file.
86 people (0 males, 0 females, 86 ambiguous) loaded from .fam.
Ambiguous sex IDs written to inter.files/13.notriallelic/16.anc.notri_tmp.nosex
.
--exclude: 19765 variants remaining.
Using 1 thread (no multithreaded calculations invoked.
Before main variant filters, 86 founders and 0 nonfounders present.
Calculating allele frequencies... done.
Total genotyping rate is 0.0856653.
19765 variants and 86 people pass filters and QC.
Note: No phenotypes present.
--make-bed to inter.files/13.notriallelic/16.anc.notri_tmp.bed +
inter.files/13.notriallelic/16.anc.notri_tmp.bim +
inter.files/13.notriallelic/16.anc.notri_tmp.fam ... done.

End time: Fri May 19 01:46:07 2017
