PLINK v1.90b3.27 64-bit (13 Dec 2015)
Options in effect:
  --allow-no-sex
  --bfile inter.files/13.notriallelic/21.anc.notri_tmp
  --bmerge inter.files/13.notriallelic/21.pobi.notri_tmp
  --make-bed
  --out inter.files/13.notriallelic/21.anc.pobi.notri

Hostname: ebc201
Working directory: /mmg/awwohns/selection_v4
Start time: Fri May 19 01:33:37 2017

Random number seed: 1495146817
257661 MB RAM detected; reserving 128830 MB for main workspace.
86 people loaded from inter.files/13.notriallelic/21.anc.notri_tmp.fam.
101 people to be merged from inter.files/13.notriallelic/21.pobi.notri_tmp.fam.
Of these, 101 are new, while 0 are present in the base dataset.
8403 markers loaded from inter.files/13.notriallelic/21.anc.notri_tmp.bim.
8403 markers to be merged from
inter.files/13.notriallelic/21.pobi.notri_tmp.bim.
Of these, 0 are new, while 8403 are present in the base dataset.
Performing single-pass merge (187 people, 8403 variants).
Merged fileset written to
inter.files/13.notriallelic/21.anc.pobi.notri-merge.bed +
inter.files/13.notriallelic/21.anc.pobi.notri-merge.bim +
inter.files/13.notriallelic/21.anc.pobi.notri-merge.fam .
8403 variants loaded from .bim file.
187 people (49 males, 52 females, 86 ambiguous) loaded from .fam.
Ambiguous sex IDs written to
inter.files/13.notriallelic/21.anc.pobi.notri.nosex .
187 phenotype values loaded from .fam.
Using 1 thread (no multithreaded calculations invoked.
Before main variant filters, 187 founders and 0 nonfounders present.
Calculating allele frequencies... done.
Total genotyping rate is 0.578345.
8403 variants and 187 people pass filters and QC.
Among remaining phenotypes, 86 are cases and 101 are controls.
--make-bed to inter.files/13.notriallelic/21.anc.pobi.notri.bed +
inter.files/13.notriallelic/21.anc.pobi.notri.bim +
inter.files/13.notriallelic/21.anc.pobi.notri.fam ... done.

End time: Fri May 19 01:34:58 2017
