PLINK v1.90b3.27 64-bit (13 Dec 2015)
Options in effect:
  --bfile inter.files/11.merged.flipped/21.merge.flipped
  --exclude inter.files/12.remerged/21.pobi.anc-merge.missnp
  --make-bed
  --out inter.files/13.notriallelic/21.anc.notri_tmp

Hostname: atlas.hpc.ut.ee
Working directory: /ebc_data/awwohns/selection_v4
Start time: Tue Jul 18 22:25:21 2017

Random number seed: 1500405921
2068000 MB RAM detected; reserving 1034000 MB for main workspace.
1036 variants loaded from .bim file.
86 people (0 males, 0 females, 86 ambiguous) loaded from .fam.
Ambiguous sex IDs written to inter.files/13.notriallelic/21.anc.notri_tmp.nosex
.
86 phenotype values loaded from .fam.
--exclude: 1024 variants remaining.
Warning: Ignoring phenotypes of missing-sex samples.  If you don't want those
phenotypes to be ignored, use the --allow-no-sex flag.
Using 1 thread (no multithreaded calculations invoked.
Before main variant filters, 86 founders and 0 nonfounders present.
Calculating allele frequencies... done.
Total genotyping rate is 0.126987.
1024 variants and 86 people pass filters and QC.
Among remaining phenotypes, 86 are cases and 0 are controls.
--make-bed to inter.files/13.notriallelic/21.anc.notri_tmp.bed +
inter.files/13.notriallelic/21.anc.notri_tmp.bim +
inter.files/13.notriallelic/21.anc.notri_tmp.fam ... done.

End time: Tue Jul 18 22:25:21 2017
