PLINK v1.90b3.27 64-bit (13 Dec 2015)
Options in effect:
  --bfile inter.files/11.merged.flipped/5.merge.flipped
  --exclude inter.files/12.remerged/5.pobi.anc-merge.missnp
  --make-bed
  --out inter.files/13.notriallelic/5.anc.notri_tmp

Hostname: ebc227
Working directory: /mmg/awwohns/selection_v4
Start time: Sat May 20 18:05:25 2017

Random number seed: 1495292725
257661 MB RAM detected; reserving 128830 MB for main workspace.
36701 variants loaded from .bim file.
86 people (0 males, 0 females, 86 ambiguous) loaded from .fam.
Ambiguous sex IDs written to inter.files/13.notriallelic/5.anc.notri_tmp.nosex
.
--exclude: 36347 variants remaining.
Using 1 thread (no multithreaded calculations invoked.
Before main variant filters, 86 founders and 0 nonfounders present.
Calculating allele frequencies... done.
Total genotyping rate is 0.0820614.
36347 variants and 86 people pass filters and QC.
Note: No phenotypes present.
--make-bed to inter.files/13.notriallelic/5.anc.notri_tmp.bed +
inter.files/13.notriallelic/5.anc.notri_tmp.bim +
inter.files/13.notriallelic/5.anc.notri_tmp.fam ... done.

End time: Sat May 20 18:07:01 2017
