PLINK v1.90b3.27 64-bit (13 Dec 2015)
Options in effect:
  --bfile inter.files/9.pobi.with.anc.snps/5.pobi.with.anc.snps
  --exclude inter.files/12.remerged/5.pobi.anc-merge.missnp
  --make-bed
  --out inter.files/13.notriallelic/5.pobi.notri_tmp

Hostname: ebc227
Working directory: /mmg/awwohns/selection_v4
Start time: Fri May 19 18:13:58 2017

Random number seed: 1495206838
257661 MB RAM detected; reserving 128830 MB for main workspace.
36701 variants loaded from .bim file.
101 people (49 males, 52 females) loaded from .fam.
101 phenotype values loaded from .fam.
--exclude: 36347 variants remaining.
Using 1 thread (no multithreaded calculations invoked.
Before main variant filters, 101 founders and 0 nonfounders present.
Calculating allele frequencies... done.
Total genotyping rate is 0.999592.
36347 variants and 101 people pass filters and QC.
Among remaining phenotypes, 0 are cases and 101 are controls.
--make-bed to inter.files/13.notriallelic/5.pobi.notri_tmp.bed +
inter.files/13.notriallelic/5.pobi.notri_tmp.bim +
inter.files/13.notriallelic/5.pobi.notri_tmp.fam ... done.

End time: Fri May 19 18:13:58 2017
