PLINK v1.90b3.27 64-bit (13 Dec 2015)
Options in effect:
  --allow-no-sex
  --bfile inter.files/13.notriallelic/6.anc.notri_tmp
  --bmerge inter.files/13.notriallelic/6.pobi.notri_tmp
  --make-bed
  --out inter.files/13.notriallelic/6.anc.pobi.notri

Hostname: ebc205
Working directory: /mmg/awwohns/selection_v4
Start time: Fri May 19 01:55:18 2017

Random number seed: 1495148118
257661 MB RAM detected; reserving 128830 MB for main workspace.
86 people loaded from inter.files/13.notriallelic/6.anc.notri_tmp.fam.
101 people to be merged from inter.files/13.notriallelic/6.pobi.notri_tmp.fam.
Of these, 101 are new, while 0 are present in the base dataset.
38335 markers loaded from inter.files/13.notriallelic/6.anc.notri_tmp.bim.
38335 markers to be merged from
inter.files/13.notriallelic/6.pobi.notri_tmp.bim.
Of these, 0 are new, while 38335 are present in the base dataset.
Performing single-pass merge (187 people, 38335 variants).
Merged fileset written to
inter.files/13.notriallelic/6.anc.pobi.notri-merge.bed +
inter.files/13.notriallelic/6.anc.pobi.notri-merge.bim +
inter.files/13.notriallelic/6.anc.pobi.notri-merge.fam .
38335 variants loaded from .bim file.
187 people (49 males, 52 females, 86 ambiguous) loaded from .fam.
Ambiguous sex IDs written to inter.files/13.notriallelic/6.anc.pobi.notri.nosex
.
187 phenotype values loaded from .fam.
Using 1 thread (no multithreaded calculations invoked.
Before main variant filters, 187 founders and 0 nonfounders present.
Calculating allele frequencies... done.
Total genotyping rate is 0.577829.
38335 variants and 187 people pass filters and QC.
Among remaining phenotypes, 86 are cases and 101 are controls.
--make-bed to inter.files/13.notriallelic/6.anc.pobi.notri.bed +
inter.files/13.notriallelic/6.anc.pobi.notri.bim +
inter.files/13.notriallelic/6.anc.pobi.notri.fam ... done.

End time: Fri May 19 01:55:18 2017
