PLINK v1.90b3.27 64-bit (13 Dec 2015)
Options in effect:
  --allow-no-sex
  --bfile post.modern/17.ambiguous.removed/2.anc.ambiguous.removed
  --bmerge post.modern/17.ambiguous.removed/2.pobi.ambiguous.removed
  --make-bed
  --out post.modern/18.ambiguous.removed.merged/2.anc.pobi.no.ambiguous

Hostname: ebc201
Working directory: /mmg/awwohns/selection_v4
Start time: Mon Jun 26 15:44:59 2017

Random number seed: 1498481099
257661 MB RAM detected; reserving 128830 MB for main workspace.
34 people loaded from
post.modern/17.ambiguous.removed/2.anc.ambiguous.removed.fam.
101 people to be merged from
post.modern/17.ambiguous.removed/2.pobi.ambiguous.removed.fam.
Of these, 101 are new, while 0 are present in the base dataset.
Warning: Multiple positions seen for variant 'rs1377637'.
Warning: Multiple positions seen for variant 'rs4832616'.
Warning: Multiple positions seen for variant 'rs4241219'.
Warning: Multiple positions seen for variant 'rs12991226'.
Warning: Multiple positions seen for variant 'rs17393209'.
Warning: Multiple positions seen for variant 'rs7606917'.
Warning: Multiple positions seen for variant 'rs7600835'.
Warning: Multiple positions seen for variant 'rs1424339'.
28834 markers loaded from
post.modern/17.ambiguous.removed/2.anc.ambiguous.removed.bim.
28834 markers to be merged from
post.modern/17.ambiguous.removed/2.pobi.ambiguous.removed.bim.
Of these, 0 are new, while 28834 are present in the base dataset.
Performing single-pass merge (135 people, 28834 variants).
Merged fileset written to
post.modern/18.ambiguous.removed.merged/2.anc.pobi.no.ambiguous-merge.bed +
post.modern/18.ambiguous.removed.merged/2.anc.pobi.no.ambiguous-merge.bim +
post.modern/18.ambiguous.removed.merged/2.anc.pobi.no.ambiguous-merge.fam .
28834 variants loaded from .bim file.
135 people (49 males, 52 females, 34 ambiguous) loaded from .fam.
Ambiguous sex IDs written to
post.modern/18.ambiguous.removed.merged/2.anc.pobi.no.ambiguous.nosex .
135 phenotype values loaded from .fam.
Using 1 thread (no multithreaded calculations invoked.
Before main variant filters, 135 founders and 0 nonfounders present.
Calculating allele frequencies... done.
Total genotyping rate is 0.999694.
28834 variants and 135 people pass filters and QC.
Among remaining phenotypes, 34 are cases and 101 are controls.
--make-bed to
post.modern/18.ambiguous.removed.merged/2.anc.pobi.no.ambiguous.bed +
post.modern/18.ambiguous.removed.merged/2.anc.pobi.no.ambiguous.bim +
post.modern/18.ambiguous.removed.merged/2.anc.pobi.no.ambiguous.fam ... done.

End time: Mon Jun 26 15:44:59 2017
