PLINK v1.90b3.27 64-bit (13 Dec 2015)
Options in effect:
  --allow-no-sex
  --bfile post.modern/17.ambiguous.removed/22.anc.ambiguous.removed
  --bmerge post.modern/17.ambiguous.removed/22.pobi.ambiguous.removed
  --make-bed
  --out post.modern/18.ambiguous.removed.merged/22.anc.pobi.no.ambiguous

Hostname: ebc201
Working directory: /mmg/awwohns/selection_v4
Start time: Sun Jul 23 08:16:44 2017

Random number seed: 1500787004
257661 MB RAM detected; reserving 128830 MB for main workspace.
34 people loaded from
post.modern/17.ambiguous.removed/22.anc.ambiguous.removed.fam.
204 people to be merged from
post.modern/17.ambiguous.removed/22.pobi.ambiguous.removed.fam.
Of these, 204 are new, while 0 are present in the base dataset.
19 markers loaded from
post.modern/17.ambiguous.removed/22.anc.ambiguous.removed.bim.
19 markers to be merged from
post.modern/17.ambiguous.removed/22.pobi.ambiguous.removed.bim.
Of these, 0 are new, while 19 are present in the base dataset.
Performing single-pass merge (238 people, 19 variants).
Merged fileset written to
post.modern/18.ambiguous.removed.merged/22.anc.pobi.no.ambiguous-merge.bed +
post.modern/18.ambiguous.removed.merged/22.anc.pobi.no.ambiguous-merge.bim +
post.modern/18.ambiguous.removed.merged/22.anc.pobi.no.ambiguous-merge.fam .
19 variants loaded from .bim file.
238 people (104 males, 100 females, 34 ambiguous) loaded from .fam.
Ambiguous sex IDs written to
post.modern/18.ambiguous.removed.merged/22.anc.pobi.no.ambiguous.nosex .
238 phenotype values loaded from .fam.
Using 1 thread (no multithreaded calculations invoked.
Before main variant filters, 238 founders and 0 nonfounders present.
Calculating allele frequencies... done.
Total genotyping rate is 0.886333.
19 variants and 238 people pass filters and QC.
Among remaining phenotypes, 34 are cases and 204 are controls.
--make-bed to
post.modern/18.ambiguous.removed.merged/22.anc.pobi.no.ambiguous.bed +
post.modern/18.ambiguous.removed.merged/22.anc.pobi.no.ambiguous.bim +
post.modern/18.ambiguous.removed.merged/22.anc.pobi.no.ambiguous.fam ... done.

End time: Sun Jul 23 08:16:45 2017
