PLINK v1.90b3.27 64-bit (13 Dec 2015)
Options in effect:
  --allow-no-sex
  --bfile pre.modern/17.ambiguous.removed/4.anc.ambiguous.removed
  --bmerge pre.modern/17.ambiguous.removed/4.pobi.ambiguous.removed
  --make-bed
  --out pre.modern/18.ambiguous.removed.merged/4.anc.pobi.no.ambiguous

Hostname: ebc201
Working directory: /mmg/awwohns/selection_v4
Start time: Sun Jun 25 18:25:18 2017

Random number seed: 1498404318
257661 MB RAM detected; reserving 128830 MB for main workspace.
44 people loaded from
pre.modern/17.ambiguous.removed/4.anc.ambiguous.removed.fam.
101 people to be merged from
pre.modern/17.ambiguous.removed/4.pobi.ambiguous.removed.fam.
Of these, 101 are new, while 0 are present in the base dataset.
Warning: Multiple positions seen for variant 'rs11943701'.
Warning: Multiple positions seen for variant 'rs3756205'.
Warning: Multiple positions seen for variant 'rs6837562'.
Warning: Multiple positions seen for variant 'rs997476'.
Warning: Multiple positions seen for variant 'rs17299889'.
Warning: Multiple positions seen for variant 'rs10007330'.
45747 markers loaded from
pre.modern/17.ambiguous.removed/4.anc.ambiguous.removed.bim.
19764 markers to be merged from
pre.modern/17.ambiguous.removed/4.pobi.ambiguous.removed.bim.
Of these, 0 are new, while 19764 are present in the base dataset.
Performing single-pass merge (145 people, 45747 variants).
Merged fileset written to
pre.modern/18.ambiguous.removed.merged/4.anc.pobi.no.ambiguous-merge.bed +
pre.modern/18.ambiguous.removed.merged/4.anc.pobi.no.ambiguous-merge.bim +
pre.modern/18.ambiguous.removed.merged/4.anc.pobi.no.ambiguous-merge.fam .
45747 variants loaded from .bim file.
145 people (49 males, 52 females, 44 ambiguous) loaded from .fam.
Ambiguous sex IDs written to
pre.modern/18.ambiguous.removed.merged/4.anc.pobi.no.ambiguous.nosex .
145 phenotype values loaded from .fam.
Using 1 thread (no multithreaded calculations invoked.
Before main variant filters, 145 founders and 0 nonfounders present.
Calculating allele frequencies... done.
Total genotyping rate is 0.331082.
45747 variants and 145 people pass filters and QC.
Among remaining phenotypes, 44 are cases and 101 are controls.
--make-bed to
pre.modern/18.ambiguous.removed.merged/4.anc.pobi.no.ambiguous.bed +
pre.modern/18.ambiguous.removed.merged/4.anc.pobi.no.ambiguous.bim +
pre.modern/18.ambiguous.removed.merged/4.anc.pobi.no.ambiguous.fam ... done.

End time: Sun Jun 25 18:25:19 2017
