PLINK v1.90b3.27 64-bit (13 Dec 2015)
Options in effect:
  --allow-no-sex
  --bfile pre.modern/17.ambiguous.removed/7.anc.ambiguous.removed
  --bmerge pre.modern/17.ambiguous.removed/7.pobi.ambiguous.removed
  --make-bed
  --out pre.modern/18.ambiguous.removed.merged/7.anc.pobi.no.ambiguous

Hostname: ebc201
Working directory: /mmg/awwohns/selection_v4
Start time: Sun Jun 25 18:25:26 2017

Random number seed: 1498404326
257661 MB RAM detected; reserving 128830 MB for main workspace.
44 people loaded from
pre.modern/17.ambiguous.removed/7.anc.ambiguous.removed.fam.
101 people to be merged from
pre.modern/17.ambiguous.removed/7.pobi.ambiguous.removed.fam.
Of these, 101 are new, while 0 are present in the base dataset.
Warning: Multiple positions seen for variant 'rs190647'.
Warning: Multiple positions seen for variant 'rs17164545'.
Warning: Multiple positions seen for variant 'rs10274325'.
Warning: Multiple positions seen for variant 'rs17475638'.
41949 markers loaded from
pre.modern/17.ambiguous.removed/7.anc.ambiguous.removed.bim.
19493 markers to be merged from
pre.modern/17.ambiguous.removed/7.pobi.ambiguous.removed.bim.
Of these, 0 are new, while 19493 are present in the base dataset.
Performing single-pass merge (145 people, 41949 variants).
Merged fileset written to
pre.modern/18.ambiguous.removed.merged/7.anc.pobi.no.ambiguous-merge.bed +
pre.modern/18.ambiguous.removed.merged/7.anc.pobi.no.ambiguous-merge.bim +
pre.modern/18.ambiguous.removed.merged/7.anc.pobi.no.ambiguous-merge.fam .
41949 variants loaded from .bim file.
145 people (49 males, 52 females, 44 ambiguous) loaded from .fam.
Ambiguous sex IDs written to
pre.modern/18.ambiguous.removed.merged/7.anc.pobi.no.ambiguous.nosex .
145 phenotype values loaded from .fam.
Using 1 thread (no multithreaded calculations invoked.
Before main variant filters, 145 founders and 0 nonfounders present.
Calculating allele frequencies... done.
Total genotyping rate is 0.354785.
41949 variants and 145 people pass filters and QC.
Among remaining phenotypes, 44 are cases and 101 are controls.
--make-bed to
pre.modern/18.ambiguous.removed.merged/7.anc.pobi.no.ambiguous.bed +
pre.modern/18.ambiguous.removed.merged/7.anc.pobi.no.ambiguous.bim +
pre.modern/18.ambiguous.removed.merged/7.anc.pobi.no.ambiguous.fam ... done.

End time: Sun Jun 25 18:25:27 2017
