PLINK v1.90b3.27 64-bit (13 Dec 2015)
Options in effect:
  --bfile post.modern/7.intersect.pheno/13.intersected.anc.pobi
  --flip post.modern/10.merged/13.merge-merge.missnp
  --make-bed
  --out post.modern/11.merged.flipped/13.merge.flipped

Hostname: ebc227
Working directory: /mmg/awwohns/selection_v4
Start time: Mon Jun 26 17:51:38 2017

Random number seed: 1498488698
257661 MB RAM detected; reserving 128830 MB for main workspace.
3024 variants loaded from .bim file.
34 people (0 males, 0 females, 34 ambiguous) loaded from .fam.
Ambiguous sex IDs written to
post.modern/11.merged.flipped/13.merge.flipped.nosex .
34 phenotype values loaded from .fam.
--flip: 1515 SNPs flipped.
Warning: Ignoring phenotypes of missing-sex samples.  If you don't want those
phenotypes to be ignored, use the --allow-no-sex flag.
Using 1 thread (no multithreaded calculations invoked.
Before main variant filters, 34 founders and 0 nonfounders present.
Calculating allele frequencies... done.
Total genotyping rate is 0.127149.
3024 variants and 34 people pass filters and QC.
Among remaining phenotypes, 34 are cases and 0 are controls.
--make-bed to post.modern/11.merged.flipped/13.merge.flipped.bed +
post.modern/11.merged.flipped/13.merge.flipped.bim +
post.modern/11.merged.flipped/13.merge.flipped.fam ... done.

End time: Mon Jun 26 17:52:08 2017
