PLINK v1.90b3.27 64-bit (13 Dec 2015)
Options in effect:
  --bfile pre.modern/7.intersect.pheno/21.intersected.anc.pobi
  --flip pre.modern/10.merged/21.merge-merge.missnp
  --make-bed
  --out pre.modern/11.merged.flipped/21.merge.flipped

Hostname: ebc215
Working directory: /mmg/awwohns/selection_v4
Start time: Sat Jun 24 22:57:19 2017

Random number seed: 1498334239
257661 MB RAM detected; reserving 128830 MB for main workspace.
11025 variants loaded from .bim file.
44 people (0 males, 0 females, 44 ambiguous) loaded from .fam.
Ambiguous sex IDs written to
pre.modern/11.merged.flipped/21.merge.flipped.nosex .
44 phenotype values loaded from .fam.
--flip: 5442 SNPs flipped.
Warning: Ignoring phenotypes of missing-sex samples.  If you don't want those
phenotypes to be ignored, use the --allow-no-sex flag.
Using 1 thread (no multithreaded calculations invoked.
Before main variant filters, 44 founders and 0 nonfounders present.
Calculating allele frequencies... done.
Total genotyping rate is 0.104566.
11025 variants and 44 people pass filters and QC.
Among remaining phenotypes, 44 are cases and 0 are controls.
--make-bed to pre.modern/11.merged.flipped/21.merge.flipped.bed +
pre.modern/11.merged.flipped/21.merge.flipped.bim +
pre.modern/11.merged.flipped/21.merge.flipped.fam ... done.

End time: Sat Jun 24 22:57:20 2017
