PLINK v1.90b3.27 64-bit (13 Dec 2015)
Options in effect:
  --adjust
  --allow-no-sex
  --assoc
  --bfile pre.modern/18.ambiguous.removed.merged/11.anc.pobi.no.ambiguous
  --out pre.modern/19.assoc.results/11.results

Hostname: ebc201
Working directory: /mmg/awwohns/selection_v4
Start time: Wed Jul 19 09:29:24 2017

Random number seed: 1500445764
257661 MB RAM detected; reserving 128830 MB for main workspace.
962 variants loaded from .bim file.
244 people (104 males, 100 females, 40 ambiguous) loaded from .fam.
Ambiguous sex IDs written to pre.modern/19.assoc.results/11.results.nosex .
244 phenotype values loaded from .fam.
Using 1 thread (no multithreaded calculations invoked.
Before main variant filters, 244 founders and 0 nonfounders present.
Calculating allele frequencies... done.
Total genotyping rate is 0.866096.
962 variants and 244 people pass filters and QC.
Among remaining phenotypes, 40 are cases and 204 are controls.
Writing C/C --assoc report to pre.modern/19.assoc.results/11.results.assoc ...
done.
--adjust: Genomic inflation est. lambda (based on median chisq) = 2.16715.
--adjust values (962 variants) written to
pre.modern/19.assoc.results/11.results.assoc.adjusted .

End time: Wed Jul 19 09:29:24 2017
