PLINK v1.90b3.27 64-bit (13 Dec 2015)
Options in effect:
  --adjust
  --allow-no-sex
  --assoc
  --bfile pre.modern/18.ambiguous.removed.merged/14.anc.pobi.no.ambiguous
  --out pre.modern/19.assoc.results/14.results

Hostname: ebc201
Working directory: /mmg/awwohns/selection_v4
Start time: Thu Jul 20 21:50:34 2017

Random number seed: 1500576634
257661 MB RAM detected; reserving 128830 MB for main workspace.
9 variants loaded from .bim file.
244 people (104 males, 100 females, 40 ambiguous) loaded from .fam.
Ambiguous sex IDs written to pre.modern/19.assoc.results/14.results.nosex .
244 phenotype values loaded from .fam.
Using 1 thread (no multithreaded calculations invoked.
Before main variant filters, 244 founders and 0 nonfounders present.
Calculating allele frequencies... done.
Total genotyping rate is 0.878415.
9 variants and 244 people pass filters and QC.
Among remaining phenotypes, 40 are cases and 204 are controls.
Writing C/C --assoc report to pre.modern/19.assoc.results/14.results.assoc ...
done.
--adjust: Genomic inflation est. lambda (based on median chisq) = 3.99412.
--adjust values (9 variants) written to
pre.modern/19.assoc.results/14.results.assoc.adjusted .

End time: Thu Jul 20 21:50:34 2017
