PLINK v1.90b3.27 64-bit (13 Dec 2015)
Options in effect:
  --adjust
  --allow-no-sex
  --assoc
  --bfile pre.modern/18.ambiguous.removed.merged/7.anc.pobi.no.ambiguous
  --out pre.modern/19.assoc.results/7.results

Hostname: ebc201
Working directory: /mmg/awwohns/selection_v4
Start time: Wed Jul 19 02:43:36 2017

Random number seed: 1500421416
257661 MB RAM detected; reserving 128830 MB for main workspace.
971 variants loaded from .bim file.
141 people (49 males, 52 females, 40 ambiguous) loaded from .fam.
Ambiguous sex IDs written to pre.modern/19.assoc.results/7.results.nosex .
141 phenotype values loaded from .fam.
Using 1 thread (no multithreaded calculations invoked.
Before main variant filters, 141 founders and 0 nonfounders present.
Calculating allele frequencies... done.
Total genotyping rate is 0.768507.
971 variants and 141 people pass filters and QC.
Among remaining phenotypes, 40 are cases and 101 are controls.
Writing C/C --assoc report to pre.modern/19.assoc.results/7.results.assoc ...
done.
--adjust: Genomic inflation est. lambda (based on median chisq) = 2.161.
--adjust values (970 variants) written to
pre.modern/19.assoc.results/7.results.assoc.adjusted .

End time: Wed Jul 19 02:43:36 2017
