PLINK v1.90b3.27 64-bit (13 Dec 2015)
Options in effect:
  --bfile inter.files/5.add.rsid/1.with.rsid
  --extract references/pobi.snps/1.se.pobi.bim.snps.only.txt
  --make-bed
  --out inter.files/6.intersect/1.intersected.anc.pobi

Hostname: ebc213
Working directory: /mmg/awwohns/selection_v4
Start time: Tue Jul 18 21:58:25 2017

Random number seed: 1500404305
257688 MB RAM detected; reserving 128844 MB for main workspace.
28068 variants loaded from .bim file.
86 people (0 males, 0 females, 86 ambiguous) loaded from .fam.
Ambiguous sex IDs written to
inter.files/6.intersect/1.intersected.anc.pobi.nosex .
--extract: 27808 variants remaining.
Using 1 thread (no multithreaded calculations invoked.
Before main variant filters, 86 founders and 0 nonfounders present.
Calculating allele frequencies... done.
Total genotyping rate is 0.0980866.
27808 variants and 86 people pass filters and QC.
Note: No phenotypes present.
--make-bed to inter.files/6.intersect/1.intersected.anc.pobi.bed +
inter.files/6.intersect/1.intersected.anc.pobi.bim +
inter.files/6.intersect/1.intersected.anc.pobi.fam ... done.

End time: Tue Jul 18 21:58:25 2017
