PLINK v1.90b3.27 64-bit (13 Dec 2015)
Options in effect:
  --bfile pre.post.inter/17.post.merged.flipped/1.post.merge.flipped
  --exclude pre.post.inter/18.remerged/1.pre.post-merge.missnp
  --make-bed
  --out pre.post.inter/19.notriallelic.post/1.post.notri_tmp

Hostname: ebc229
Working directory: /mmg/awwohns/selection_v4
Start time: Thu Jul 20 03:39:43 2017

Random number seed: 1500511183
257661 MB RAM detected; reserving 128830 MB for main workspace.
1641 variants loaded from .bim file.
34 people (0 males, 0 females, 34 ambiguous) loaded from .fam.
Ambiguous sex IDs written to
pre.post.inter/19.notriallelic.post/1.post.notri_tmp.nosex .
34 phenotype values loaded from .fam.
--exclude: 1622 variants remaining.
Warning: Ignoring phenotypes of missing-sex samples.  If you don't want those
phenotypes to be ignored, use the --allow-no-sex flag.
Using 1 thread (no multithreaded calculations invoked.
Before main variant filters, 34 founders and 0 nonfounders present.
Calculating allele frequencies... done.
Total genotyping rate is 0.128636.
1622 variants and 34 people pass filters and QC.
Among remaining phenotypes, 34 are cases and 0 are controls.
--make-bed to pre.post.inter/19.notriallelic.post/1.post.notri_tmp.bed +
pre.post.inter/19.notriallelic.post/1.post.notri_tmp.bim +
pre.post.inter/19.notriallelic.post/1.post.notri_tmp.fam ... done.

End time: Thu Jul 20 03:39:43 2017
