PLINK v1.90b3.27 64-bit (13 Dec 2015)
Options in effect:
  --bfile pre.post.inter/17.post.merged.flipped/10.post.merge.flipped
  --exclude pre.post.inter/18.remerged/10.pre.post-merge.missnp
  --make-bed
  --out pre.post.inter/19.notriallelic.post/10.post.notri_tmp

Hostname: ebc229
Working directory: /mmg/awwohns/selection_v4
Start time: Mon Jun 26 01:23:17 2017

Random number seed: 1498429397
257661 MB RAM detected; reserving 128830 MB for main workspace.
306 variants loaded from .bim file.
34 people (0 males, 0 females, 34 ambiguous) loaded from .fam.
Ambiguous sex IDs written to
pre.post.inter/19.notriallelic.post/10.post.notri_tmp.nosex .
--exclude: 305 variants remaining.
Using 1 thread (no multithreaded calculations invoked.
Before main variant filters, 34 founders and 0 nonfounders present.
Calculating allele frequencies... done.
305 variants and 34 people pass filters and QC.
Note: No phenotypes present.
--make-bed to pre.post.inter/19.notriallelic.post/10.post.notri_tmp.bed +
pre.post.inter/19.notriallelic.post/10.post.notri_tmp.bim +
pre.post.inter/19.notriallelic.post/10.post.notri_tmp.fam ... done.

End time: Mon Jun 26 01:23:17 2017
