PLINK v1.90b3.27 64-bit (13 Dec 2015)
Options in effect:
  --allow-no-sex
  --bfile inter.files/15.flipped.snps/14.flipped.monomorphic
  --bmerge inter.files/13.notriallelic/14.pobi.notri_tmp
  --make-bed
  --out inter.files/16.flipped.merged/14.anc.pobi.no.tri.no.monomorphic

Hostname: ebc206
Working directory: /mmg/awwohns/selection_v4
Start time: Sat May 20 18:10:38 2017

Random number seed: 1495293038
257661 MB RAM detected; reserving 128830 MB for main workspace.
86 people loaded from inter.files/15.flipped.snps/14.flipped.monomorphic.fam.
101 people to be merged from inter.files/13.notriallelic/14.pobi.notri_tmp.fam.
Of these, 101 are new, while 0 are present in the base dataset.
19401 markers loaded from
inter.files/15.flipped.snps/14.flipped.monomorphic.bim.
19401 markers to be merged from
inter.files/13.notriallelic/14.pobi.notri_tmp.bim.
Of these, 0 are new, while 19401 are present in the base dataset.
Performing single-pass merge (187 people, 19401 variants).
Merged fileset written to
inter.files/16.flipped.merged/14.anc.pobi.no.tri.no.monomorphic-merge.bed +
inter.files/16.flipped.merged/14.anc.pobi.no.tri.no.monomorphic-merge.bim +
inter.files/16.flipped.merged/14.anc.pobi.no.tri.no.monomorphic-merge.fam .
19401 variants loaded from .bim file.
187 people (49 males, 52 females, 86 ambiguous) loaded from .fam.
Ambiguous sex IDs written to
inter.files/16.flipped.merged/14.anc.pobi.no.tri.no.monomorphic.nosex .
101 phenotype values loaded from .fam.
Using 1 thread (no multithreaded calculations invoked.
Before main variant filters, 187 founders and 0 nonfounders present.
Calculating allele frequencies... done.
Total genotyping rate is 0.578069.
19401 variants and 187 people pass filters and QC.
Among remaining phenotypes, 0 are cases and 101 are controls.  (86 phenotypes
are missing.)
--make-bed to
inter.files/16.flipped.merged/14.anc.pobi.no.tri.no.monomorphic.bed +
inter.files/16.flipped.merged/14.anc.pobi.no.tri.no.monomorphic.bim +
inter.files/16.flipped.merged/14.anc.pobi.no.tri.no.monomorphic.fam ... done.

End time: Sat May 20 18:11:46 2017
