PLINK v1.90b3.27 64-bit (13 Dec 2015)
Options in effect:
  --allow-no-sex
  --bfile inter.files/15.flipped.snps/2.flipped.monomorphic
  --bmerge inter.files/13.notriallelic/2.pobi.notri_tmp
  --make-bed
  --out inter.files/16.flipped.merged/2.anc.pobi.no.tri.no.monomorphic

Hostname: ebc226
Working directory: /mmg/awwohns/selection_v4
Start time: Fri May 19 18:14:11 2017

Random number seed: 1495206851
257661 MB RAM detected; reserving 128830 MB for main workspace.
86 people loaded from inter.files/15.flipped.snps/2.flipped.monomorphic.fam.
101 people to be merged from inter.files/13.notriallelic/2.pobi.notri_tmp.fam.
Of these, 101 are new, while 0 are present in the base dataset.
48802 markers loaded from
inter.files/15.flipped.snps/2.flipped.monomorphic.bim.
48802 markers to be merged from
inter.files/13.notriallelic/2.pobi.notri_tmp.bim.
Of these, 0 are new, while 48802 are present in the base dataset.
Performing single-pass merge (187 people, 48802 variants).
Merged fileset written to
inter.files/16.flipped.merged/2.anc.pobi.no.tri.no.monomorphic-merge.bed +
inter.files/16.flipped.merged/2.anc.pobi.no.tri.no.monomorphic-merge.bim +
inter.files/16.flipped.merged/2.anc.pobi.no.tri.no.monomorphic-merge.fam .
48802 variants loaded from .bim file.
187 people (49 males, 52 females, 86 ambiguous) loaded from .fam.
Ambiguous sex IDs written to
inter.files/16.flipped.merged/2.anc.pobi.no.tri.no.monomorphic.nosex .
187 phenotype values loaded from .fam.
Using 1 thread (no multithreaded calculations invoked.
Before main variant filters, 187 founders and 0 nonfounders present.
Calculating allele frequencies... done.
Total genotyping rate is 0.57776.
48802 variants and 187 people pass filters and QC.
Among remaining phenotypes, 86 are cases and 101 are controls.
--make-bed to
inter.files/16.flipped.merged/2.anc.pobi.no.tri.no.monomorphic.bed +
inter.files/16.flipped.merged/2.anc.pobi.no.tri.no.monomorphic.bim +
inter.files/16.flipped.merged/2.anc.pobi.no.tri.no.monomorphic.fam ... done.

End time: Fri May 19 18:14:12 2017
