PLINK v1.90b3.27 64-bit (13 Dec 2015)
Options in effect:
  --allow-no-sex
  --bfile inter.files/15.flipped.snps/4.flipped.monomorphic
  --bmerge inter.files/13.notriallelic/4.pobi.notri_tmp
  --make-bed
  --out inter.files/16.flipped.merged/4.anc.pobi.no.tri.no.monomorphic

Hostname: ebc213
Working directory: /mmg/awwohns/selection_v4
Start time: Tue Jul 18 21:55:35 2017

Random number seed: 1500404135
257688 MB RAM detected; reserving 128844 MB for main workspace.
86 people loaded from inter.files/15.flipped.snps/4.flipped.monomorphic.fam.
101 people to be merged from inter.files/13.notriallelic/4.pobi.notri_tmp.fam.
Of these, 101 are new, while 0 are present in the base dataset.
Warning: Multiple positions seen for variant 'rs11943701'.
Warning: Multiple positions seen for variant 'rs3756205'.
Warning: Multiple positions seen for variant 'rs6837562'.
Warning: Multiple positions seen for variant 'rs997476'.
Warning: Multiple positions seen for variant 'rs17299889'.
Warning: Multiple positions seen for variant 'rs10007330'.
17510 markers loaded from
inter.files/15.flipped.snps/4.flipped.monomorphic.bim.
17510 markers to be merged from
inter.files/13.notriallelic/4.pobi.notri_tmp.bim.
Of these, 0 are new, while 17510 are present in the base dataset.
Performing single-pass merge (187 people, 17510 variants).
Merged fileset written to
inter.files/16.flipped.merged/4.anc.pobi.no.tri.no.monomorphic-merge.bed +
inter.files/16.flipped.merged/4.anc.pobi.no.tri.no.monomorphic-merge.bim +
inter.files/16.flipped.merged/4.anc.pobi.no.tri.no.monomorphic-merge.fam .
17510 variants loaded from .bim file.
187 people (49 males, 52 females, 86 ambiguous) loaded from .fam.
Ambiguous sex IDs written to
inter.files/16.flipped.merged/4.anc.pobi.no.tri.no.monomorphic.nosex .
187 phenotype values loaded from .fam.
Using 1 thread (no multithreaded calculations invoked.
Before main variant filters, 187 founders and 0 nonfounders present.
Calculating allele frequencies... done.
Total genotyping rate is 0.58432.
17510 variants and 187 people pass filters and QC.
Among remaining phenotypes, 86 are cases and 101 are controls.
--make-bed to
inter.files/16.flipped.merged/4.anc.pobi.no.tri.no.monomorphic.bed +
inter.files/16.flipped.merged/4.anc.pobi.no.tri.no.monomorphic.bim +
inter.files/16.flipped.merged/4.anc.pobi.no.tri.no.monomorphic.fam ... done.

End time: Tue Jul 18 21:55:36 2017
