PLINK v1.90b3.27 64-bit (13 Dec 2015)
Options in effect:
  --bfile pre.modern/13.notriallelic/10.pobi.notri_tmp
  --exclude /ebc_data/awwohns/selection_v4/references/ambiguous.snps.pre.modern/10ambiguous.snps.txt
  --make-bed
  --out pre.modern/17.ambiguous.removed/10.pobi.ambiguous.removed

Hostname: ebc201
Working directory: /mmg/awwohns/selection_v4
Start time: Thu Jul 20 21:50:24 2017

Random number seed: 1500576624
257661 MB RAM detected; reserving 128830 MB for main workspace.
16 variants loaded from .bim file.
204 people (104 males, 100 females) loaded from .fam.
204 phenotype values loaded from .fam.
--exclude: 16 variants remaining.
Using 1 thread (no multithreaded calculations invoked.
Before main variant filters, 204 founders and 0 nonfounders present.
Calculating allele frequencies... done.
Total genotyping rate is 0.999081.
16 variants and 204 people pass filters and QC.
Among remaining phenotypes, 0 are cases and 204 are controls.
--make-bed to pre.modern/17.ambiguous.removed/10.pobi.ambiguous.removed.bed +
pre.modern/17.ambiguous.removed/10.pobi.ambiguous.removed.bim +
pre.modern/17.ambiguous.removed/10.pobi.ambiguous.removed.fam ... done.

End time: Thu Jul 20 21:50:24 2017
