PLINK v1.90b3.27 64-bit (13 Dec 2015)
Options in effect:
  --bfile pre.modern/15.flipped.snps/12.flipped.monomorphic
  --exclude /ebc_data/awwohns/selection_v4/references/ambiguous.snps.pre.modern/12ambiguous.snps.txt
  --make-bed
  --out pre.modern/17.ambiguous.removed/12.anc.ambiguous.removed

Hostname: ebc201
Working directory: /mmg/awwohns/selection_v4
Start time: Wed Jul 19 02:43:42 2017

Random number seed: 1500421422
257661 MB RAM detected; reserving 128830 MB for main workspace.
957 variants loaded from .bim file.
40 people (0 males, 0 females, 40 ambiguous) loaded from .fam.
Ambiguous sex IDs written to
pre.modern/17.ambiguous.removed/12.anc.ambiguous.removed.nosex .
40 phenotype values loaded from .fam.
--exclude: 953 variants remaining.
Warning: Ignoring phenotypes of missing-sex samples.  If you don't want those
phenotypes to be ignored, use the --allow-no-sex flag.
Using 1 thread (no multithreaded calculations invoked.
Before main variant filters, 40 founders and 0 nonfounders present.
Calculating allele frequencies... done.
Total genotyping rate is 0.183919.
953 variants and 40 people pass filters and QC.
Among remaining phenotypes, 40 are cases and 0 are controls.
--make-bed to pre.modern/17.ambiguous.removed/12.anc.ambiguous.removed.bed +
pre.modern/17.ambiguous.removed/12.anc.ambiguous.removed.bim +
pre.modern/17.ambiguous.removed/12.anc.ambiguous.removed.fam ... done.

End time: Wed Jul 19 02:43:42 2017
