PLINK v1.90b3.27 64-bit (13 Dec 2015)
Options in effect:
  --bfile pre.modern/13.notriallelic/9.pobi.notri_tmp
  --exclude /ebc_data/awwohns/selection_v4/references/ambiguous.snps.pre.modern/9ambiguous.snps.txt
  --make-bed
  --out pre.modern/17.ambiguous.removed/9.pobi.ambiguous.removed

Hostname: ebc201
Working directory: /mmg/awwohns/selection_v4
Start time: Wed Jul 19 02:43:38 2017

Random number seed: 1500421418
257661 MB RAM detected; reserving 128830 MB for main workspace.
892 variants loaded from .bim file.
101 people (49 males, 52 females) loaded from .fam.
101 phenotype values loaded from .fam.
--exclude: 883 variants remaining.
Using 1 thread (no multithreaded calculations invoked.
Before main variant filters, 101 founders and 0 nonfounders present.
Calculating allele frequencies... done.
Total genotyping rate is 0.999686.
883 variants and 101 people pass filters and QC.
Among remaining phenotypes, 0 are cases and 101 are controls.
--make-bed to pre.modern/17.ambiguous.removed/9.pobi.ambiguous.removed.bed +
pre.modern/17.ambiguous.removed/9.pobi.ambiguous.removed.bim +
pre.modern/17.ambiguous.removed/9.pobi.ambiguous.removed.fam ... done.

End time: Wed Jul 19 02:43:38 2017
