PLINK v1.90b3.27 64-bit (13 Dec 2015)
Options in effect:
  --bfile pre.post.inter/10.post.add.rsid/10.post.with.rsid
  --extract pre.post.inter/11.pre.snps/10.pre.snps.txt
  --make-bed
  --out pre.post.inter/12.post.intersected.with.pre/10.post.intersected

Hostname: atlas.hpc.ut.ee
Working directory: /ebc_data/awwohns/selection_v4
Start time: Thu Jul 20 00:46:01 2017

Random number seed: 1500500761
2068000 MB RAM detected; reserving 1034000 MB for main workspace.
4712 variants loaded from .bim file.
34 people (0 males, 0 females, 34 ambiguous) loaded from .fam.
Ambiguous sex IDs written to
pre.post.inter/12.post.intersected.with.pre/10.post.intersected.nosex .
--extract: 1007 variants remaining.
Using 1 thread (no multithreaded calculations invoked.
Before main variant filters, 34 founders and 0 nonfounders present.
Calculating allele frequencies... done.
Total genotyping rate is 0.128103.
1007 variants and 34 people pass filters and QC.
Note: No phenotypes present.
--make-bed to
pre.post.inter/12.post.intersected.with.pre/10.post.intersected.bed +
pre.post.inter/12.post.intersected.with.pre/10.post.intersected.bim +
pre.post.inter/12.post.intersected.with.pre/10.post.intersected.fam ... done.

End time: Thu Jul 20 00:46:01 2017
