PLINK v1.90b3.27 64-bit (13 Dec 2015)
Options in effect:
  --bfile pre.post.inter/10.post.add.rsid/2.post.with.rsid
  --extract pre.post.inter/11.pre.snps/2.pre.snps.txt
  --make-bed
  --out pre.post.inter/12.post.intersected.with.pre/2.post.intersected

Hostname: ebc226
Working directory: /mmg/awwohns/selection_v4
Start time: Tue Jul 25 20:36:45 2017

Random number seed: 1501004205
257661 MB RAM detected; reserving 128830 MB for main workspace.
1972 variants loaded from .bim file.
34 people (0 males, 0 females, 34 ambiguous) loaded from .fam.
Ambiguous sex IDs written to
pre.post.inter/12.post.intersected.with.pre/2.post.intersected.nosex .
--extract: 4 variants remaining.
Using 1 thread (no multithreaded calculations invoked.
Before main variant filters, 34 founders and 0 nonfounders present.
Calculating allele frequencies... done.
Total genotyping rate is 0.169118.
4 variants and 34 people pass filters and QC.
Note: No phenotypes present.
--make-bed to
pre.post.inter/12.post.intersected.with.pre/2.post.intersected.bed +
pre.post.inter/12.post.intersected.with.pre/2.post.intersected.bim +
pre.post.inter/12.post.intersected.with.pre/2.post.intersected.fam ... done.

End time: Tue Jul 25 20:36:45 2017
