PLINK v1.90b3.27 64-bit (13 Dec 2015)
Options in effect:
  --bfile pre.post.inter/10.post.add.rsid/6.post.with.rsid
  --extract pre.post.inter/11.pre.snps/6.pre.snps.txt
  --make-bed
  --out pre.post.inter/12.post.intersected.with.pre/6.post.intersected

Hostname: ebc213
Working directory: /mmg/awwohns/selection_v4
Start time: Tue Jun 27 14:06:40 2017

Random number seed: 1498561600
257688 MB RAM detected; reserving 128844 MB for main workspace.
5734 variants loaded from .bim file.
34 people (0 males, 0 females, 34 ambiguous) loaded from .fam.
Ambiguous sex IDs written to
pre.post.inter/12.post.intersected.with.pre/6.post.intersected.nosex .
--extract: 1244 variants remaining.
Using 1 thread (no multithreaded calculations invoked.
Before main variant filters, 34 founders and 0 nonfounders present.
Calculating allele frequencies... done.
Total genotyping rate is 0.128759.
1244 variants and 34 people pass filters and QC.
Note: No phenotypes present.
--make-bed to
pre.post.inter/12.post.intersected.with.pre/6.post.intersected.bed +
pre.post.inter/12.post.intersected.with.pre/6.post.intersected.bim +
pre.post.inter/12.post.intersected.with.pre/6.post.intersected.fam ... done.

End time: Tue Jun 27 14:07:09 2017
