PLINK v1.90b3.27 64-bit (13 Dec 2015)
Options in effect:
  --allow-no-sex
  --bfile post.modern/15.flipped.snps/11.flipped.monomorphic
  --bmerge post.modern/13.notriallelic/11.pobi.notri_tmp
  --make-bed
  --out post.modern/16.flipped.merged/11.anc.pobi.no.tri.no.monomorphic

Hostname: ebc202
Working directory: /mmg/awwohns/selection_v4
Start time: Mon Jun 26 15:18:49 2017

Random number seed: 1498479529
257661 MB RAM detected; reserving 128830 MB for main workspace.
34 people loaded from post.modern/15.flipped.snps/11.flipped.monomorphic.fam.
101 people to be merged from post.modern/13.notriallelic/11.pobi.notri_tmp.fam.
Of these, 101 are new, while 0 are present in the base dataset.
Warning: Multiple positions seen for variant 'rs3127'.
17410 markers loaded from
post.modern/15.flipped.snps/11.flipped.monomorphic.bim.
17410 markers to be merged from
post.modern/13.notriallelic/11.pobi.notri_tmp.bim.
Of these, 0 are new, while 17410 are present in the base dataset.
Performing single-pass merge (135 people, 17410 variants).
Merged fileset written to
post.modern/16.flipped.merged/11.anc.pobi.no.tri.no.monomorphic-merge.bed +
post.modern/16.flipped.merged/11.anc.pobi.no.tri.no.monomorphic-merge.bim +
post.modern/16.flipped.merged/11.anc.pobi.no.tri.no.monomorphic-merge.fam .
17410 variants loaded from .bim file.
135 people (49 males, 52 females, 34 ambiguous) loaded from .fam.
Ambiguous sex IDs written to
post.modern/16.flipped.merged/11.anc.pobi.no.tri.no.monomorphic.nosex .
135 phenotype values loaded from .fam.
Using 1 thread (no multithreaded calculations invoked.
Before main variant filters, 135 founders and 0 nonfounders present.
Calculating allele frequencies... done.
Total genotyping rate is 0.999721.
17410 variants and 135 people pass filters and QC.
Among remaining phenotypes, 34 are cases and 101 are controls.
--make-bed to
post.modern/16.flipped.merged/11.anc.pobi.no.tri.no.monomorphic.bed +
post.modern/16.flipped.merged/11.anc.pobi.no.tri.no.monomorphic.bim +
post.modern/16.flipped.merged/11.anc.pobi.no.tri.no.monomorphic.fam ... done.

End time: Mon Jun 26 15:18:50 2017
