PLINK v1.90b3.27 64-bit (13 Dec 2015)
Options in effect:
  --allow-no-sex
  --bfile post.modern/15.flipped.snps/17.flipped.monomorphic
  --bmerge post.modern/13.notriallelic/17.pobi.notri_tmp
  --make-bed
  --out post.modern/16.flipped.merged/17.anc.pobi.no.tri.no.monomorphic

Hostname: ebc226
Working directory: /mmg/awwohns/selection_v4
Start time: Mon Jun 26 15:09:23 2017

Random number seed: 1498478963
257661 MB RAM detected; reserving 128830 MB for main workspace.
34 people loaded from post.modern/15.flipped.snps/17.flipped.monomorphic.fam.
101 people to be merged from post.modern/13.notriallelic/17.pobi.notri_tmp.fam.
Of these, 101 are new, while 0 are present in the base dataset.
Warning: Multiple positions seen for variant 'rs2530012'.
10218 markers loaded from
post.modern/15.flipped.snps/17.flipped.monomorphic.bim.
10218 markers to be merged from
post.modern/13.notriallelic/17.pobi.notri_tmp.bim.
Of these, 0 are new, while 10218 are present in the base dataset.
Performing single-pass merge (135 people, 10218 variants).
Merged fileset written to
post.modern/16.flipped.merged/17.anc.pobi.no.tri.no.monomorphic-merge.bed +
post.modern/16.flipped.merged/17.anc.pobi.no.tri.no.monomorphic-merge.bim +
post.modern/16.flipped.merged/17.anc.pobi.no.tri.no.monomorphic-merge.fam .
10218 variants loaded from .bim file.
135 people (49 males, 52 females, 34 ambiguous) loaded from .fam.
Ambiguous sex IDs written to
post.modern/16.flipped.merged/17.anc.pobi.no.tri.no.monomorphic.nosex .
135 phenotype values loaded from .fam.
Using 1 thread (no multithreaded calculations invoked.
Before main variant filters, 135 founders and 0 nonfounders present.
Calculating allele frequencies... done.
Total genotyping rate is 0.999721.
10218 variants and 135 people pass filters and QC.
Among remaining phenotypes, 34 are cases and 101 are controls.
--make-bed to
post.modern/16.flipped.merged/17.anc.pobi.no.tri.no.monomorphic.bed +
post.modern/16.flipped.merged/17.anc.pobi.no.tri.no.monomorphic.bim +
post.modern/16.flipped.merged/17.anc.pobi.no.tri.no.monomorphic.fam ... done.

End time: Mon Jun 26 15:09:24 2017
