PLINK v1.90b3.27 64-bit (13 Dec 2015)
Options in effect:
  --allow-no-sex
  --bfile pre.modern/15.flipped.snps/4.flipped.monomorphic
  --bmerge pre.modern/13.notriallelic/4.pobi.notri_tmp
  --make-bed
  --out pre.modern/16.flipped.merged/4.anc.pobi.no.tri.no.monomorphic

Hostname: atlas.hpc.ut.ee
Working directory: /ebc_data/awwohns/selection_v4
Start time: Sat Jun 24 20:55:49 2017

Random number seed: 1498326949
2068000 MB RAM detected; reserving 1034000 MB for main workspace.
44 people loaded from pre.modern/15.flipped.snps/4.flipped.monomorphic.fam.
101 people to be merged from pre.modern/13.notriallelic/4.pobi.notri_tmp.fam.
Of these, 101 are new, while 0 are present in the base dataset.
Warning: Multiple positions seen for variant 'rs2291151'.
Warning: Multiple positions seen for variant 'rs11943701'.
Warning: Multiple positions seen for variant 'rs3756205'.
Warning: Multiple positions seen for variant 'rs7688187'.
Warning: Multiple positions seen for variant 'rs13137431'.
Warning: Multiple positions seen for variant 'rs13113314'.
Warning: Multiple positions seen for variant 'rs6837562'.
Warning: Multiple positions seen for variant 'rs997476'.
Warning: Multiple positions seen for variant 'rs12644014'.
Warning: Multiple positions seen for variant 'rs11942835'.
Warning: Multiple positions seen for variant 'rs17614841'.
Warning: Multiple positions seen for variant 'rs17299889'.
Warning: Multiple positions seen for variant 'rs10007330'.
46065 markers loaded from pre.modern/15.flipped.snps/4.flipped.monomorphic.bim.
46065 markers to be merged from
pre.modern/13.notriallelic/4.pobi.notri_tmp.bim.
Of these, 0 are new, while 46065 are present in the base dataset.
Performing single-pass merge (145 people, 46065 variants).
Merged fileset written to
pre.modern/16.flipped.merged/4.anc.pobi.no.tri.no.monomorphic-merge.bed +
pre.modern/16.flipped.merged/4.anc.pobi.no.tri.no.monomorphic-merge.bim +
pre.modern/16.flipped.merged/4.anc.pobi.no.tri.no.monomorphic-merge.fam .
46065 variants loaded from .bim file.
145 people (49 males, 52 females, 44 ambiguous) loaded from .fam.
Ambiguous sex IDs written to
pre.modern/16.flipped.merged/4.anc.pobi.no.tri.no.monomorphic.nosex .
145 phenotype values loaded from .fam.
Using 1 thread (no multithreaded calculations invoked.
Before main variant filters, 145 founders and 0 nonfounders present.
Calculating allele frequencies... done.
Total genotyping rate is 0.726553.
46065 variants and 145 people pass filters and QC.
Among remaining phenotypes, 44 are cases and 101 are controls.
--make-bed to pre.modern/16.flipped.merged/4.anc.pobi.no.tri.no.monomorphic.bed
+ pre.modern/16.flipped.merged/4.anc.pobi.no.tri.no.monomorphic.bim +
pre.modern/16.flipped.merged/4.anc.pobi.no.tri.no.monomorphic.fam ... done.

End time: Sat Jun 24 20:55:50 2017
