PLINK v1.90b3.27 64-bit (13 Dec 2015)
Options in effect:
  --allow-no-sex
  --bfile pre.modern/15.flipped.snps/5.flipped.monomorphic
  --bmerge pre.modern/13.notriallelic/5.pobi.notri_tmp
  --make-bed
  --out pre.modern/16.flipped.merged/5.anc.pobi.no.tri.no.monomorphic

Hostname: atlas.hpc.ut.ee
Working directory: /ebc_data/awwohns/selection_v4
Start time: Sat Jun 24 20:55:59 2017

Random number seed: 1498326959
2068000 MB RAM detected; reserving 1034000 MB for main workspace.
44 people loaded from pre.modern/15.flipped.snps/5.flipped.monomorphic.fam.
101 people to be merged from pre.modern/13.notriallelic/5.pobi.notri_tmp.fam.
Of these, 101 are new, while 0 are present in the base dataset.
Warning: Multiple positions seen for variant 'rs3817055'.
Warning: Multiple positions seen for variant 'rs2569201'.
Warning: Multiple positions seen for variant 'rs10064229'.
48245 markers loaded from pre.modern/15.flipped.snps/5.flipped.monomorphic.bim.
48245 markers to be merged from
pre.modern/13.notriallelic/5.pobi.notri_tmp.bim.
Of these, 0 are new, while 48245 are present in the base dataset.
Performing single-pass merge (145 people, 48245 variants).
Merged fileset written to
pre.modern/16.flipped.merged/5.anc.pobi.no.tri.no.monomorphic-merge.bed +
pre.modern/16.flipped.merged/5.anc.pobi.no.tri.no.monomorphic-merge.bim +
pre.modern/16.flipped.merged/5.anc.pobi.no.tri.no.monomorphic-merge.fam .
48245 variants loaded from .bim file.
145 people (49 males, 52 females, 44 ambiguous) loaded from .fam.
Ambiguous sex IDs written to
pre.modern/16.flipped.merged/5.anc.pobi.no.tri.no.monomorphic.nosex .
145 phenotype values loaded from .fam.
Using 1 thread (no multithreaded calculations invoked.
Before main variant filters, 145 founders and 0 nonfounders present.
Calculating allele frequencies... done.
Total genotyping rate is 0.727355.
48245 variants and 145 people pass filters and QC.
Among remaining phenotypes, 44 are cases and 101 are controls.
--make-bed to pre.modern/16.flipped.merged/5.anc.pobi.no.tri.no.monomorphic.bed
+ pre.modern/16.flipped.merged/5.anc.pobi.no.tri.no.monomorphic.bim +
pre.modern/16.flipped.merged/5.anc.pobi.no.tri.no.monomorphic.fam ... done.

End time: Sat Jun 24 20:56:00 2017
