PLINK v1.90b3.27 64-bit (13 Dec 2015)
Options in effect:
  --allow-no-sex
  --bfile post.modern/15.flipped.snps/6.flipped.monomorphic
  --bmerge post.modern/13.notriallelic/6.pobi.notri_tmp
  --make-bed
  --out post.modern/16.flipped.merged/6.anc.pobi.no.tri.no.monomorphic

Hostname: ebc201
Working directory: /mmg/awwohns/selection_v4
Start time: Mon Jun 26 15:26:15 2017

Random number seed: 1498479975
257661 MB RAM detected; reserving 128830 MB for main workspace.
34 people loaded from post.modern/15.flipped.snps/6.flipped.monomorphic.fam.
101 people to be merged from post.modern/13.notriallelic/6.pobi.notri_tmp.fam.
Of these, 101 are new, while 0 are present in the base dataset.
Warning: Multiple positions seen for variant 'rs12528645'.
Warning: Multiple positions seen for variant 'rs2621330'.
Warning: Multiple positions seen for variant 'rs2070121'.
Warning: Multiple positions seen for variant 'rs241447'.
Warning: Multiple positions seen for variant 'rs2228397'.
Warning: Multiple positions seen for variant 'rs1057149'.
Warning: Multiple positions seen for variant 'rs1135216'.
Warning: Multiple positions seen for variant 'rs2127679'.
Warning: Multiple positions seen for variant 'rs1063478'.
Warning: Multiple positions seen for variant 'rs2582'.
Warning: Multiple positions seen for variant 'rs375256'.
Warning: Multiple positions seen for variant 'rs364950'.
Warning: Multiple positions seen for variant 'rs1042190'.
Warning: Multiple positions seen for variant 'rs4714901'.
Warning: Multiple positions seen for variant 'rs12193425'.
22597 markers loaded from
post.modern/15.flipped.snps/6.flipped.monomorphic.bim.
22597 markers to be merged from
post.modern/13.notriallelic/6.pobi.notri_tmp.bim.
Of these, 0 are new, while 22597 are present in the base dataset.
Performing single-pass merge (135 people, 22597 variants).
Merged fileset written to
post.modern/16.flipped.merged/6.anc.pobi.no.tri.no.monomorphic-merge.bed +
post.modern/16.flipped.merged/6.anc.pobi.no.tri.no.monomorphic-merge.bim +
post.modern/16.flipped.merged/6.anc.pobi.no.tri.no.monomorphic-merge.fam .
22597 variants loaded from .bim file.
135 people (49 males, 52 females, 34 ambiguous) loaded from .fam.
Ambiguous sex IDs written to
post.modern/16.flipped.merged/6.anc.pobi.no.tri.no.monomorphic.nosex .
135 phenotype values loaded from .fam.
Using 1 thread (no multithreaded calculations invoked.
Before main variant filters, 135 founders and 0 nonfounders present.
Calculating allele frequencies... done.
Total genotyping rate is 0.999671.
22597 variants and 135 people pass filters and QC.
Among remaining phenotypes, 34 are cases and 101 are controls.
--make-bed to
post.modern/16.flipped.merged/6.anc.pobi.no.tri.no.monomorphic.bed +
post.modern/16.flipped.merged/6.anc.pobi.no.tri.no.monomorphic.bim +
post.modern/16.flipped.merged/6.anc.pobi.no.tri.no.monomorphic.fam ... done.

End time: Mon Jun 26 15:26:15 2017
