PLINK v1.90b3.27 64-bit (13 Dec 2015)
Options in effect:
  --allow-no-sex
  --bfile post.modern/15.flipped.snps/9.flipped.monomorphic
  --bmerge post.modern/13.notriallelic/9.pobi.notri_tmp
  --make-bed
  --out post.modern/16.flipped.merged/9.anc.pobi.no.tri.no.monomorphic

Hostname: ebc202
Working directory: /mmg/awwohns/selection_v4
Start time: Tue Jul 25 20:22:13 2017

Random number seed: 1501003333
257661 MB RAM detected; reserving 128830 MB for main workspace.
34 people loaded from post.modern/15.flipped.snps/9.flipped.monomorphic.fam.
204 people to be merged from post.modern/13.notriallelic/9.pobi.notri_tmp.fam.
Of these, 204 are new, while 0 are present in the base dataset.
1099 markers loaded from post.modern/15.flipped.snps/9.flipped.monomorphic.bim.
1099 markers to be merged from
post.modern/13.notriallelic/9.pobi.notri_tmp.bim.
Of these, 0 are new, while 1099 are present in the base dataset.
Performing single-pass merge (238 people, 1099 variants).
Merged fileset written to
post.modern/16.flipped.merged/9.anc.pobi.no.tri.no.monomorphic-merge.bed +
post.modern/16.flipped.merged/9.anc.pobi.no.tri.no.monomorphic-merge.bim +
post.modern/16.flipped.merged/9.anc.pobi.no.tri.no.monomorphic-merge.fam .
1099 variants loaded from .bim file.
238 people (104 males, 100 females, 34 ambiguous) loaded from .fam.
Ambiguous sex IDs written to
post.modern/16.flipped.merged/9.anc.pobi.no.tri.no.monomorphic.nosex .
238 phenotype values loaded from .fam.
Using 1 thread (no multithreaded calculations invoked.
Before main variant filters, 238 founders and 0 nonfounders present.
Calculating allele frequencies... done.
Total genotyping rate is 0.878908.
1099 variants and 238 people pass filters and QC.
Among remaining phenotypes, 34 are cases and 204 are controls.
--make-bed to
post.modern/16.flipped.merged/9.anc.pobi.no.tri.no.monomorphic.bed +
post.modern/16.flipped.merged/9.anc.pobi.no.tri.no.monomorphic.bim +
post.modern/16.flipped.merged/9.anc.pobi.no.tri.no.monomorphic.fam ... done.

End time: Tue Jul 25 20:22:14 2017
