PLINK v1.90b3.27 64-bit (13 Dec 2015)
Options in effect:
  --bfile pre.post.inter/19.notriallelic.post/11.post.notri_tmp
  --flip pre.post.inter/22.snps.to.flip/11results.txt
  --make-bed
  --out pre.post.inter/23.flipped.snps.post/11.flipped.post.monomorphic

Hostname: ebc227
Working directory: /mmg/awwohns/selection_v4
Start time: Mon Jun 26 15:35:18 2017

Random number seed: 1498480518
257661 MB RAM detected; reserving 128830 MB for main workspace.
331 variants loaded from .bim file.
34 people (0 males, 0 females, 34 ambiguous) loaded from .fam.
Ambiguous sex IDs written to
pre.post.inter/23.flipped.snps.post/11.flipped.post.monomorphic.nosex .
--flip: 4 SNPs flipped.
Using 1 thread (no multithreaded calculations invoked.
Before main variant filters, 34 founders and 0 nonfounders present.
Calculating allele frequencies... done.
331 variants and 34 people pass filters and QC.
Note: No phenotypes present.
--make-bed to
pre.post.inter/23.flipped.snps.post/11.flipped.post.monomorphic.bed +
pre.post.inter/23.flipped.snps.post/11.flipped.post.monomorphic.bim +
pre.post.inter/23.flipped.snps.post/11.flipped.post.monomorphic.fam ... done.

End time: Mon Jun 26 15:35:19 2017
