PLINK v1.90b3.27 64-bit (13 Dec 2015)
Options in effect:
  --bfile pre.post.inter/13.post.intersect.pheno/3.post.intersected
  --flip pre.post.inter/22.snps.to.flip/3results.txt
  --make-bed
  --out pre.post.inter/23.flipped.snps.post/3.flipped.post.monomorphic

Hostname: ebc212
Working directory: /mmg/awwohns/selection_v4
Start time: Mon Jun 26 15:35:45 2017

Random number seed: 1498480545
257661 MB RAM detected; reserving 128830 MB for main workspace.
452 variants loaded from .bim file.
34 people (0 males, 0 females, 34 ambiguous) loaded from .fam.
Ambiguous sex IDs written to
pre.post.inter/23.flipped.snps.post/3.flipped.post.monomorphic.nosex .
--flip: 2 SNPs flipped.
Using 1 thread (no multithreaded calculations invoked.
Before main variant filters, 34 founders and 0 nonfounders present.
Calculating allele frequencies... done.
Total genotyping rate is 0.999349.
452 variants and 34 people pass filters and QC.
Note: No phenotypes present.
--make-bed to
pre.post.inter/23.flipped.snps.post/3.flipped.post.monomorphic.bed +
pre.post.inter/23.flipped.snps.post/3.flipped.post.monomorphic.bim +
pre.post.inter/23.flipped.snps.post/3.flipped.post.monomorphic.fam ... done.

End time: Mon Jun 26 15:35:46 2017
