PLINK v1.90b3.27 64-bit (13 Dec 2015)
Options in effect:
  --bfile pre.post.inter/17.post.merged.flipped/16.post.merge.flipped
  --bmerge pre.post.inter/15.pre.with.post.snps/16.pre.with.post.snps
  --make-bed
  --out pre.post.inter/18.remerged/16.pre.post

Hostname: atlas.hpc.ut.ee
Working directory: /ebc_data/awwohns/selection_v4
Start time: Mon Jun 26 01:37:42 2017

Random number seed: 1498430262
2068000 MB RAM detected; reserving 1034000 MB for main workspace.
34 people loaded from
pre.post.inter/17.post.merged.flipped/16.post.merge.flipped.fam.
40 people to be merged from
pre.post.inter/15.pre.with.post.snps/16.pre.with.post.snps.fam.
Of these, 6 are new, while 34 are present in the base dataset.
219 markers loaded from
pre.post.inter/17.post.merged.flipped/16.post.merge.flipped.bim.
219 markers to be merged from
pre.post.inter/15.pre.with.post.snps/16.pre.with.post.snps.bim.
Of these, 0 are new, while 219 are present in the base dataset.
Performing single-pass merge (40 people, 219 variants).
Merged fileset written to pre.post.inter/18.remerged/16.pre.post-merge.bed +
pre.post.inter/18.remerged/16.pre.post-merge.bim +
pre.post.inter/18.remerged/16.pre.post-merge.fam .
219 variants loaded from .bim file.
40 people (0 males, 0 females, 40 ambiguous) loaded from .fam.
Ambiguous sex IDs written to pre.post.inter/18.remerged/16.pre.post.nosex .
34 phenotype values loaded from .fam.
Error: When ambiguous-sex samples with phenotype data are present,
--make-bed/--make-just-fam/--recode/--write-covar usually cannot be combined
with other commands.  Split them across multiple PLINK runs, or use
--allow-no-sex/--must-have-sex.

End time: Mon Jun 26 01:37:43 2017
