PLINK v1.90b3.27 64-bit (13 Dec 2015)
Options in effect:
  --allow-no-sex
  --bfile pre.post.inter/17.post.merged.flipped/21.post.merge.flipped
  --bmerge pre.post.inter/15.pre.with.post.snps/21.pre.with.post.snps
  --make-bed
  --out pre.post.inter/18.remerged/21.pre.post

Hostname: atlas.hpc.ut.ee
Working directory: /ebc_data/awwohns/selection_v4
Start time: Tue Jul 25 20:22:31 2017

Random number seed: 1501003351
2068000 MB RAM detected; reserving 1034000 MB for main workspace.
34 people loaded from
pre.post.inter/17.post.merged.flipped/21.post.merge.flipped.fam.
40 people to be merged from
pre.post.inter/15.pre.with.post.snps/21.pre.with.post.snps.fam.
Of these, 40 are new, while 0 are present in the base dataset.
95 markers loaded from
pre.post.inter/17.post.merged.flipped/21.post.merge.flipped.bim.
95 markers to be merged from
pre.post.inter/15.pre.with.post.snps/21.pre.with.post.snps.bim.
Of these, 0 are new, while 95 are present in the base dataset.
Error: 1 variant with 3+ alleles present.
* If you believe this is due to strand inconsistency, try --flip with
  pre.post.inter/18.remerged/21.pre.post-merge.missnp.
  (Warning: if this seems to work, strand errors involving SNPs with A/T or C/G
  alleles probably remain in your data.  If LD between nearby SNPs is high,
  --flip-scan should detect them.)
* If you are dealing with genuine multiallelic variants, we recommend exporting
  that subset of the data to VCF (via e.g. '--recode vcf'), merging with
  another tool/script, and then importing the result; PLINK is not yet suited
  to handling them.

End time: Tue Jul 25 20:22:31 2017
