PLINK v1.90b3.27 64-bit (13 Dec 2015)
Options in effect:
  --bfile post.modern/9.pobi.with.anc.snps/1.pobi.with.anc.snps
  --exclude post.modern/12.remerged/1.pobi.anc-merge.missnp
  --make-bed
  --out post.modern/13.notriallelic/1.pobi.notri_tmp

Hostname: atlas.hpc.ut.ee
Working directory: /ebc_data/awwohns/selection_v4
Start time: Tue Jul 25 20:27:09 2017

Random number seed: 1501003629
2068000 MB RAM detected; reserving 1034000 MB for main workspace.
2040 variants loaded from .bim file.
204 people (104 males, 100 females) loaded from .fam.
204 phenotype values loaded from .fam.
--exclude: 2023 variants remaining.
Using 1 thread (no multithreaded calculations invoked.
Before main variant filters, 204 founders and 0 nonfounders present.
Calculating allele frequencies... done.
Total genotyping rate is 0.999668.
2023 variants and 204 people pass filters and QC.
Among remaining phenotypes, 0 are cases and 204 are controls.
--make-bed to post.modern/13.notriallelic/1.pobi.notri_tmp.bed +
post.modern/13.notriallelic/1.pobi.notri_tmp.bim +
post.modern/13.notriallelic/1.pobi.notri_tmp.fam ... done.

End time: Tue Jul 25 20:27:09 2017
