PLINK v1.90b3.27 64-bit (13 Dec 2015)
Options in effect:
  --bfile post.modern/9.pobi.with.anc.snps/10.pobi.with.anc.snps
  --exclude post.modern/12.remerged/10.pobi.anc-merge.missnp
  --make-bed
  --out post.modern/13.notriallelic/10.pobi.notri_tmp

Hostname: ebc203
Working directory: /mmg/awwohns/selection_v4
Start time: Tue Jul 25 20:22:49 2017

Random number seed: 1501003369
257661 MB RAM detected; reserving 128830 MB for main workspace.
1284 variants loaded from .bim file.
204 people (104 males, 100 females) loaded from .fam.
204 phenotype values loaded from .fam.
--exclude: 1270 variants remaining.
Using 1 thread (no multithreaded calculations invoked.
Before main variant filters, 204 founders and 0 nonfounders present.
Calculating allele frequencies... done.
Total genotyping rate is 0.999757.
1270 variants and 204 people pass filters and QC.
Among remaining phenotypes, 0 are cases and 204 are controls.
--make-bed to post.modern/13.notriallelic/10.pobi.notri_tmp.bed +
post.modern/13.notriallelic/10.pobi.notri_tmp.bim +
post.modern/13.notriallelic/10.pobi.notri_tmp.fam ... done.

End time: Tue Jul 25 20:22:49 2017
