PLINK v1.90b3.27 64-bit (13 Dec 2015)
Options in effect:
  --bfile post.modern/11.merged.flipped/11.merge.flipped
  --exclude post.modern/12.remerged/11.pobi.anc-merge.missnp
  --make-bed
  --out post.modern/13.notriallelic/11.anc.notri_tmp

Hostname: ebc226
Working directory: /mmg/awwohns/selection_v4
Start time: Mon Jun 26 17:54:34 2017

Random number seed: 1498488874
257661 MB RAM detected; reserving 128830 MB for main workspace.
4298 variants loaded from .bim file.
34 people (0 males, 0 females, 34 ambiguous) loaded from .fam.
Ambiguous sex IDs written to post.modern/13.notriallelic/11.anc.notri_tmp.nosex
.
34 phenotype values loaded from .fam.
--exclude: 4250 variants remaining.
Warning: Ignoring phenotypes of missing-sex samples.  If you don't want those
phenotypes to be ignored, use the --allow-no-sex flag.
Using 1 thread (no multithreaded calculations invoked.
Before main variant filters, 34 founders and 0 nonfounders present.
Calculating allele frequencies... done.
Total genotyping rate is 0.128021.
4250 variants and 34 people pass filters and QC.
Among remaining phenotypes, 34 are cases and 0 are controls.
--make-bed to post.modern/13.notriallelic/11.anc.notri_tmp.bed +
post.modern/13.notriallelic/11.anc.notri_tmp.bim +
post.modern/13.notriallelic/11.anc.notri_tmp.fam ... done.

End time: Mon Jun 26 17:55:15 2017
