PLINK v1.90b3.27 64-bit (13 Dec 2015)
Options in effect:
  --allow-no-sex
  --bfile post.modern/13.notriallelic/12.anc.notri_tmp
  --bmerge post.modern/13.notriallelic/12.pobi.notri_tmp
  --make-bed
  --out post.modern/13.notriallelic/12.anc.pobi.notri

Hostname: ebc226
Working directory: /mmg/awwohns/selection_v4
Start time: Tue Jun 27 17:54:41 2017

Random number seed: 1498575281
257661 MB RAM detected; reserving 128830 MB for main workspace.
34 people loaded from post.modern/13.notriallelic/12.anc.notri_tmp.fam.
101 people to be merged from post.modern/13.notriallelic/12.pobi.notri_tmp.fam.
Of these, 101 are new, while 0 are present in the base dataset.
1167 markers loaded from post.modern/13.notriallelic/12.anc.notri_tmp.bim.
1167 markers to be merged from
post.modern/13.notriallelic/12.pobi.notri_tmp.bim.
Of these, 0 are new, while 1167 are present in the base dataset.
Performing single-pass merge (135 people, 1167 variants).
Merged fileset written to
post.modern/13.notriallelic/12.anc.pobi.notri-merge.bed +
post.modern/13.notriallelic/12.anc.pobi.notri-merge.bim +
post.modern/13.notriallelic/12.anc.pobi.notri-merge.fam .
1167 variants loaded from .bim file.
135 people (49 males, 52 females, 34 ambiguous) loaded from .fam.
Ambiguous sex IDs written to
post.modern/13.notriallelic/12.anc.pobi.notri.nosex .
135 phenotype values loaded from .fam.
Using 1 thread (no multithreaded calculations invoked.
Before main variant filters, 135 founders and 0 nonfounders present.
Calculating allele frequencies... done.
Total genotyping rate is 0.786728.
1167 variants and 135 people pass filters and QC.
Among remaining phenotypes, 34 are cases and 101 are controls.
--make-bed to post.modern/13.notriallelic/12.anc.pobi.notri.bed +
post.modern/13.notriallelic/12.anc.pobi.notri.bim +
post.modern/13.notriallelic/12.anc.pobi.notri.fam ... done.

End time: Tue Jun 27 17:54:43 2017
