PLINK v1.90b3.27 64-bit (13 Dec 2015)
Options in effect:
  --bfile post.modern/9.pobi.with.anc.snps/16.pobi.with.anc.snps
  --exclude post.modern/12.remerged/16.pobi.anc-merge.missnp
  --make-bed
  --out post.modern/13.notriallelic/16.pobi.notri_tmp

Hostname: ebc217
Working directory: /mmg/awwohns/selection_v4
Start time: Mon Jun 26 16:27:34 2017

Random number seed: 1498483654
257661 MB RAM detected; reserving 128830 MB for main workspace.
11290 variants loaded from .bim file.
101 people (49 males, 52 females) loaded from .fam.
101 phenotype values loaded from .fam.
--exclude: 11272 variants remaining.
Using 1 thread (no multithreaded calculations invoked.
Before main variant filters, 101 founders and 0 nonfounders present.
Calculating allele frequencies... done.
Total genotyping rate is 0.999628.
11272 variants and 101 people pass filters and QC.
Among remaining phenotypes, 0 are cases and 101 are controls.
--make-bed to post.modern/13.notriallelic/16.pobi.notri_tmp.bed +
post.modern/13.notriallelic/16.pobi.notri_tmp.bim +
post.modern/13.notriallelic/16.pobi.notri_tmp.fam ... done.

End time: Mon Jun 26 16:28:37 2017
