PLINK v1.90b3.27 64-bit (13 Dec 2015)
Options in effect:
  --bfile post.modern/9.pobi.with.anc.snps/18.pobi.with.anc.snps
  --exclude post.modern/12.remerged/18.pobi.anc-merge.missnp
  --make-bed
  --out post.modern/13.notriallelic/18.pobi.notri_tmp

Hostname: ebc226
Working directory: /mmg/awwohns/selection_v4
Start time: Mon Jun 26 15:08:55 2017

Random number seed: 1498478935
257661 MB RAM detected; reserving 128830 MB for main workspace.
10093 variants loaded from .bim file.
101 people (49 males, 52 females) loaded from .fam.
101 phenotype values loaded from .fam.
--exclude: 10084 variants remaining.
Using 1 thread (no multithreaded calculations invoked.
Before main variant filters, 101 founders and 0 nonfounders present.
Calculating allele frequencies... done.
Total genotyping rate is 0.999565.
10084 variants and 101 people pass filters and QC.
Among remaining phenotypes, 0 are cases and 101 are controls.
--make-bed to post.modern/13.notriallelic/18.pobi.notri_tmp.bed +
post.modern/13.notriallelic/18.pobi.notri_tmp.bim +
post.modern/13.notriallelic/18.pobi.notri_tmp.fam ... done.

End time: Mon Jun 26 15:08:55 2017
