PLINK v1.90b3.27 64-bit (13 Dec 2015)
Options in effect:
  --bfile post.modern/9.pobi.with.anc.snps/2.pobi.with.anc.snps
  --exclude post.modern/12.remerged/2.pobi.anc-merge.missnp
  --make-bed
  --out post.modern/13.notriallelic/2.pobi.notri_tmp

Hostname: ebc201
Working directory: /mmg/awwohns/selection_v4
Start time: Tue Jul 25 20:25:49 2017

Random number seed: 1501003549
257661 MB RAM detected; reserving 128830 MB for main workspace.
1959 variants loaded from .bim file.
204 people (104 males, 100 females) loaded from .fam.
204 phenotype values loaded from .fam.
--exclude: 1944 variants remaining.
Using 1 thread (no multithreaded calculations invoked.
Before main variant filters, 204 founders and 0 nonfounders present.
Calculating allele frequencies... done.
Total genotyping rate is 0.999705.
1944 variants and 204 people pass filters and QC.
Among remaining phenotypes, 0 are cases and 204 are controls.
--make-bed to post.modern/13.notriallelic/2.pobi.notri_tmp.bed +
post.modern/13.notriallelic/2.pobi.notri_tmp.bim +
post.modern/13.notriallelic/2.pobi.notri_tmp.fam ... done.

End time: Tue Jul 25 20:25:49 2017
