PLINK v1.90b3.27 64-bit (13 Dec 2015)
Options in effect:
  --allow-no-sex
  --bfile post.modern/13.notriallelic/20.anc.notri_tmp
  --bmerge post.modern/13.notriallelic/20.pobi.notri_tmp
  --make-bed
  --out post.modern/13.notriallelic/20.anc.pobi.notri

Hostname: ebc215
Working directory: /mmg/awwohns/selection_v4
Start time: Tue Jun 27 17:48:21 2017

Random number seed: 1498574901
257661 MB RAM detected; reserving 128830 MB for main workspace.
34 people loaded from post.modern/13.notriallelic/20.anc.notri_tmp.fam.
101 people to be merged from post.modern/13.notriallelic/20.pobi.notri_tmp.fam.
Of these, 101 are new, while 0 are present in the base dataset.
723 markers loaded from post.modern/13.notriallelic/20.anc.notri_tmp.bim.
723 markers to be merged from
post.modern/13.notriallelic/20.pobi.notri_tmp.bim.
Of these, 0 are new, while 723 are present in the base dataset.
Performing single-pass merge (135 people, 723 variants).
Merged fileset written to
post.modern/13.notriallelic/20.anc.pobi.notri-merge.bed +
post.modern/13.notriallelic/20.anc.pobi.notri-merge.bim +
post.modern/13.notriallelic/20.anc.pobi.notri-merge.fam .
723 variants loaded from .bim file.
135 people (49 males, 52 females, 34 ambiguous) loaded from .fam.
Ambiguous sex IDs written to
post.modern/13.notriallelic/20.anc.pobi.notri.nosex .
135 phenotype values loaded from .fam.
Using 1 thread (no multithreaded calculations invoked.
Before main variant filters, 135 founders and 0 nonfounders present.
Calculating allele frequencies... done.
Total genotyping rate is 0.786958.
723 variants and 135 people pass filters and QC.
Among remaining phenotypes, 34 are cases and 101 are controls.
--make-bed to post.modern/13.notriallelic/20.anc.pobi.notri.bed +
post.modern/13.notriallelic/20.anc.pobi.notri.bim +
post.modern/13.notriallelic/20.anc.pobi.notri.fam ... done.

End time: Tue Jun 27 17:48:21 2017
