PLINK v1.90b3.27 64-bit (13 Dec 2015)
Options in effect:
  --allow-no-sex
  --bfile post.modern/13.notriallelic/6.anc.notri_tmp
  --bmerge post.modern/13.notriallelic/6.pobi.notri_tmp
  --make-bed
  --out post.modern/13.notriallelic/6.anc.pobi.notri

Hostname: ebc229
Working directory: /mmg/awwohns/selection_v4
Start time: Mon Jun 26 17:51:37 2017

Random number seed: 1498488697
257661 MB RAM detected; reserving 128830 MB for main workspace.
34 people loaded from post.modern/13.notriallelic/6.anc.notri_tmp.fam.
101 people to be merged from post.modern/13.notriallelic/6.pobi.notri_tmp.fam.
Of these, 101 are new, while 0 are present in the base dataset.
Warning: Multiple positions seen for variant 'rs3819299'.
Warning: Multiple positions seen for variant 'rs12528645'.
Warning: Multiple positions seen for variant 'rs241447'.
Warning: Multiple positions seen for variant 'rs4148876'.
Warning: Multiple positions seen for variant 'rs1135216'.
Warning: Multiple positions seen for variant 'rs2127679'.
Warning: Multiple positions seen for variant 'rs1063478'.
Warning: Multiple positions seen for variant 'rs375256'.
Warning: Multiple positions seen for variant 'rs364950'.
Warning: Multiple positions seen for variant 'rs1042190'.
Warning: Multiple positions seen for variant 'rs4714901'.
5694 markers loaded from post.modern/13.notriallelic/6.anc.notri_tmp.bim.
5694 markers to be merged from
post.modern/13.notriallelic/6.pobi.notri_tmp.bim.
Of these, 0 are new, while 5694 are present in the base dataset.
Performing single-pass merge (135 people, 5694 variants).
Merged fileset written to
post.modern/13.notriallelic/6.anc.pobi.notri-merge.bed +
post.modern/13.notriallelic/6.anc.pobi.notri-merge.bim +
post.modern/13.notriallelic/6.anc.pobi.notri-merge.fam .
5694 variants loaded from .bim file.
135 people (49 males, 52 females, 34 ambiguous) loaded from .fam.
Ambiguous sex IDs written to post.modern/13.notriallelic/6.anc.pobi.notri.nosex
.
135 phenotype values loaded from .fam.
Using 1 thread (no multithreaded calculations invoked.
Before main variant filters, 135 founders and 0 nonfounders present.
Calculating allele frequencies... done.
Total genotyping rate is 0.779708.
5694 variants and 135 people pass filters and QC.
Among remaining phenotypes, 34 are cases and 101 are controls.
--make-bed to post.modern/13.notriallelic/6.anc.pobi.notri.bed +
post.modern/13.notriallelic/6.anc.pobi.notri.bim +
post.modern/13.notriallelic/6.anc.pobi.notri.fam ... done.

End time: Mon Jun 26 17:52:15 2017
