PLINK v1.90b3.27 64-bit (13 Dec 2015)
Options in effect:
  --allow-no-sex
  --bfile post.modern/13.notriallelic/7.anc.notri_tmp
  --bmerge post.modern/13.notriallelic/7.pobi.notri_tmp
  --make-bed
  --out post.modern/13.notriallelic/7.anc.pobi.notri

Hostname: ebc202
Working directory: /mmg/awwohns/selection_v4
Start time: Tue Jul 25 20:23:27 2017

Random number seed: 1501003407
257661 MB RAM detected; reserving 128830 MB for main workspace.
34 people loaded from post.modern/13.notriallelic/7.anc.notri_tmp.fam.
204 people to be merged from post.modern/13.notriallelic/7.pobi.notri_tmp.fam.
Of these, 204 are new, while 0 are present in the base dataset.
1221 markers loaded from post.modern/13.notriallelic/7.anc.notri_tmp.bim.
1221 markers to be merged from
post.modern/13.notriallelic/7.pobi.notri_tmp.bim.
Of these, 0 are new, while 1221 are present in the base dataset.
Performing single-pass merge (238 people, 1221 variants).
Merged fileset written to
post.modern/13.notriallelic/7.anc.pobi.notri-merge.bed +
post.modern/13.notriallelic/7.anc.pobi.notri-merge.bim +
post.modern/13.notriallelic/7.anc.pobi.notri-merge.fam .
1221 variants loaded from .bim file.
238 people (104 males, 100 females, 34 ambiguous) loaded from .fam.
Ambiguous sex IDs written to post.modern/13.notriallelic/7.anc.pobi.notri.nosex
.
238 phenotype values loaded from .fam.
Using 1 thread (no multithreaded calculations invoked.
Before main variant filters, 238 founders and 0 nonfounders present.
Calculating allele frequencies... done.
Total genotyping rate is 0.878946.
1221 variants and 238 people pass filters and QC.
Among remaining phenotypes, 34 are cases and 204 are controls.
--make-bed to post.modern/13.notriallelic/7.anc.pobi.notri.bed +
post.modern/13.notriallelic/7.anc.pobi.notri.bim +
post.modern/13.notriallelic/7.anc.pobi.notri.fam ... done.

End time: Tue Jul 25 20:23:28 2017
