PLINK v1.90b3.27 64-bit (13 Dec 2015)
Options in effect:
  --file pre.modern/4.ped/1_ped
  --make-bed
  --out pre.modern/5.add.rsid/1.with.rsid
  --update-map references/pobi.snps.by.chr/1.se.pobi.bim.txt
  --update-name

Hostname: ebc226
Working directory: /mmg/awwohns/selection_v4
Start time: Sun May 21 20:15:05 2017

Note: --update-map [filename] + parameter-free --update-name deprecated.  Use
--update-name [filename] instead.
Random number seed: 1495386905
257661 MB RAM detected; reserving 128830 MB for main workspace.
Scanning .ped file... done.
Performing single-pass .bed write (31184 variants, 44 people).
--file: pre.modern/5.add.rsid/1.with.rsid-temporary.bed +
pre.modern/5.add.rsid/1.with.rsid-temporary.bim +
pre.modern/5.add.rsid/1.with.rsid-temporary.fam written.
31184 variants loaded from .bim file.
44 people (0 males, 0 females, 44 ambiguous) loaded from .fam.
Ambiguous sex IDs written to pre.modern/5.add.rsid/1.with.rsid.nosex .
--update-name: 31184 values updated, 37714 variant IDs not present.
Using 1 thread (no multithreaded calculations invoked.
Before main variant filters, 44 founders and 0 nonfounders present.
Calculating allele frequencies... done.
Total genotyping rate is 0.139148.
31184 variants and 44 people pass filters and QC.
Note: No phenotypes present.
--make-bed to pre.modern/5.add.rsid/1.with.rsid.bed +
pre.modern/5.add.rsid/1.with.rsid.bim + pre.modern/5.add.rsid/1.with.rsid.fam
... done.

End time: Sun May 21 20:15:06 2017
