PLINK v1.90b3.27 64-bit (13 Dec 2015)
Options in effect:
  --file pre.modern/4.ped/10_ped
  --make-bed
  --out pre.modern/5.add.rsid/10.with.rsid
  --update-map references/pobi.snps.by.chr/10.se.pobi.updated.bim.txt.fixed
  --update-name

Hostname: ebc226
Working directory: /mmg/awwohns/selection_v4
Start time: Sun Jul 23 06:48:31 2017

Note: --update-map [filename] + parameter-free --update-name deprecated.  Use
--update-name [filename] instead.
Random number seed: 1500781711
257661 MB RAM detected; reserving 128830 MB for main workspace.
Scanning .ped file... done.
Performing single-pass .bed write (40795 variants, 40 people).
--file: pre.modern/5.add.rsid/10.with.rsid-temporary.bed +
pre.modern/5.add.rsid/10.with.rsid-temporary.bim +
pre.modern/5.add.rsid/10.with.rsid-temporary.fam written.
40795 variants loaded from .bim file.
40 people (0 males, 0 females, 40 ambiguous) loaded from .fam.
Ambiguous sex IDs written to pre.modern/5.add.rsid/10.with.rsid.nosex .
Error: Duplicate variant ID '10_17863037' in --update-name file.

End time: Sun Jul 23 06:48:32 2017
