PLINK v1.90b3.27 64-bit (13 Dec 2015)
Options in effect:
  --file pre.modern/4.ped/11_ped
  --make-bed
  --out pre.modern/5.add.rsid/11.with.rsid
  --update-map references/pobi.snps.by.chr/11.se.pobi.updated.bim.txt.fixed
  --update-name

Hostname: ebc227
Working directory: /mmg/awwohns/selection_v4
Start time: Sun Jul 23 06:48:02 2017

Note: --update-map [filename] + parameter-free --update-name deprecated.  Use
--update-name [filename] instead.
Random number seed: 1500781682
257661 MB RAM detected; reserving 128830 MB for main workspace.
Scanning .ped file... done.
Performing single-pass .bed write (39170 variants, 40 people).
--file: pre.modern/5.add.rsid/11.with.rsid-temporary.bed +
pre.modern/5.add.rsid/11.with.rsid-temporary.bim +
pre.modern/5.add.rsid/11.with.rsid-temporary.fam written.
39170 variants loaded from .bim file.
40 people (0 males, 0 females, 40 ambiguous) loaded from .fam.
Ambiguous sex IDs written to pre.modern/5.add.rsid/11.with.rsid.nosex .
--update-name: 38905 values updated, 2451 variant IDs not present.
Using 1 thread (no multithreaded calculations invoked.
Before main variant filters, 40 founders and 0 nonfounders present.
Calculating allele frequencies... done.
Total genotyping rate is 0.0754806.
39170 variants and 40 people pass filters and QC.
Note: No phenotypes present.
--make-bed to pre.modern/5.add.rsid/11.with.rsid.bed +
pre.modern/5.add.rsid/11.with.rsid.bim + pre.modern/5.add.rsid/11.with.rsid.fam
... done.

End time: Sun Jul 23 06:48:02 2017
