PLINK v1.90b3.27 64-bit (13 Dec 2015)
Options in effect:
  --file pre.modern/4.ped/12_ped
  --make-bed
  --out pre.modern/5.add.rsid/12.with.rsid
  --update-map references/pobi.snps.by.chr/12.se.pobi.updated.bim.txt
  --update-name

Hostname: atlas.hpc.ut.ee
Working directory: /ebc_data/awwohns/selection_v4
Start time: Sat Jun 24 21:32:36 2017

Note: --update-map [filename] + parameter-free --update-name deprecated.  Use
--update-name [filename] instead.
Random number seed: 1498329156
2068000 MB RAM detected; reserving 1034000 MB for main workspace.
Scanning .ped file... done.
Performing single-pass .bed write (39152 variants, 44 people).
--file: pre.modern/5.add.rsid/12.with.rsid-temporary.bed +
pre.modern/5.add.rsid/12.with.rsid-temporary.bim +
pre.modern/5.add.rsid/12.with.rsid-temporary.fam written.
39152 variants loaded from .bim file.
44 people (0 males, 0 females, 44 ambiguous) loaded from .fam.
Ambiguous sex IDs written to pre.modern/5.add.rsid/12.with.rsid.nosex .
--update-name: 39152 values updated, 2435 variant IDs not present.
Using 1 thread (no multithreaded calculations invoked.
Before main variant filters, 44 founders and 0 nonfounders present.
Calculating allele frequencies... done.
Total genotyping rate is 0.103853.
39152 variants and 44 people pass filters and QC.
Note: No phenotypes present.
--make-bed to pre.modern/5.add.rsid/12.with.rsid.bed +
pre.modern/5.add.rsid/12.with.rsid.bim + pre.modern/5.add.rsid/12.with.rsid.fam
... done.

End time: Sat Jun 24 21:32:37 2017
