PLINK v1.90b3.27 64-bit (13 Dec 2015)
Options in effect:
  --file pre.modern/4.ped/17_ped
  --make-bed
  --out pre.modern/5.add.rsid/17.with.rsid
  --update-map references/pobi.snps.by.chr/17.se.pobi.updated.bim.txt
  --update-name

Hostname: ebc202
Working directory: /mmg/awwohns/selection_v4
Start time: Mon May 29 01:10:20 2017

Note: --update-map [filename] + parameter-free --update-name deprecated.  Use
--update-name [filename] instead.
Random number seed: 1496009420
257661 MB RAM detected; reserving 128830 MB for main workspace.
Scanning .ped file... done.
Performing single-pass .bed write (23084 variants, 44 people).
--file: pre.modern/5.add.rsid/17.with.rsid-temporary.bed +
pre.modern/5.add.rsid/17.with.rsid-temporary.bim +
pre.modern/5.add.rsid/17.with.rsid-temporary.fam written.
23084 variants loaded from .bim file.
44 people (0 males, 0 females, 44 ambiguous) loaded from .fam.
Ambiguous sex IDs written to pre.modern/5.add.rsid/17.with.rsid.nosex .
--update-name: 23084 values updated, 1162 variant IDs not present.
Using 1 thread (no multithreaded calculations invoked.
Before main variant filters, 44 founders and 0 nonfounders present.
Calculating allele frequencies... done.
Total genotyping rate is 0.108996.
23084 variants and 44 people pass filters and QC.
Note: No phenotypes present.
--make-bed to pre.modern/5.add.rsid/17.with.rsid.bed +
pre.modern/5.add.rsid/17.with.rsid.bim + pre.modern/5.add.rsid/17.with.rsid.fam
... done.

End time: Mon May 29 01:10:20 2017
