PLINK v1.90b3.27 64-bit (13 Dec 2015)
Options in effect:
  --file pre.modern/4.ped/18_ped
  --make-bed
  --out pre.modern/5.add.rsid/18.with.rsid
  --update-map references/pobi.snps.by.chr/18.se.pobi.updated.bim.txt.fixed
  --update-name

Hostname: atlas.hpc.ut.ee
Working directory: /ebc_data/awwohns/selection_v4
Start time: Wed Jul 19 10:35:56 2017

Note: --update-map [filename] + parameter-free --update-name deprecated.  Use
--update-name [filename] instead.
Random number seed: 1500449756
2068000 MB RAM detected; reserving 1034000 MB for main workspace.
Scanning .ped file... done.
Performing single-pass .bed write (535 variants, 40 people).
--file: pre.modern/5.add.rsid/18.with.rsid-temporary.bed +
pre.modern/5.add.rsid/18.with.rsid-temporary.bim +
pre.modern/5.add.rsid/18.with.rsid-temporary.fam written.
535 variants loaded from .bim file.
40 people (0 males, 0 females, 40 ambiguous) loaded from .fam.
Ambiguous sex IDs written to pre.modern/5.add.rsid/18.with.rsid.nosex .
--update-name: 533 values updated, 23746 variant IDs not present.
Using 1 thread (no multithreaded calculations invoked.
Before main variant filters, 40 founders and 0 nonfounders present.
Calculating allele frequencies... done.
Total genotyping rate is 0.185187.
535 variants and 40 people pass filters and QC.
Note: No phenotypes present.
--make-bed to pre.modern/5.add.rsid/18.with.rsid.bed +
pre.modern/5.add.rsid/18.with.rsid.bim + pre.modern/5.add.rsid/18.with.rsid.fam
... done.

End time: Wed Jul 19 10:35:56 2017
