PLINK v1.90b3.27 64-bit (13 Dec 2015)
Options in effect:
  --file pre.modern/4.ped/22_ped
  --make-bed
  --out pre.modern/5.add.rsid/22.with.rsid
  --update-map references/pobi.snps.by.chr/22.se.pobi.bim.txt
  --update-name

Hostname: ebc208.hpc.ut.ee
Working directory: /mmg/awwohns/selection_v4
Start time: Sat May 20 23:37:02 2017

Note: --update-map [filename] + parameter-free --update-name deprecated.  Use
--update-name [filename] instead.
Random number seed: 1495312622
257661 MB RAM detected; reserving 128830 MB for main workspace.
Scanning .ped file... done.
Performing single-pass .bed write (6848 variants, 44 people).
--file: pre.modern/5.add.rsid/22.with.rsid-temporary.bed +
pre.modern/5.add.rsid/22.with.rsid-temporary.bim +
pre.modern/5.add.rsid/22.with.rsid-temporary.fam written.
6848 variants loaded from .bim file.
44 people (0 males, 0 females, 44 ambiguous) loaded from .fam.
Ambiguous sex IDs written to pre.modern/5.add.rsid/22.with.rsid.nosex .
--update-name: 6848 values updated, 6177 variant IDs not present.
Using 1 thread (no multithreaded calculations invoked.
Before main variant filters, 44 founders and 0 nonfounders present.
Calculating allele frequencies... done.
Total genotyping rate is 0.142696.
6848 variants and 44 people pass filters and QC.
Note: No phenotypes present.
--make-bed to pre.modern/5.add.rsid/22.with.rsid.bed +
pre.modern/5.add.rsid/22.with.rsid.bim + pre.modern/5.add.rsid/22.with.rsid.fam
... done.

End time: Sat May 20 23:37:02 2017
