PLINK v1.90b3.27 64-bit (13 Dec 2015)
Options in effect:
  --file pre.modern/4.ped/3_ped
  --make-bed
  --out pre.modern/5.add.rsid/3.with.rsid
  --update-map references/pobi.snps.by.chr/3.se.pobi.updated.bim.txt
  --update-name

Hostname: ebc229
Working directory: /mmg/awwohns/selection_v4
Start time: Tue Jun 27 14:53:15 2017

Note: --update-map [filename] + parameter-free --update-name deprecated.  Use
--update-name [filename] instead.
Random number seed: 1498564395
257661 MB RAM detected; reserving 128830 MB for main workspace.
Scanning .ped file... done.
Performing single-pass .bed write (53582 variants, 40 people).
--file: pre.modern/5.add.rsid/3.with.rsid-temporary.bed +
pre.modern/5.add.rsid/3.with.rsid-temporary.bim +
pre.modern/5.add.rsid/3.with.rsid-temporary.fam written.
53582 variants loaded from .bim file.
40 people (0 males, 0 females, 40 ambiguous) loaded from .fam.
Ambiguous sex IDs written to pre.modern/5.add.rsid/3.with.rsid.nosex .
--update-name: 53582 values updated, 3496 variant IDs not present.
Using 1 thread (no multithreaded calculations invoked.
Before main variant filters, 40 founders and 0 nonfounders present.
Calculating allele frequencies... done.
Total genotyping rate is 0.0737001.
53582 variants and 40 people pass filters and QC.
Note: No phenotypes present.
--make-bed to pre.modern/5.add.rsid/3.with.rsid.bed +
pre.modern/5.add.rsid/3.with.rsid.bim + pre.modern/5.add.rsid/3.with.rsid.fam
... done.

End time: Tue Jun 27 14:54:49 2017
