PLINK v1.90b3.27 64-bit (13 Dec 2015)
Options in effect:
  --file pre.modern/4.ped/9_ped
  --make-bed
  --out pre.modern/5.add.rsid/9.with.rsid
  --update-map references/pobi.snps.by.chr/9.se.pobi.updated.bim.txt.fixed
  --update-name

Hostname: ebc227
Working directory: /mmg/awwohns/selection_v4
Start time: Tue Jul 18 11:53:34 2017

Note: --update-map [filename] + parameter-free --update-name deprecated.  Use
--update-name [filename] instead.
Random number seed: 1500368014
257661 MB RAM detected; reserving 128830 MB for main workspace.
Scanning .ped file... done.
Performing single-pass .bed write (912 variants, 40 people).
--file: pre.modern/5.add.rsid/9.with.rsid-temporary.bed +
pre.modern/5.add.rsid/9.with.rsid-temporary.bim +
pre.modern/5.add.rsid/9.with.rsid-temporary.fam written.
912 variants loaded from .bim file.
40 people (0 males, 0 females, 40 ambiguous) loaded from .fam.
Ambiguous sex IDs written to pre.modern/5.add.rsid/9.with.rsid.nosex .
--update-name: 899 values updated, 36859 variant IDs not present.
Using 1 thread (no multithreaded calculations invoked.
Before main variant filters, 40 founders and 0 nonfounders present.
Calculating allele frequencies... done.
Total genotyping rate is 0.185691.
912 variants and 40 people pass filters and QC.
Note: No phenotypes present.
--make-bed to pre.modern/5.add.rsid/9.with.rsid.bed +
pre.modern/5.add.rsid/9.with.rsid.bim + pre.modern/5.add.rsid/9.with.rsid.fam
... done.

End time: Tue Jul 18 11:55:50 2017
