PLINK v1.90b3.27 64-bit (13 Dec 2015)
Options in effect:
  --allow-no-sex
  --bfile post.modern/11.merged.flipped/11.merge.flipped
  --bmerge post.modern/9.pobi.with.anc.snps/11.pobi.with.anc.snps
  --make-bed
  --out post.modern/12.remerged/11.pobi.anc

Hostname: ebc203
Working directory: /mmg/awwohns/selection_v4
Start time: Tue Jul 25 20:22:48 2017

Random number seed: 1501003368
257661 MB RAM detected; reserving 128830 MB for main workspace.
34 people loaded from post.modern/11.merged.flipped/11.merge.flipped.fam.
204 people to be merged from
post.modern/9.pobi.with.anc.snps/11.pobi.with.anc.snps.fam.
Of these, 204 are new, while 0 are present in the base dataset.
1 marker loaded from post.modern/11.merged.flipped/11.merge.flipped.bim.
1 marker to be merged from
post.modern/9.pobi.with.anc.snps/11.pobi.with.anc.snps.bim.
Of these, 0 are new, while 1 is present in the base dataset.
Performing single-pass merge (238 people, 1 variant).
Merged fileset written to post.modern/12.remerged/11.pobi.anc-merge.bed +
post.modern/12.remerged/11.pobi.anc-merge.bim +
post.modern/12.remerged/11.pobi.anc-merge.fam .
1 variant loaded from .bim file.
238 people (104 males, 100 females, 34 ambiguous) loaded from .fam.
Ambiguous sex IDs written to post.modern/12.remerged/11.pobi.anc.nosex .
238 phenotype values loaded from .fam.
Using 1 thread (no multithreaded calculations invoked.
Before main variant filters, 238 founders and 0 nonfounders present.
Calculating allele frequencies... done.
Total genotyping rate is 0.89916.
1 variant and 238 people pass filters and QC.
Among remaining phenotypes, 34 are cases and 204 are controls.
--make-bed to post.modern/12.remerged/11.pobi.anc.bed +
post.modern/12.remerged/11.pobi.anc.bim +
post.modern/12.remerged/11.pobi.anc.fam ... done.

End time: Tue Jul 25 20:22:49 2017
