PLINK v1.90b3.27 64-bit (13 Dec 2015)
Options in effect:
  --bfile pre.modern/5.add.rsid/14.with.rsid
  --extract references/pobi.snps/14.se.pobi.bim.snps.only.txt
  --make-bed
  --out pre.modern/6.intersect/14.intersected.anc.pobi

Hostname: atlas.hpc.ut.ee
Working directory: /ebc_data/awwohns/selection_v4
Start time: Sat Jun 24 21:37:06 2017

Random number seed: 1498329426
2068000 MB RAM detected; reserving 1034000 MB for main workspace.
25884 variants loaded from .bim file.
44 people (0 males, 0 females, 44 ambiguous) loaded from .fam.
Ambiguous sex IDs written to
pre.modern/6.intersect/14.intersected.anc.pobi.nosex .
--extract: 25884 variants remaining.
Using 1 thread (no multithreaded calculations invoked.
Before main variant filters, 44 founders and 0 nonfounders present.
Calculating allele frequencies... done.
Total genotyping rate is 0.103604.
25884 variants and 44 people pass filters and QC.
Note: No phenotypes present.
--make-bed to pre.modern/6.intersect/14.intersected.anc.pobi.bed +
pre.modern/6.intersect/14.intersected.anc.pobi.bim +
pre.modern/6.intersect/14.intersected.anc.pobi.fam ... done.

End time: Sat Jun 24 21:37:07 2017
