PLINK v1.90b3.27 64-bit (13 Dec 2015)
Options in effect:
  --bfile pre.modern/5.add.rsid/17.with.rsid
  --extract references/pobi.snps/17.se.pobi.bim.snps.only.txt
  --make-bed
  --out pre.modern/6.intersect/17.intersected.anc.pobi

Hostname: atlas.hpc.ut.ee
Working directory: /ebc_data/awwohns/selection_v4
Start time: Sat Jun 24 22:14:20 2017

Random number seed: 1498331660
2068000 MB RAM detected; reserving 1034000 MB for main workspace.
23084 variants loaded from .bim file.
44 people (0 males, 0 females, 44 ambiguous) loaded from .fam.
Ambiguous sex IDs written to
pre.modern/6.intersect/17.intersected.anc.pobi.nosex .
--extract: 23084 variants remaining.
Using 1 thread (no multithreaded calculations invoked.
Before main variant filters, 44 founders and 0 nonfounders present.
Calculating allele frequencies... done.
Total genotyping rate is 0.108996.
23084 variants and 44 people pass filters and QC.
Note: No phenotypes present.
--make-bed to pre.modern/6.intersect/17.intersected.anc.pobi.bed +
pre.modern/6.intersect/17.intersected.anc.pobi.bim +
pre.modern/6.intersect/17.intersected.anc.pobi.fam ... done.

End time: Sat Jun 24 22:14:20 2017
