PLINK v1.90b3.27 64-bit (13 Dec 2015)
Options in effect:
  --bfile pre.modern/5.add.rsid/22.with.rsid
  --extract references/pobi.snps/22.se.pobi.bim.snps.only.txt
  --make-bed
  --out pre.modern/6.intersect/22.intersected.anc.pobi

Hostname: ebc210
Working directory: /mmg/awwohns/selection_v4
Start time: Wed Jul 19 10:33:05 2017

Random number seed: 1500449585
257661 MB RAM detected; reserving 128830 MB for main workspace.
15 variants loaded from .bim file.
40 people (0 males, 0 females, 40 ambiguous) loaded from .fam.
Ambiguous sex IDs written to
pre.modern/6.intersect/22.intersected.anc.pobi.nosex .
--extract: 15 variants remaining.
Using 1 thread (no multithreaded calculations invoked.
Before main variant filters, 40 founders and 0 nonfounders present.
Calculating allele frequencies... done.
Total genotyping rate is 0.253333.
15 variants and 40 people pass filters and QC.
Note: No phenotypes present.
--make-bed to pre.modern/6.intersect/22.intersected.anc.pobi.bed +
pre.modern/6.intersect/22.intersected.anc.pobi.bim +
pre.modern/6.intersect/22.intersected.anc.pobi.fam ... done.

End time: Wed Jul 19 10:33:05 2017
