PLINK v1.90b3.27 64-bit (13 Dec 2015)
Options in effect:
  --bfile pre.modern/5.add.rsid/9.with.rsid
  --extract references/pobi.snps/9.se.pobi.bim.snps.only.txt
  --make-bed
  --out pre.modern/6.intersect/9.intersected.anc.pobi

Hostname: ebc229
Working directory: /mmg/awwohns/selection_v4
Start time: Sun May 21 20:07:47 2017

Random number seed: 1495386467
257661 MB RAM detected; reserving 128830 MB for main workspace.
17046 variants loaded from .bim file.
44 people (0 males, 0 females, 44 ambiguous) loaded from .fam.
Ambiguous sex IDs written to
pre.modern/6.intersect/9.intersected.anc.pobi.nosex .
--extract: 17046 variants remaining.
Using 1 thread (no multithreaded calculations invoked.
Before main variant filters, 44 founders and 0 nonfounders present.
Calculating allele frequencies... done.
Total genotyping rate is 0.139174.
17046 variants and 44 people pass filters and QC.
Note: No phenotypes present.
--make-bed to pre.modern/6.intersect/9.intersected.anc.pobi.bed +
pre.modern/6.intersect/9.intersected.anc.pobi.bim +
pre.modern/6.intersect/9.intersected.anc.pobi.fam ... done.

End time: Sun May 21 20:07:47 2017
