PLINK v1.90b3.27 64-bit (13 Dec 2015)
Options in effect:
  --bfile pre.modern/9.pobi.with.anc.snps/1.pobi.with.anc.snps
  --exclude pre.modern/12.remerged/1.pobi.anc-merge.missnp
  --make-bed
  --out pre.modern/13.notriallelic/1.pobi.notri_tmp

Hostname: atlas.hpc.ut.ee
Working directory: /ebc_data/awwohns/selection_v4
Start time: Sat Jun 24 20:53:55 2017

Random number seed: 1498326835
2068000 MB RAM detected; reserving 1034000 MB for main workspace.
65020 variants loaded from .bim file.
101 people (49 males, 52 females) loaded from .fam.
101 phenotype values loaded from .fam.
--exclude: 64506 variants remaining.
Using 1 thread (no multithreaded calculations invoked.
Before main variant filters, 101 founders and 0 nonfounders present.
Calculating allele frequencies... done.
Total genotyping rate is 0.999592.
64506 variants and 101 people pass filters and QC.
Among remaining phenotypes, 0 are cases and 101 are controls.
--make-bed to pre.modern/13.notriallelic/1.pobi.notri_tmp.bed +
pre.modern/13.notriallelic/1.pobi.notri_tmp.bim +
pre.modern/13.notriallelic/1.pobi.notri_tmp.fam ... done.

End time: Sat Jun 24 20:53:56 2017
