PLINK v1.90b3.27 64-bit (13 Dec 2015)
Options in effect:
  --bfile pre.modern/9.pobi.with.anc.snps/16.pobi.with.anc.snps
  --exclude pre.modern/12.remerged/16.pobi.anc-merge.missnp
  --make-bed
  --out pre.modern/13.notriallelic/16.pobi.notri_tmp

Hostname: atlas.hpc.ut.ee
Working directory: /ebc_data/awwohns/selection_v4
Start time: Sat Jun 24 22:14:23 2017

Random number seed: 1498331663
2068000 MB RAM detected; reserving 1034000 MB for main workspace.
25056 variants loaded from .bim file.
101 people (49 males, 52 females) loaded from .fam.
101 phenotype values loaded from .fam.
--exclude: 24835 variants remaining.
Using 1 thread (no multithreaded calculations invoked.
Before main variant filters, 101 founders and 0 nonfounders present.
Calculating allele frequencies... done.
Total genotyping rate is 0.999684.
24835 variants and 101 people pass filters and QC.
Among remaining phenotypes, 0 are cases and 101 are controls.
--make-bed to pre.modern/13.notriallelic/16.pobi.notri_tmp.bed +
pre.modern/13.notriallelic/16.pobi.notri_tmp.bim +
pre.modern/13.notriallelic/16.pobi.notri_tmp.fam ... done.

End time: Sat Jun 24 22:14:23 2017
