PLINK v1.90b3.27 64-bit (13 Dec 2015)
Options in effect:
  --bfile pre.modern/9.pobi.with.anc.snps/20.pobi.with.anc.snps
  --exclude pre.modern/12.remerged/20.pobi.anc-merge.missnp
  --make-bed
  --out pre.modern/13.notriallelic/20.pobi.notri_tmp

Hostname: ebc217
Working directory: /mmg/awwohns/selection_v4
Start time: Sat Jun 24 22:56:13 2017

Random number seed: 1498334173
257661 MB RAM detected; reserving 128830 MB for main workspace.
20242 variants loaded from .bim file.
101 people (49 males, 52 females) loaded from .fam.
101 phenotype values loaded from .fam.
--exclude: 20088 variants remaining.
Using 1 thread (no multithreaded calculations invoked.
Before main variant filters, 101 founders and 0 nonfounders present.
Calculating allele frequencies... done.
Total genotyping rate is 0.999547.
20088 variants and 101 people pass filters and QC.
Among remaining phenotypes, 0 are cases and 101 are controls.
--make-bed to pre.modern/13.notriallelic/20.pobi.notri_tmp.bed +
pre.modern/13.notriallelic/20.pobi.notri_tmp.bim +
pre.modern/13.notriallelic/20.pobi.notri_tmp.fam ... done.

End time: Sat Jun 24 22:56:14 2017
