PLINK v1.90b3.27 64-bit (13 Dec 2015)
Options in effect:
  --bfile pre.post.inter/10.post.add.rsid/3.post.with.rsid
  --extract pre.post.inter/11.pre.snps/3.pre.snps.txt
  --make-bed
  --out pre.post.inter/12.post.intersected.with.pre/3.post.intersected

Hostname: ebc230
Working directory: /mmg/awwohns/selection_v4
Start time: Mon Jun 26 16:48:53 2017

Random number seed: 1498484933
257661 MB RAM detected; reserving 128830 MB for main workspace.
5762 variants loaded from .bim file.
34 people (0 males, 0 females, 34 ambiguous) loaded from .fam.
Ambiguous sex IDs written to
pre.post.inter/12.post.intersected.with.pre/3.post.intersected.nosex .
--extract: 1145 variants remaining.
Using 1 thread (no multithreaded calculations invoked.
Before main variant filters, 34 founders and 0 nonfounders present.
Calculating allele frequencies... done.
Total genotyping rate is 0.129078.
1145 variants and 34 people pass filters and QC.
Note: No phenotypes present.
--make-bed to
pre.post.inter/12.post.intersected.with.pre/3.post.intersected.bed +
pre.post.inter/12.post.intersected.with.pre/3.post.intersected.bim +
pre.post.inter/12.post.intersected.with.pre/3.post.intersected.fam ... done.

End time: Mon Jun 26 16:48:53 2017
