PLINK v1.90b3.27 64-bit (13 Dec 2015)
Options in effect:
  --bfile pre.post.inter/10.post.add.rsid/9.post.with.rsid
  --extract pre.post.inter/11.pre.snps/9.pre.snps.txt
  --make-bed
  --out pre.post.inter/12.post.intersected.with.pre/9.post.intersected

Hostname: ebc212
Working directory: /mmg/awwohns/selection_v4
Start time: Tue Jun 27 13:17:54 2017

Random number seed: 1498558674
257661 MB RAM detected; reserving 128830 MB for main workspace.
4021 variants loaded from .bim file.
34 people (0 males, 0 females, 34 ambiguous) loaded from .fam.
Ambiguous sex IDs written to
pre.post.inter/12.post.intersected.with.pre/9.post.intersected.nosex .
--extract: 871 variants remaining.
Using 1 thread (no multithreaded calculations invoked.
Before main variant filters, 34 founders and 0 nonfounders present.
Calculating allele frequencies... done.
Total genotyping rate is 0.129466.
871 variants and 34 people pass filters and QC.
Note: No phenotypes present.
--make-bed to
pre.post.inter/12.post.intersected.with.pre/9.post.intersected.bed +
pre.post.inter/12.post.intersected.with.pre/9.post.intersected.bim +
pre.post.inter/12.post.intersected.with.pre/9.post.intersected.fam ... done.

End time: Tue Jun 27 13:17:55 2017
