PLINK v1.90b3.27 64-bit (13 Dec 2015)
Options in effect:
  --bfile pre.post.inter/23.flipped.snps.post/16.flipped.post.monomorphic
  --exclude /ebc_data/awwohns/selection_v4/references/ambiguous.snps.pre.post.inter/16ambiguous.snps.txt
  --make-bed
  --out pre.post.inter/25.ambiguous.removed/16.post.ambiguous.removed

Hostname: ebc201
Working directory: /mmg/awwohns/selection_v4
Start time: Tue Jun 27 14:21:14 2017

Random number seed: 1498562474
257661 MB RAM detected; reserving 128830 MB for main workspace.
794 variants loaded from .bim file.
34 people (0 males, 0 females, 34 ambiguous) loaded from .fam.
Ambiguous sex IDs written to
pre.post.inter/25.ambiguous.removed/16.post.ambiguous.removed.nosex .
34 phenotype values loaded from .fam.
--exclude: 775 variants remaining.
Warning: Ignoring phenotypes of missing-sex samples.  If you don't want those
phenotypes to be ignored, use the --allow-no-sex flag.
Using 1 thread (no multithreaded calculations invoked.
Before main variant filters, 34 founders and 0 nonfounders present.
Calculating allele frequencies... done.
Total genotyping rate is 0.130816.
775 variants and 34 people pass filters and QC.
Among remaining phenotypes, 34 are cases and 0 are controls.
--make-bed to pre.post.inter/25.ambiguous.removed/16.post.ambiguous.removed.bed
+ pre.post.inter/25.ambiguous.removed/16.post.ambiguous.removed.bim +
pre.post.inter/25.ambiguous.removed/16.post.ambiguous.removed.fam ... done.

End time: Tue Jun 27 14:21:15 2017
