PLINK v1.90b3.27 64-bit (13 Dec 2015)
Options in effect:
  --allow-no-sex
  --bfile pre.post.inter/13.post.intersect.pheno/11.post.intersected
  --bmerge pre.post.inter/15.pre.with.post.snps/11.pre.with.post.snps
  --make-bed
  --out pre.post.inter/16.merged/11.merge

Hostname: ebc215
Working directory: /mmg/awwohns/selection_v4
Start time: Tue Jul 25 20:28:40 2017

Random number seed: 1501003720
257661 MB RAM detected; reserving 128830 MB for main workspace.
34 people loaded from
pre.post.inter/13.post.intersect.pheno/11.post.intersected.fam.
40 people to be merged from
pre.post.inter/15.pre.with.post.snps/11.pre.with.post.snps.fam.
Of these, 40 are new, while 0 are present in the base dataset.
282 markers loaded from
pre.post.inter/13.post.intersect.pheno/11.post.intersected.bim.
2 markers to be merged from
pre.post.inter/15.pre.with.post.snps/11.pre.with.post.snps.bim.
Of these, 0 are new, while 2 are present in the base dataset.
Performing single-pass merge (74 people, 282 variants).
Merged fileset written to pre.post.inter/16.merged/11.merge-merge.bed +
pre.post.inter/16.merged/11.merge-merge.bim +
pre.post.inter/16.merged/11.merge-merge.fam .
282 variants loaded from .bim file.
74 people (0 males, 0 females, 74 ambiguous) loaded from .fam.
Ambiguous sex IDs written to pre.post.inter/16.merged/11.merge.nosex .
74 phenotype values loaded from .fam.
Using 1 thread (no multithreaded calculations invoked.
Before main variant filters, 74 founders and 0 nonfounders present.
Calculating allele frequencies... done.
Total genotyping rate is 0.0728867.
282 variants and 74 people pass filters and QC.
Among remaining phenotypes, 34 are cases and 40 are controls.
--make-bed to pre.post.inter/16.merged/11.merge.bed +
pre.post.inter/16.merged/11.merge.bim + pre.post.inter/16.merged/11.merge.fam
... done.

End time: Tue Jul 25 20:28:40 2017
