PLINK v1.90b3.27 64-bit (13 Dec 2015)
Options in effect:
  --allow-no-sex
  --bfile pre.post.inter/13.post.intersect.pheno/22.post.intersected
  --bmerge pre.post.inter/15.pre.with.post.snps/22.pre.with.post.snps
  --make-bed
  --out pre.post.inter/16.merged/22.merge

Hostname: ebc203
Working directory: /mmg/awwohns/selection_v4
Start time: Mon Jun 26 15:33:39 2017

Random number seed: 1498480419
257661 MB RAM detected; reserving 128830 MB for main workspace.
34 people loaded from
pre.post.inter/13.post.intersect.pheno/22.post.intersected.fam.
40 people to be merged from
pre.post.inter/15.pre.with.post.snps/22.pre.with.post.snps.fam.
Of these, 6 are new, while 34 are present in the base dataset.
7 markers loaded from
pre.post.inter/13.post.intersect.pheno/22.post.intersected.bim.
7 markers to be merged from
pre.post.inter/15.pre.with.post.snps/22.pre.with.post.snps.bim.
Of these, 0 are new, while 7 are present in the base dataset.
Performing single-pass merge (40 people, 7 variants).
Merged fileset written to pre.post.inter/16.merged/22.merge-merge.bed +
pre.post.inter/16.merged/22.merge-merge.bim +
pre.post.inter/16.merged/22.merge-merge.fam .
7 variants loaded from .bim file.
40 people (0 males, 0 females, 40 ambiguous) loaded from .fam.
Ambiguous sex IDs written to pre.post.inter/16.merged/22.merge.nosex .
Using 1 thread (no multithreaded calculations invoked.
Before main variant filters, 40 founders and 0 nonfounders present.
Calculating allele frequencies... done.
Total genotyping rate is 0.271429.
7 variants and 40 people pass filters and QC.
Note: No phenotypes present.
--make-bed to pre.post.inter/16.merged/22.merge.bed +
pre.post.inter/16.merged/22.merge.bim + pre.post.inter/16.merged/22.merge.fam
... done.

End time: Mon Jun 26 15:34:06 2017
