PLINK v1.90b3.27 64-bit (13 Dec 2015)
Options in effect:
  --allow-no-sex
  --bfile pre.post.inter/13.post.intersect.pheno/8.post.intersected
  --bmerge pre.post.inter/15.pre.with.post.snps/8.pre.with.post.snps
  --make-bed
  --out pre.post.inter/16.merged/8.merge

Hostname: ebc226
Working directory: /mmg/awwohns/selection_v4
Start time: Mon Jun 26 15:35:58 2017

Random number seed: 1498480558
257661 MB RAM detected; reserving 128830 MB for main workspace.
34 people loaded from
pre.post.inter/13.post.intersect.pheno/8.post.intersected.fam.
40 people to be merged from
pre.post.inter/15.pre.with.post.snps/8.pre.with.post.snps.fam.
Of these, 6 are new, while 34 are present in the base dataset.
320 markers loaded from
pre.post.inter/13.post.intersect.pheno/8.post.intersected.bim.
320 markers to be merged from
pre.post.inter/15.pre.with.post.snps/8.pre.with.post.snps.bim.
Of these, 0 are new, while 320 are present in the base dataset.
Performing single-pass merge (40 people, 320 variants).
Merged fileset written to pre.post.inter/16.merged/8.merge-merge.bed +
pre.post.inter/16.merged/8.merge-merge.bim +
pre.post.inter/16.merged/8.merge-merge.fam .
320 variants loaded from .bim file.
40 people (0 males, 0 females, 40 ambiguous) loaded from .fam.
Ambiguous sex IDs written to pre.post.inter/16.merged/8.merge.nosex .
Using 1 thread (no multithreaded calculations invoked.
Before main variant filters, 40 founders and 0 nonfounders present.
Calculating allele frequencies... done.
Total genotyping rate is 0.74.
320 variants and 40 people pass filters and QC.
Note: No phenotypes present.
--make-bed to pre.post.inter/16.merged/8.merge.bed +
pre.post.inter/16.merged/8.merge.bim + pre.post.inter/16.merged/8.merge.fam ...
done.

End time: Mon Jun 26 15:36:02 2017
