PLINK v1.90b3.27 64-bit (13 Dec 2015)
Options in effect:
  --allow-no-sex
  --bfile pre.post.inter/13.post.intersect.pheno/9.post.intersected
  --bmerge pre.post.inter/15.pre.with.post.snps/9.pre.with.post.snps
  --make-bed
  --out pre.post.inter/16.merged/9.merge

Hostname: ebc215
Working directory: /mmg/awwohns/selection_v4
Start time: Tue Jul 25 20:26:22 2017

Random number seed: 1501003582
257661 MB RAM detected; reserving 128830 MB for main workspace.
34 people loaded from
pre.post.inter/13.post.intersect.pheno/9.post.intersected.fam.
40 people to be merged from
pre.post.inter/15.pre.with.post.snps/9.pre.with.post.snps.fam.
Of these, 40 are new, while 0 are present in the base dataset.
1 marker loaded from
pre.post.inter/13.post.intersect.pheno/9.post.intersected.bim.
1 marker to be merged from
pre.post.inter/15.pre.with.post.snps/9.pre.with.post.snps.bim.
Of these, 0 are new, while 1 is present in the base dataset.
Performing single-pass merge (74 people, 1 variant).
Merged fileset written to pre.post.inter/16.merged/9.merge-merge.bed +
pre.post.inter/16.merged/9.merge-merge.bim +
pre.post.inter/16.merged/9.merge-merge.fam .
1 variant loaded from .bim file.
74 people (0 males, 0 females, 74 ambiguous) loaded from .fam.
Ambiguous sex IDs written to pre.post.inter/16.merged/9.merge.nosex .
74 phenotype values loaded from .fam.
Using 1 thread (no multithreaded calculations invoked.
Before main variant filters, 74 founders and 0 nonfounders present.
Calculating allele frequencies... done.
Total genotyping rate is 0.189189.
1 variant and 74 people pass filters and QC.
Among remaining phenotypes, 34 are cases and 40 are controls.
--make-bed to pre.post.inter/16.merged/9.merge.bed +
pre.post.inter/16.merged/9.merge.bim + pre.post.inter/16.merged/9.merge.fam ...
done.

End time: Tue Jul 25 20:26:22 2017
