PLINK v1.90b3.27 64-bit (13 Dec 2015)
Options in effect:
  --bfile pre.post.inter/15.pre.with.post.snps/12.pre.with.post.snps
  --exclude pre.post.inter/18.remerged/12.pre.post-merge.missnp
  --make-bed
  --out pre.post.inter/20.notriallelic.pre/12.pre.notri_tmp

Hostname: ebc230
Working directory: /mmg/awwohns/selection_v4
Start time: Mon Jun 26 01:39:06 2017

Random number seed: 1498430346
257661 MB RAM detected; reserving 128830 MB for main workspace.
290 variants loaded from .bim file.
40 people (0 males, 0 females, 40 ambiguous) loaded from .fam.
Ambiguous sex IDs written to
pre.post.inter/20.notriallelic.pre/12.pre.notri_tmp.nosex .
--exclude: 289 variants remaining.
Using 1 thread (no multithreaded calculations invoked.
Before main variant filters, 40 founders and 0 nonfounders present.
Calculating allele frequencies... done.
289 variants and 40 people pass filters and QC.
Note: No phenotypes present.
--make-bed to pre.post.inter/20.notriallelic.pre/12.pre.notri_tmp.bed +
pre.post.inter/20.notriallelic.pre/12.pre.notri_tmp.bim +
pre.post.inter/20.notriallelic.pre/12.pre.notri_tmp.fam ... done.

End time: Mon Jun 26 01:39:29 2017
