PLINK v1.90b3.27 64-bit (13 Dec 2015)
Options in effect:
  --bfile pre.post.inter/15.pre.with.post.snps/6.pre.with.post.snps
  --exclude pre.post.inter/18.remerged/6.pre.post-merge.missnp
  --make-bed
  --out pre.post.inter/20.notriallelic.pre/6.pre.notri_tmp

Hostname: ebc227
Working directory: /mmg/awwohns/selection_v4
Start time: Tue Jul 25 20:32:16 2017

Random number seed: 1501003936
257661 MB RAM detected; reserving 128830 MB for main workspace.
3 variants loaded from .bim file.
40 people (0 males, 0 females, 40 ambiguous) loaded from .fam.
Ambiguous sex IDs written to
pre.post.inter/20.notriallelic.pre/6.pre.notri_tmp.nosex .
40 phenotype values loaded from .fam.
--exclude: 3 variants remaining.
Warning: Ignoring phenotypes of missing-sex samples.  If you don't want those
phenotypes to be ignored, use the --allow-no-sex flag.
Using 1 thread (no multithreaded calculations invoked.
Before main variant filters, 40 founders and 0 nonfounders present.
Calculating allele frequencies... done.
Total genotyping rate is 0.25.
3 variants and 40 people pass filters and QC.
Among remaining phenotypes, 0 are cases and 40 are controls.
--make-bed to pre.post.inter/20.notriallelic.pre/6.pre.notri_tmp.bed +
pre.post.inter/20.notriallelic.pre/6.pre.notri_tmp.bim +
pre.post.inter/20.notriallelic.pre/6.pre.notri_tmp.fam ... done.

End time: Tue Jul 25 20:32:16 2017
