PLINK v1.90b3.27 64-bit (13 Dec 2015)
Options in effect:
  --file post.modern/4.ped/11_ped
  --make-bed
  --out post.modern/5.add.rsid/11.with.rsid
  --update-map references/pobi.snps.by.chr/11.se.pobi.updated.bim.txt
  --update-name

Hostname: ebc226
Working directory: /mmg/awwohns/selection_v4
Start time: Tue Jun 27 17:51:55 2017

Note: --update-map [filename] + parameter-free --update-name deprecated.  Use
--update-name [filename] instead.
Random number seed: 1498575115
257661 MB RAM detected; reserving 128830 MB for main workspace.
Scanning .ped file... done.
Performing single-pass .bed write (1194 variants, 34 people).
--file: post.modern/5.add.rsid/11.with.rsid-temporary.bed +
post.modern/5.add.rsid/11.with.rsid-temporary.bim +
post.modern/5.add.rsid/11.with.rsid-temporary.fam written.
1194 variants loaded from .bim file.
34 people (0 males, 0 females, 34 ambiguous) loaded from .fam.
Ambiguous sex IDs written to post.modern/5.add.rsid/11.with.rsid.nosex .
--update-name: 1194 values updated, 40428 variant IDs not present.
Using 1 thread (no multithreaded calculations invoked.
Before main variant filters, 34 founders and 0 nonfounders present.
Calculating allele frequencies... done.
Total genotyping rate is 0.15504.
1194 variants and 34 people pass filters and QC.
Note: No phenotypes present.
--make-bed to post.modern/5.add.rsid/11.with.rsid.bed +
post.modern/5.add.rsid/11.with.rsid.bim +
post.modern/5.add.rsid/11.with.rsid.fam ... done.

End time: Tue Jun 27 17:53:15 2017
