PLINK v1.90b3.27 64-bit (13 Dec 2015)
Options in effect:
  --file post.modern/4.ped/13_ped
  --make-bed
  --out post.modern/5.add.rsid/13.with.rsid
  --update-map references/pobi.snps.by.chr/13.se.pobi.updated.bim.txt.fixed
  --update-name

Hostname: ebc203
Working directory: /mmg/awwohns/selection_v4
Start time: Tue Jul 25 20:21:52 2017

Note: --update-map [filename] + parameter-free --update-name deprecated.  Use
--update-name [filename] instead.
Random number seed: 1501003312
257661 MB RAM detected; reserving 128830 MB for main workspace.
Scanning .ped file... done.
Performing single-pass .bed write (816 variants, 34 people).
--file: post.modern/5.add.rsid/13.with.rsid-temporary.bed +
post.modern/5.add.rsid/13.with.rsid-temporary.bim +
post.modern/5.add.rsid/13.with.rsid-temporary.fam written.
816 variants loaded from .bim file.
34 people (0 males, 0 females, 34 ambiguous) loaded from .fam.
Ambiguous sex IDs written to post.modern/5.add.rsid/13.with.rsid.nosex .
--update-name: 813 values updated, 29673 variant IDs not present.
Using 1 thread (no multithreaded calculations invoked.
Before main variant filters, 34 founders and 0 nonfounders present.
Calculating allele frequencies... done.
Total genotyping rate is 0.153547.
816 variants and 34 people pass filters and QC.
Note: No phenotypes present.
--make-bed to post.modern/5.add.rsid/13.with.rsid.bed +
post.modern/5.add.rsid/13.with.rsid.bim +
post.modern/5.add.rsid/13.with.rsid.fam ... done.

End time: Tue Jul 25 20:21:52 2017
