PLINK v1.90b3.27 64-bit (13 Dec 2015)
Options in effect:
  --file post.modern/4.ped/2_ped
  --make-bed
  --out post.modern/5.add.rsid/2.with.rsid
  --update-map references/pobi.snps.by.chr/2.se.pobi.updated.bim.txt
  --update-name

Hostname: ebc212
Working directory: /mmg/awwohns/selection_v4
Start time: Tue Jun 27 17:54:23 2017

Note: --update-map [filename] + parameter-free --update-name deprecated.  Use
--update-name [filename] instead.
Random number seed: 1498575263
257661 MB RAM detected; reserving 128830 MB for main workspace.
Scanning .ped file... done.
Performing single-pass .bed write (1972 variants, 34 people).
--file: post.modern/5.add.rsid/2.with.rsid-temporary.bed +
post.modern/5.add.rsid/2.with.rsid-temporary.bim +
post.modern/5.add.rsid/2.with.rsid-temporary.fam written.
1972 variants loaded from .bim file.
34 people (0 males, 0 females, 34 ambiguous) loaded from .fam.
Ambiguous sex IDs written to post.modern/5.add.rsid/2.with.rsid.nosex .
--update-name: 1972 values updated, 66978 variant IDs not present.
Using 1 thread (no multithreaded calculations invoked.
Before main variant filters, 34 founders and 0 nonfounders present.
Calculating allele frequencies... done.
Total genotyping rate is 0.154054.
1972 variants and 34 people pass filters and QC.
Note: No phenotypes present.
--make-bed to post.modern/5.add.rsid/2.with.rsid.bed +
post.modern/5.add.rsid/2.with.rsid.bim + post.modern/5.add.rsid/2.with.rsid.fam
... done.

End time: Tue Jun 27 17:54:43 2017
