PLINK v1.90b3.27 64-bit (13 Dec 2015)
Options in effect:
  --bfile pre.post.inter/13.post.intersect.pheno/20.post.intersected
  --flip pre.post.inter/16.merged/20.merge-merge.missnp
  --make-bed
  --out pre.post.inter/17.post.merged.flipped/20.post.merge.flipped

Hostname: ebc217
Working directory: /mmg/awwohns/selection_v4
Start time: Tue Jul 25 20:22:45 2017

Random number seed: 1501003365
257661 MB RAM detected; reserving 128830 MB for main workspace.
1 variant loaded from .bim file.
34 people (0 males, 0 females, 34 ambiguous) loaded from .fam.
Ambiguous sex IDs written to
pre.post.inter/17.post.merged.flipped/20.post.merge.flipped.nosex .
34 phenotype values loaded from .fam.
--flip: 0 SNPs flipped, 2 SNP IDs not present.
Warning: Ignoring phenotypes of missing-sex samples.  If you don't want those
phenotypes to be ignored, use the --allow-no-sex flag.
Using 1 thread (no multithreaded calculations invoked.
Before main variant filters, 34 founders and 0 nonfounders present.
Calculating allele frequencies... done.
Total genotyping rate is 0.323529.
1 variant and 34 people pass filters and QC.
Among remaining phenotypes, 34 are cases and 0 are controls.
--make-bed to pre.post.inter/17.post.merged.flipped/20.post.merge.flipped.bed +
pre.post.inter/17.post.merged.flipped/20.post.merge.flipped.bim +
pre.post.inter/17.post.merged.flipped/20.post.merge.flipped.fam ... done.

End time: Tue Jul 25 20:22:45 2017
