PLINK v1.90b3.27 64-bit (13 Dec 2015)
Options in effect:
  --bfile pre.post.inter/13.post.intersect.pheno/22.post.intersected
  --flip pre.post.inter/16.merged/22.merge-merge.missnp
  --make-bed
  --out pre.post.inter/17.post.merged.flipped/22.post.merge.flipped

Hostname: atlas.hpc.ut.ee
Working directory: /ebc_data/awwohns/selection_v4
Start time: Tue Jul 25 20:21:24 2017

Random number seed: 1501003284
2068000 MB RAM detected; reserving 1034000 MB for main workspace.
161 variants loaded from .bim file.
34 people (0 males, 0 females, 34 ambiguous) loaded from .fam.
Ambiguous sex IDs written to
pre.post.inter/17.post.merged.flipped/22.post.merge.flipped.nosex .
34 phenotype values loaded from .fam.
--flip: 1 SNP flipped.
Warning: Ignoring phenotypes of missing-sex samples.  If you don't want those
phenotypes to be ignored, use the --allow-no-sex flag.
Using 1 thread (no multithreaded calculations invoked.
Before main variant filters, 34 founders and 0 nonfounders present.
Calculating allele frequencies... done.
Total genotyping rate is 0.156376.
161 variants and 34 people pass filters and QC.
Among remaining phenotypes, 34 are cases and 0 are controls.
--make-bed to pre.post.inter/17.post.merged.flipped/22.post.merge.flipped.bed +
pre.post.inter/17.post.merged.flipped/22.post.merge.flipped.bim +
pre.post.inter/17.post.merged.flipped/22.post.merge.flipped.fam ... done.

End time: Tue Jul 25 20:21:24 2017
