PLINK v1.90b3.27 64-bit (13 Dec 2015)
Options in effect:
  --bfile inter.files/13.notriallelic/21.pobi.notri_tmp
  --exclude /ebc_data/awwohns/selection_v4/references/ambiguous.snps.inter.files/21ambiguous.snps.txt
  --make-bed
  --out inter.files/17.ambiguous.removed/21.pobi.ambiguous.removed

Hostname: ebc201
Working directory: /mmg/awwohns/selection_v4
Start time: Wed Jul 19 01:07:28 2017

Random number seed: 1500415648
257661 MB RAM detected; reserving 128830 MB for main workspace.
1024 variants loaded from .bim file.
101 people (49 males, 52 females) loaded from .fam.
101 phenotype values loaded from .fam.
--exclude: 1012 variants remaining.
Using 1 thread (no multithreaded calculations invoked.
Before main variant filters, 101 founders and 0 nonfounders present.
Calculating allele frequencies... done.
Total genotyping rate is 0.999736.
1012 variants and 101 people pass filters and QC.
Among remaining phenotypes, 0 are cases and 101 are controls.
--make-bed to inter.files/17.ambiguous.removed/21.pobi.ambiguous.removed.bed +
inter.files/17.ambiguous.removed/21.pobi.ambiguous.removed.bim +
inter.files/17.ambiguous.removed/21.pobi.ambiguous.removed.fam ... done.

End time: Wed Jul 19 01:07:29 2017
