PLINK v1.90b3.27 64-bit (13 Dec 2015)
Options in effect:
  --allow-no-sex
  --bfile pre.modern/15.flipped.snps/4.flipped.monomorphic
  --bmerge pre.modern/13.notriallelic/4.pobi.notri_tmp
  --make-bed
  --out pre.modern/16.flipped.merged/4.anc.pobi.no.tri.no.monomorphic

Hostname: ebc229
Working directory: /mmg/awwohns/selection_v4
Start time: Tue Jun 27 14:48:32 2017

Random number seed: 1498564112
257661 MB RAM detected; reserving 128830 MB for main workspace.
40 people loaded from pre.modern/15.flipped.snps/4.flipped.monomorphic.fam.
101 people to be merged from pre.modern/13.notriallelic/4.pobi.notri_tmp.fam.
Of these, 101 are new, while 0 are present in the base dataset.
Warning: Multiple positions seen for variant 'rs2291151'.
Warning: Multiple positions seen for variant 'rs11943701'.
Warning: Multiple positions seen for variant 'rs3756205'.
Warning: Multiple positions seen for variant 'rs7688187'.
Warning: Multiple positions seen for variant 'rs13137431'.
Warning: Multiple positions seen for variant 'rs13113314'.
Warning: Multiple positions seen for variant 'rs7670115'.
Warning: Multiple positions seen for variant 'rs6837562'.
Warning: Multiple positions seen for variant 'rs997476'.
Warning: Multiple positions seen for variant 'rs12644014'.
Warning: Multiple positions seen for variant 'rs6534323'.
Warning: Multiple positions seen for variant 'rs11942835'.
Warning: Multiple positions seen for variant 'rs17614841'.
Warning: Multiple positions seen for variant 'rs17299889'.
Warning: Multiple positions seen for variant 'rs10007330'.
46061 markers loaded from pre.modern/15.flipped.snps/4.flipped.monomorphic.bim.
46061 markers to be merged from
pre.modern/13.notriallelic/4.pobi.notri_tmp.bim.
Of these, 0 are new, while 46061 are present in the base dataset.
Performing single-pass merge (141 people, 46061 variants).
Merged fileset written to
pre.modern/16.flipped.merged/4.anc.pobi.no.tri.no.monomorphic-merge.bed +
pre.modern/16.flipped.merged/4.anc.pobi.no.tri.no.monomorphic-merge.bim +
pre.modern/16.flipped.merged/4.anc.pobi.no.tri.no.monomorphic-merge.fam .
46061 variants loaded from .bim file.
141 people (49 males, 52 females, 40 ambiguous) loaded from .fam.
Ambiguous sex IDs written to
pre.modern/16.flipped.merged/4.anc.pobi.no.tri.no.monomorphic.nosex .
141 phenotype values loaded from .fam.
Using 1 thread (no multithreaded calculations invoked.
Before main variant filters, 141 founders and 0 nonfounders present.
Calculating allele frequencies... done.
Total genotyping rate is 0.73623.
46061 variants and 141 people pass filters and QC.
Among remaining phenotypes, 40 are cases and 101 are controls.
--make-bed to pre.modern/16.flipped.merged/4.anc.pobi.no.tri.no.monomorphic.bed
+ pre.modern/16.flipped.merged/4.anc.pobi.no.tri.no.monomorphic.bim +
pre.modern/16.flipped.merged/4.anc.pobi.no.tri.no.monomorphic.fam ... done.

End time: Tue Jun 27 14:49:02 2017
