PLINK v1.90b3.27 64-bit (13 Dec 2015)
Options in effect:
  --allow-no-sex
  --bfile pre.modern/11.merged.flipped/10.merge.flipped
  --bmerge pre.modern/9.pobi.with.anc.snps/10.pobi.with.anc.snps
  --make-bed
  --out pre.modern/12.remerged/10.pobi.anc

Hostname: ebc226
Working directory: /mmg/awwohns/selection_v4
Start time: Sun Jul 23 06:48:36 2017

Random number seed: 1500781716
257661 MB RAM detected; reserving 128830 MB for main workspace.
40 people loaded from pre.modern/11.merged.flipped/10.merge.flipped.fam.
204 people to be merged from
pre.modern/9.pobi.with.anc.snps/10.pobi.with.anc.snps.fam.
Of these, 204 are new, while 0 are present in the base dataset.
16 markers loaded from pre.modern/11.merged.flipped/10.merge.flipped.bim.
16 markers to be merged from
pre.modern/9.pobi.with.anc.snps/10.pobi.with.anc.snps.bim.
Of these, 0 are new, while 16 are present in the base dataset.
Performing single-pass merge (244 people, 16 variants).
Merged fileset written to pre.modern/12.remerged/10.pobi.anc-merge.bed +
pre.modern/12.remerged/10.pobi.anc-merge.bim +
pre.modern/12.remerged/10.pobi.anc-merge.fam .
16 variants loaded from .bim file.
244 people (104 males, 100 females, 40 ambiguous) loaded from .fam.
Ambiguous sex IDs written to pre.modern/12.remerged/10.pobi.anc.nosex .
244 phenotype values loaded from .fam.
Using 1 thread (no multithreaded calculations invoked.
Before main variant filters, 244 founders and 0 nonfounders present.
Calculating allele frequencies... done.
Total genotyping rate is 0.877305.
16 variants and 244 people pass filters and QC.
Among remaining phenotypes, 40 are cases and 204 are controls.
--make-bed to pre.modern/12.remerged/10.pobi.anc.bed +
pre.modern/12.remerged/10.pobi.anc.bim + pre.modern/12.remerged/10.pobi.anc.fam
... done.

End time: Sun Jul 23 06:48:36 2017
