PLINK v1.90b3.27 64-bit (13 Dec 2015)
Options in effect:
  --file pre.post.inter/8.post.ped/_post_ped
  --make-bed
  --out pre.post.inter/10.post.add.rsid/.post.with.rsid
  --update-map references/pobi.snps.by.chr/.se.pobi.updated.bim.txt
  --update-name

Hostname: ebc201
Working directory: /mmg/awwohns/selection_v4
Start time: Mon Jun 26 01:50:45 2017

Note: --update-map [filename] + parameter-free --update-name deprecated.  Use
--update-name [filename] instead.
Random number seed: 1498431045
257661 MB RAM detected; reserving 128830 MB for main workspace.
Scanning .ped file... done.
Performing single-pass .bed write (8146 variants, 24 people).
--file: pre.post.inter/10.post.add.rsid/.post.with.rsid-temporary.bed +
pre.post.inter/10.post.add.rsid/.post.with.rsid-temporary.bim +
pre.post.inter/10.post.add.rsid/.post.with.rsid-temporary.fam written.
Error: Failed to open references/pobi.snps.by.chr/.se.pobi.updated.bim.txt.

End time: Mon Jun 26 01:50:45 2017
