PLINK v1.90b3.27 64-bit (13 Dec 2015)
Options in effect:
  --file pre.post.inter/8.post.ped/22_post_ped
  --make-bed
  --out pre.post.inter/10.post.add.rsid/22.post.with.rsid
  --update-map references/pobi.snps.by.chr/22.se.pobi.updated.bim.txt.fixed
  --update-name

Hostname: atlas.hpc.ut.ee
Working directory: /ebc_data/awwohns/selection_v4
Start time: Thu Jul 20 00:46:41 2017

Note: --update-map [filename] + parameter-free --update-name deprecated.  Use
--update-name [filename] instead.
Random number seed: 1500500801
2068000 MB RAM detected; reserving 1034000 MB for main workspace.
Scanning .ped file... done.
Performing single-pass .bed write (1789 variants, 34 people).
--file: pre.post.inter/10.post.add.rsid/22.post.with.rsid-temporary.bed +
pre.post.inter/10.post.add.rsid/22.post.with.rsid-temporary.bim +
pre.post.inter/10.post.add.rsid/22.post.with.rsid-temporary.fam written.
1789 variants loaded from .bim file.
34 people (0 males, 0 females, 34 ambiguous) loaded from .fam.
Ambiguous sex IDs written to
pre.post.inter/10.post.add.rsid/22.post.with.rsid.nosex .
--update-name: 1770 values updated, 11110 variant IDs not present.
Using 1 thread (no multithreaded calculations invoked.
Before main variant filters, 34 founders and 0 nonfounders present.
Calculating allele frequencies... done.
Total genotyping rate is 0.128547.
1789 variants and 34 people pass filters and QC.
Note: No phenotypes present.
--make-bed to pre.post.inter/10.post.add.rsid/22.post.with.rsid.bed +
pre.post.inter/10.post.add.rsid/22.post.with.rsid.bim +
pre.post.inter/10.post.add.rsid/22.post.with.rsid.fam ... done.

End time: Thu Jul 20 00:46:41 2017
