PLINK v1.90b3.27 64-bit (13 Dec 2015)
Options in effect:
  --file pre.post.inter/8.post.ped/3_post_ped
  --make-bed
  --out pre.post.inter/10.post.add.rsid/3.post.with.rsid
  --update-map references/pobi.snps.by.chr/3.se.pobi.updated.bim.txt.fixed
  --update-name

Hostname: ebc226
Working directory: /mmg/awwohns/selection_v4
Start time: Tue Jul 25 20:34:28 2017

Note: --update-map [filename] + parameter-free --update-name deprecated.  Use
--update-name [filename] instead.
Random number seed: 1501004068
257661 MB RAM detected; reserving 128830 MB for main workspace.
Scanning .ped file... done.
Performing single-pass .bed write (1591 variants, 34 people).
--file: pre.post.inter/10.post.add.rsid/3.post.with.rsid-temporary.bed +
pre.post.inter/10.post.add.rsid/3.post.with.rsid-temporary.bim +
pre.post.inter/10.post.add.rsid/3.post.with.rsid-temporary.fam written.
1591 variants loaded from .bim file.
34 people (0 males, 0 females, 34 ambiguous) loaded from .fam.
Ambiguous sex IDs written to
pre.post.inter/10.post.add.rsid/3.post.with.rsid.nosex .
--update-name: 1571 values updated, 55297 variant IDs not present.
Using 1 thread (no multithreaded calculations invoked.
Before main variant filters, 34 founders and 0 nonfounders present.
Calculating allele frequencies... done.
Total genotyping rate is 0.153455.
1591 variants and 34 people pass filters and QC.
Note: No phenotypes present.
--make-bed to pre.post.inter/10.post.add.rsid/3.post.with.rsid.bed +
pre.post.inter/10.post.add.rsid/3.post.with.rsid.bim +
pre.post.inter/10.post.add.rsid/3.post.with.rsid.fam ... done.

End time: Tue Jul 25 20:34:28 2017
