PLINK v1.90b3.27 64-bit (13 Dec 2015)
Options in effect:
  --adjust
  --allow-no-sex
  --assoc
  --bfile inter.files/18.ambiguous.removed.merged/22.anc.pobi.no.ambiguous
  --out inter.files/19.assoc.results/22.results

Hostname: ebc201
Working directory: /mmg/awwohns/selection_v4
Start time: Fri May 19 15:39:12 2017

Random number seed: 1495197552
257661 MB RAM detected; reserving 128830 MB for main workspace.
10105 variants loaded from .bim file.
187 people (49 males, 52 females, 86 ambiguous) loaded from .fam.
Ambiguous sex IDs written to inter.files/19.assoc.results/22.results.nosex .
187 phenotype values loaded from .fam.
Using 1 thread (no multithreaded calculations invoked.
Before main variant filters, 187 founders and 0 nonfounders present.
Calculating allele frequencies... done.
Total genotyping rate is 0.579986.
10105 variants and 187 people pass filters and QC.
Among remaining phenotypes, 86 are cases and 101 are controls.
Writing C/C --assoc report to inter.files/19.assoc.results/22.results.assoc ...
done.
--adjust: Genomic inflation est. lambda (based on median chisq) = 2.25345.
--adjust values (10100 variants) written to
inter.files/19.assoc.results/22.results.assoc.adjusted .

End time: Fri May 19 15:39:12 2017
