PLINK v1.90b3.27 64-bit (13 Dec 2015)
Options in effect:
  --bfile post.modern/7.intersect.pheno/20.intersected.anc.pobi
  --bmerge post.modern/9.pobi.with.anc.snps/20.pobi.with.anc.snps
  --make-bed
  --out post.modern/10.merged/20.merge

Hostname: ebc220
Working directory: /mmg/awwohns/selection_v4
Start time: Tue Jul 25 20:20:13 2017

Random number seed: 1501003213
257661 MB RAM detected; reserving 128830 MB for main workspace.
34 people loaded from
post.modern/7.intersect.pheno/20.intersected.anc.pobi.fam.
204 people to be merged from
post.modern/9.pobi.with.anc.snps/20.pobi.with.anc.snps.fam.
Of these, 204 are new, while 0 are present in the base dataset.
1 marker loaded from post.modern/7.intersect.pheno/20.intersected.anc.pobi.bim.
1 marker to be merged from
post.modern/9.pobi.with.anc.snps/20.pobi.with.anc.snps.bim.
Of these, 0 are new, while 1 is present in the base dataset.
Performing single-pass merge (238 people, 1 variant).
Merged fileset written to post.modern/10.merged/20.merge-merge.bed +
post.modern/10.merged/20.merge-merge.bim +
post.modern/10.merged/20.merge-merge.fam .
1 variant loaded from .bim file.
238 people (104 males, 100 females, 34 ambiguous) loaded from .fam.
Ambiguous sex IDs written to post.modern/10.merged/20.merge.nosex .
238 phenotype values loaded from .fam.
Error: When ambiguous-sex samples with phenotype data are present,
--make-bed/--make-just-fam/--recode/--write-covar usually cannot be combined
with other commands.  Split them across multiple PLINK runs, or use
--allow-no-sex/--must-have-sex.

End time: Tue Jul 25 20:20:13 2017
