PLINK v1.90b3.27 64-bit (13 Dec 2015)
Options in effect:
  --bfile inter.files/5.add.rsid/20.with.rsid
  --extract references/pobi.snps/20.se.pobi.bim.snps.only.txt
  --make-bed
  --out inter.files/6.intersect/20.intersected.anc.pobi

Hostname: ebc207
Working directory: /mmg/awwohns/selection_v4
Start time: Sat May 20 17:38:22 2017

Random number seed: 1495291102
257837 MB RAM detected; reserving 128918 MB for main workspace.
16040 variants loaded from .bim file.
86 people (0 males, 0 females, 86 ambiguous) loaded from .fam.
Ambiguous sex IDs written to
inter.files/6.intersect/20.intersected.anc.pobi.nosex .
--extract: 16040 variants remaining.
Using 1 thread (no multithreaded calculations invoked.
Before main variant filters, 86 founders and 0 nonfounders present.
Calculating allele frequencies... done.
Total genotyping rate is 0.0846401.
16040 variants and 86 people pass filters and QC.
Note: No phenotypes present.
--make-bed to inter.files/6.intersect/20.intersected.anc.pobi.bed +
inter.files/6.intersect/20.intersected.anc.pobi.bim +
inter.files/6.intersect/20.intersected.anc.pobi.fam ... done.

End time: Sat May 20 17:38:23 2017
