PLINK v1.90b3.27 64-bit (13 Dec 2015)
Options in effect:
  --bfile inter.files/5.add.rsid/6.with.rsid
  --extract references/pobi.snps/6.se.pobi.bim.snps.only.txt
  --make-bed
  --out inter.files/6.intersect/6.intersected.anc.pobi

Hostname: ebc227
Working directory: /mmg/awwohns/selection_v4
Start time: Sat May 20 18:04:49 2017

Random number seed: 1495292689
257661 MB RAM detected; reserving 128830 MB for main workspace.
38737 variants loaded from .bim file.
86 people (0 males, 0 females, 86 ambiguous) loaded from .fam.
Ambiguous sex IDs written to
inter.files/6.intersect/6.intersected.anc.pobi.nosex .
--extract: 38737 variants remaining.
Using 1 thread (no multithreaded calculations invoked.
Before main variant filters, 86 founders and 0 nonfounders present.
Calculating allele frequencies... done.
Total genotyping rate is 0.0825624.
38737 variants and 86 people pass filters and QC.
Note: No phenotypes present.
--make-bed to inter.files/6.intersect/6.intersected.anc.pobi.bed +
inter.files/6.intersect/6.intersected.anc.pobi.bim +
inter.files/6.intersect/6.intersected.anc.pobi.fam ... done.

End time: Sat May 20 18:05:50 2017
