PLINK v1.90b3.27 64-bit (13 Dec 2015)
Options in effect:
  --bfile pre.modern/7.intersect.pheno/14.intersected.anc.pobi
  --flip pre.modern/10.merged/14.merge-merge.missnp
  --make-bed
  --out pre.modern/11.merged.flipped/14.merge.flipped

Hostname: ebc202
Working directory: /mmg/awwohns/selection_v4
Start time: Mon May 29 01:10:52 2017

Random number seed: 1496009452
257661 MB RAM detected; reserving 128830 MB for main workspace.
25884 variants loaded from .bim file.
44 people (0 males, 0 females, 44 ambiguous) loaded from .fam.
Ambiguous sex IDs written to
pre.modern/11.merged.flipped/14.merge.flipped.nosex .
44 phenotype values loaded from .fam.
--flip: 12846 SNPs flipped.
Warning: Ignoring phenotypes of missing-sex samples.  If you don't want those
phenotypes to be ignored, use the --allow-no-sex flag.
Using 1 thread (no multithreaded calculations invoked.
Before main variant filters, 44 founders and 0 nonfounders present.
Calculating allele frequencies... done.
Total genotyping rate is 0.103604.
25884 variants and 44 people pass filters and QC.
Among remaining phenotypes, 44 are cases and 0 are controls.
--make-bed to pre.modern/11.merged.flipped/14.merge.flipped.bed +
pre.modern/11.merged.flipped/14.merge.flipped.bim +
pre.modern/11.merged.flipped/14.merge.flipped.fam ... done.

End time: Mon May 29 01:10:52 2017
