PLINK v1.90b3.27 64-bit (13 Dec 2015)
Options in effect:
  --bfile pre.modern/7.intersect.pheno/20.intersected.anc.pobi
  --flip pre.modern/10.merged/20.merge-merge.missnp
  --make-bed
  --out pre.modern/11.merged.flipped/20.merge.flipped

Hostname: atlas.hpc.ut.ee
Working directory: /ebc_data/awwohns/selection_v4
Start time: Wed Jul 19 10:35:36 2017

Random number seed: 1500449736
2068000 MB RAM detected; reserving 1034000 MB for main workspace.
615 variants loaded from .bim file.
40 people (0 males, 0 females, 40 ambiguous) loaded from .fam.
Ambiguous sex IDs written to
pre.modern/11.merged.flipped/20.merge.flipped.nosex .
40 phenotype values loaded from .fam.
--flip: 337 SNPs flipped.
Warning: Ignoring phenotypes of missing-sex samples.  If you don't want those
phenotypes to be ignored, use the --allow-no-sex flag.
Using 1 thread (no multithreaded calculations invoked.
Before main variant filters, 40 founders and 0 nonfounders present.
Calculating allele frequencies... done.
Total genotyping rate is 0.185041.
615 variants and 40 people pass filters and QC.
Among remaining phenotypes, 40 are cases and 0 are controls.
--make-bed to pre.modern/11.merged.flipped/20.merge.flipped.bed +
pre.modern/11.merged.flipped/20.merge.flipped.bim +
pre.modern/11.merged.flipped/20.merge.flipped.fam ... done.

End time: Wed Jul 19 10:35:37 2017
