PLINK v1.90b3.27 64-bit (13 Dec 2015)
Options in effect:
  --bfile pre.modern/7.intersect.pheno/8.intersected.anc.pobi
  --flip pre.modern/10.merged/8.merge-merge.missnp
  --make-bed
  --out pre.modern/11.merged.flipped/8.merge.flipped

Hostname: ebc226
Working directory: /mmg/awwohns/selection_v4
Start time: Sun Jul 23 06:48:48 2017

Random number seed: 1500781728
257661 MB RAM detected; reserving 128830 MB for main workspace.
41688 variants loaded from .bim file.
40 people (0 males, 0 females, 40 ambiguous) loaded from .fam.
Ambiguous sex IDs written to pre.modern/11.merged.flipped/8.merge.flipped.nosex
.
40 phenotype values loaded from .fam.
--flip: 20654 SNPs flipped.
Warning: Ignoring phenotypes of missing-sex samples.  If you don't want those
phenotypes to be ignored, use the --allow-no-sex flag.
Using 1 thread (no multithreaded calculations invoked.
Before main variant filters, 40 founders and 0 nonfounders present.
Calculating allele frequencies... done.
Total genotyping rate is 0.074573.
41688 variants and 40 people pass filters and QC.
Among remaining phenotypes, 40 are cases and 0 are controls.
--make-bed to pre.modern/11.merged.flipped/8.merge.flipped.bed +
pre.modern/11.merged.flipped/8.merge.flipped.bim +
pre.modern/11.merged.flipped/8.merge.flipped.fam ... done.

End time: Sun Jul 23 06:48:49 2017
