PLINK v1.90b3.27 64-bit (13 Dec 2015)
Options in effect:
  --bfile post.modern/5.add.rsid/15.with.rsid
  --extract references/pobi.snps/15.se.pobi.bim.snps.only.txt
  --make-bed
  --out post.modern/6.intersect/15.intersected.anc.pobi

Hostname: ebc219
Working directory: /mmg/awwohns/selection_v4
Start time: Tue Jul 25 20:20:59 2017

Random number seed: 1501003259
257837 MB RAM detected; reserving 128918 MB for main workspace.
779 variants loaded from .bim file.
34 people (0 males, 0 females, 34 ambiguous) loaded from .fam.
Ambiguous sex IDs written to
post.modern/6.intersect/15.intersected.anc.pobi.nosex .
--extract: 774 variants remaining.
Using 1 thread (no multithreaded calculations invoked.
Before main variant filters, 34 founders and 0 nonfounders present.
Calculating allele frequencies... done.
Total genotyping rate is 0.153747.
774 variants and 34 people pass filters and QC.
Note: No phenotypes present.
--make-bed to post.modern/6.intersect/15.intersected.anc.pobi.bed +
post.modern/6.intersect/15.intersected.anc.pobi.bim +
post.modern/6.intersect/15.intersected.anc.pobi.fam ... done.

End time: Tue Jul 25 20:20:59 2017
