PLINK v1.90b3.27 64-bit (13 Dec 2015)
Options in effect:
  --bfile post.modern/5.add.rsid/9.with.rsid
  --extract references/pobi.snps/9.se.pobi.bim.snps.only.txt
  --make-bed
  --out post.modern/6.intersect/9.intersected.anc.pobi

Hostname: ebc202
Working directory: /mmg/awwohns/selection_v4
Start time: Mon Jun 26 15:14:21 2017

Random number seed: 1498479261
257661 MB RAM detected; reserving 128830 MB for main workspace.
15874 variants loaded from .bim file.
34 people (0 males, 0 females, 34 ambiguous) loaded from .fam.
Ambiguous sex IDs written to
post.modern/6.intersect/9.intersected.anc.pobi.nosex .
--extract: 15874 variants remaining.
Using 1 thread (no multithreaded calculations invoked.
Before main variant filters, 34 founders and 0 nonfounders present.
Calculating allele frequencies... done.
Total genotyping rate is 0.999985.
15874 variants and 34 people pass filters and QC.
Note: No phenotypes present.
--make-bed to post.modern/6.intersect/9.intersected.anc.pobi.bed +
post.modern/6.intersect/9.intersected.anc.pobi.bim +
post.modern/6.intersect/9.intersected.anc.pobi.fam ... done.

End time: Mon Jun 26 15:14:22 2017
