PLINK v1.90b3.27 64-bit (13 Dec 2015)
Options in effect:
  --bfile inter.files/7.intersect.pheno/14.intersected.anc.pobi
  --flip inter.files/10.merged/14.merge-merge.missnp
  --make-bed
  --out inter.files/11.merged.flipped/14.merge.flipped

Hostname: ebc206
Working directory: /mmg/awwohns/selection_v4
Start time: Sat May 20 18:04:11 2017

Random number seed: 1495292651
257661 MB RAM detected; reserving 128830 MB for main workspace.
19586 variants loaded from .bim file.
86 people (0 males, 0 females, 86 ambiguous) loaded from .fam.
Ambiguous sex IDs written to
inter.files/11.merged.flipped/14.merge.flipped.nosex .
--flip: 9730 SNPs flipped.
Using 1 thread (no multithreaded calculations invoked.
Before main variant filters, 86 founders and 0 nonfounders present.
Calculating allele frequencies... done.
Total genotyping rate is 0.0831058.
19586 variants and 86 people pass filters and QC.
Note: No phenotypes present.
--make-bed to inter.files/11.merged.flipped/14.merge.flipped.bed +
inter.files/11.merged.flipped/14.merge.flipped.bim +
inter.files/11.merged.flipped/14.merge.flipped.fam ... done.

End time: Sat May 20 18:05:18 2017
