PLINK v1.90b3.27 64-bit (13 Dec 2015)
Options in effect:
  --bfile inter.files/7.intersect.pheno/20.intersected.anc.pobi
  --flip inter.files/10.merged/20.merge-merge.missnp
  --make-bed
  --out inter.files/11.merged.flipped/20.merge.flipped

Hostname: ebc215
Working directory: /mmg/awwohns/selection_v4
Start time: Tue Jul 18 22:25:48 2017

Random number seed: 1500405948
257661 MB RAM detected; reserving 128830 MB for main workspace.
9309 variants loaded from .bim file.
86 people (0 males, 0 females, 86 ambiguous) loaded from .fam.
Ambiguous sex IDs written to
inter.files/11.merged.flipped/20.merge.flipped.nosex .
86 phenotype values loaded from .fam.
--flip: 4628 SNPs flipped.
Warning: Ignoring phenotypes of missing-sex samples.  If you don't want those
phenotypes to be ignored, use the --allow-no-sex flag.
Using 1 thread (no multithreaded calculations invoked.
Before main variant filters, 86 founders and 0 nonfounders present.
Calculating allele frequencies... done.
Total genotyping rate is 0.0991738.
9309 variants and 86 people pass filters and QC.
Among remaining phenotypes, 86 are cases and 0 are controls.
--make-bed to inter.files/11.merged.flipped/20.merge.flipped.bed +
inter.files/11.merged.flipped/20.merge.flipped.bim +
inter.files/11.merged.flipped/20.merge.flipped.fam ... done.

End time: Tue Jul 18 22:25:48 2017
