PLINK v1.90b3.27 64-bit (13 Dec 2015)
Options in effect:
  --bfile inter.files/7.intersect.pheno/22.intersected.anc.pobi
  --flip inter.files/10.merged/22.merge-merge.missnp
  --make-bed
  --out inter.files/11.merged.flipped/22.merge.flipped

Hostname: atlas.hpc.ut.ee
Working directory: /ebc_data/awwohns/selection_v4
Start time: Fri May 19 01:35:12 2017

Random number seed: 1495146912
2068000 MB RAM detected; reserving 1034000 MB for main workspace.
10226 variants loaded from .bim file.
86 people (0 males, 0 females, 86 ambiguous) loaded from .fam.
Ambiguous sex IDs written to
inter.files/11.merged.flipped/22.merge.flipped.nosex .
86 phenotype values loaded from .fam.
--flip: 5127 SNPs flipped.
Warning: Ignoring phenotypes of missing-sex samples.  If you don't want those
phenotypes to be ignored, use the --allow-no-sex flag.
Using 1 thread (no multithreaded calculations invoked.
Before main variant filters, 86 founders and 0 nonfounders present.
Calculating allele frequencies... done.
Total genotyping rate is 0.0871104.
10226 variants and 86 people pass filters and QC.
Among remaining phenotypes, 86 are cases and 0 are controls.
--make-bed to inter.files/11.merged.flipped/22.merge.flipped.bed +
inter.files/11.merged.flipped/22.merge.flipped.bim +
inter.files/11.merged.flipped/22.merge.flipped.fam ... done.

End time: Fri May 19 01:35:12 2017
