PLINK v1.90b3.27 64-bit (13 Dec 2015)
Options in effect:
  --bfile inter.files/7.intersect.pheno/4.intersected.anc.pobi
  --flip inter.files/10.merged/4.merge-merge.missnp
  --make-bed
  --out inter.files/11.merged.flipped/4.merge.flipped

Hostname: ebc205
Working directory: /mmg/awwohns/selection_v4
Start time: Fri May 19 02:00:40 2017

Random number seed: 1495148440
257661 MB RAM detected; reserving 128830 MB for main workspace.
34052 variants loaded from .bim file.
86 people (0 males, 0 females, 86 ambiguous) loaded from .fam.
Ambiguous sex IDs written to
inter.files/11.merged.flipped/4.merge.flipped.nosex .
--flip: 17113 SNPs flipped.
Using 1 thread (no multithreaded calculations invoked.
Before main variant filters, 86 founders and 0 nonfounders present.
Calculating allele frequencies... done.
Total genotyping rate is 0.0808633.
34052 variants and 86 people pass filters and QC.
Note: No phenotypes present.
--make-bed to inter.files/11.merged.flipped/4.merge.flipped.bed +
inter.files/11.merged.flipped/4.merge.flipped.bim +
inter.files/11.merged.flipped/4.merge.flipped.fam ... done.

End time: Fri May 19 02:01:29 2017
