PLINK v1.90b3.27 64-bit (13 Dec 2015)
Options in effect:
  --allow-no-sex
  --bfile pre.post.inter/19.notriallelic.post/1.post.notri_tmp
  --bmerge pre.post.inter/20.notriallelic.pre/1.pre.notri_tmp
  --make-bed
  --out pre.post.inter/21.notriallelic.pre.post/1.pre.post.notri

Hostname: ebc229
Working directory: /mmg/awwohns/selection_v4
Start time: Tue Jun 27 14:03:57 2017

Random number seed: 1498561437
257661 MB RAM detected; reserving 128830 MB for main workspace.
34 people loaded from pre.post.inter/19.notriallelic.post/1.post.notri_tmp.fam.
40 people to be merged from
pre.post.inter/20.notriallelic.pre/1.pre.notri_tmp.fam.
Of these, 40 are new, while 0 are present in the base dataset.
1622 markers loaded from
pre.post.inter/19.notriallelic.post/1.post.notri_tmp.bim.
1622 markers to be merged from
pre.post.inter/20.notriallelic.pre/1.pre.notri_tmp.bim.
Of these, 0 are new, while 1622 are present in the base dataset.
Performing single-pass merge (74 people, 1622 variants).
Merged fileset written to
pre.post.inter/21.notriallelic.pre.post/1.pre.post.notri-merge.bed +
pre.post.inter/21.notriallelic.pre.post/1.pre.post.notri-merge.bim +
pre.post.inter/21.notriallelic.pre.post/1.pre.post.notri-merge.fam .
1622 variants loaded from .bim file.
74 people (0 males, 0 females, 74 ambiguous) loaded from .fam.
Ambiguous sex IDs written to
pre.post.inter/21.notriallelic.pre.post/1.pre.post.notri.nosex .
74 phenotype values loaded from .fam.
Using 1 thread (no multithreaded calculations invoked.
Before main variant filters, 74 founders and 0 nonfounders present.
Calculating allele frequencies... done.
Total genotyping rate is 0.135743.
1622 variants and 74 people pass filters and QC.
Among remaining phenotypes, 34 are cases and 40 are controls.
--make-bed to pre.post.inter/21.notriallelic.pre.post/1.pre.post.notri.bed +
pre.post.inter/21.notriallelic.pre.post/1.pre.post.notri.bim +
pre.post.inter/21.notriallelic.pre.post/1.pre.post.notri.fam ... done.

End time: Tue Jun 27 14:03:57 2017
