PLINK v1.90b3.27 64-bit (13 Dec 2015)
Options in effect:
  --allow-no-sex
  --bfile pre.post.inter/19.notriallelic.post/11.post.notri_tmp
  --bmerge pre.post.inter/20.notriallelic.pre/11.pre.notri_tmp
  --make-bed
  --out pre.post.inter/21.notriallelic.pre.post/11.pre.post.notri

Hostname: ebc227
Working directory: /mmg/awwohns/selection_v4
Start time: Mon Jun 26 15:35:16 2017

Random number seed: 1498480516
257661 MB RAM detected; reserving 128830 MB for main workspace.
34 people loaded from
pre.post.inter/19.notriallelic.post/11.post.notri_tmp.fam.
40 people to be merged from
pre.post.inter/20.notriallelic.pre/11.pre.notri_tmp.fam.
Of these, 6 are new, while 34 are present in the base dataset.
331 markers loaded from
pre.post.inter/19.notriallelic.post/11.post.notri_tmp.bim.
331 markers to be merged from
pre.post.inter/20.notriallelic.pre/11.pre.notri_tmp.bim.
Of these, 0 are new, while 331 are present in the base dataset.
Performing single-pass merge (40 people, 331 variants).
Merged fileset written to
pre.post.inter/21.notriallelic.pre.post/11.pre.post.notri-merge.bed +
pre.post.inter/21.notriallelic.pre.post/11.pre.post.notri-merge.bim +
pre.post.inter/21.notriallelic.pre.post/11.pre.post.notri-merge.fam .
331 variants loaded from .bim file.
40 people (0 males, 0 females, 40 ambiguous) loaded from .fam.
Ambiguous sex IDs written to
pre.post.inter/21.notriallelic.pre.post/11.pre.post.notri.nosex .
Using 1 thread (no multithreaded calculations invoked.
Before main variant filters, 40 founders and 0 nonfounders present.
Calculating allele frequencies... done.
Total genotyping rate is 0.691314.
331 variants and 40 people pass filters and QC.
Note: No phenotypes present.
--make-bed to pre.post.inter/21.notriallelic.pre.post/11.pre.post.notri.bed +
pre.post.inter/21.notriallelic.pre.post/11.pre.post.notri.bim +
pre.post.inter/21.notriallelic.pre.post/11.pre.post.notri.fam ... done.

End time: Mon Jun 26 15:35:17 2017
