PLINK v1.90b3.27 64-bit (13 Dec 2015)
Options in effect:
  --allow-no-sex
  --bfile pre.post.inter/19.notriallelic.post/17.post.notri_tmp
  --bmerge pre.post.inter/20.notriallelic.pre/17.pre.notri_tmp
  --make-bed
  --out pre.post.inter/21.notriallelic.pre.post/17.pre.post.notri

Hostname: ebc227
Working directory: /mmg/awwohns/selection_v4
Start time: Tue Jun 27 14:14:58 2017

Random number seed: 1498562098
257661 MB RAM detected; reserving 128830 MB for main workspace.
34 people loaded from
pre.post.inter/19.notriallelic.post/17.post.notri_tmp.fam.
40 people to be merged from
pre.post.inter/20.notriallelic.pre/17.pre.notri_tmp.fam.
Of these, 40 are new, while 0 are present in the base dataset.
766 markers loaded from
pre.post.inter/19.notriallelic.post/17.post.notri_tmp.bim.
766 markers to be merged from
pre.post.inter/20.notriallelic.pre/17.pre.notri_tmp.bim.
Of these, 0 are new, while 766 are present in the base dataset.
Performing single-pass merge (74 people, 766 variants).
Merged fileset written to
pre.post.inter/21.notriallelic.pre.post/17.pre.post.notri-merge.bed +
pre.post.inter/21.notriallelic.pre.post/17.pre.post.notri-merge.bim +
pre.post.inter/21.notriallelic.pre.post/17.pre.post.notri-merge.fam .
766 variants loaded from .bim file.
74 people (0 males, 0 females, 74 ambiguous) loaded from .fam.
Ambiguous sex IDs written to
pre.post.inter/21.notriallelic.pre.post/17.pre.post.notri.nosex .
74 phenotype values loaded from .fam.
Using 1 thread (no multithreaded calculations invoked.
Before main variant filters, 74 founders and 0 nonfounders present.
Calculating allele frequencies... done.
Total genotyping rate is 0.137764.
766 variants and 74 people pass filters and QC.
Among remaining phenotypes, 34 are cases and 40 are controls.
--make-bed to pre.post.inter/21.notriallelic.pre.post/17.pre.post.notri.bed +
pre.post.inter/21.notriallelic.pre.post/17.pre.post.notri.bim +
pre.post.inter/21.notriallelic.pre.post/17.pre.post.notri.fam ... done.

End time: Tue Jun 27 14:15:02 2017
