PLINK v1.90b3.27 64-bit (13 Dec 2015)
Options in effect:
  --allow-no-sex
  --bfile pre.post.inter/19.notriallelic.post/18.post.notri_tmp
  --bmerge pre.post.inter/20.notriallelic.pre/18.pre.notri_tmp
  --make-bed
  --out pre.post.inter/21.notriallelic.pre.post/18.pre.post.notri

Hostname: ebc227
Working directory: /mmg/awwohns/selection_v4
Start time: Mon Jun 26 16:39:23 2017

Random number seed: 1498484363
257661 MB RAM detected; reserving 128830 MB for main workspace.
34 people loaded from
pre.post.inter/19.notriallelic.post/18.post.notri_tmp.fam.
40 people to be merged from
pre.post.inter/20.notriallelic.pre/18.pre.notri_tmp.fam.
Of these, 6 are new, while 34 are present in the base dataset.
507 markers loaded from
pre.post.inter/19.notriallelic.post/18.post.notri_tmp.bim.
507 markers to be merged from
pre.post.inter/20.notriallelic.pre/18.pre.notri_tmp.bim.
Of these, 0 are new, while 507 are present in the base dataset.
Performing single-pass merge (40 people, 507 variants).
Merged fileset written to
pre.post.inter/21.notriallelic.pre.post/18.pre.post.notri-merge.bed +
pre.post.inter/21.notriallelic.pre.post/18.pre.post.notri-merge.bim +
pre.post.inter/21.notriallelic.pre.post/18.pre.post.notri-merge.fam .
507 variants loaded from .bim file.
40 people (0 males, 0 females, 40 ambiguous) loaded from .fam.
Ambiguous sex IDs written to
pre.post.inter/21.notriallelic.pre.post/18.pre.post.notri.nosex .
34 phenotype values loaded from .fam.
Using 1 thread (no multithreaded calculations invoked.
Before main variant filters, 40 founders and 0 nonfounders present.
Calculating allele frequencies... done.
Total genotyping rate is 0.22929.
507 variants and 40 people pass filters and QC.
Among remaining phenotypes, 34 are cases and 0 are controls.  (6 phenotypes are
missing.)
--make-bed to pre.post.inter/21.notriallelic.pre.post/18.pre.post.notri.bed +
pre.post.inter/21.notriallelic.pre.post/18.pre.post.notri.bim +
pre.post.inter/21.notriallelic.pre.post/18.pre.post.notri.fam ... done.

End time: Mon Jun 26 16:39:23 2017
