PLINK v1.90b3.27 64-bit (13 Dec 2015)
Options in effect:
  --allow-no-sex
  --bfile pre.modern/17.ambiguous.removed/11.anc.ambiguous.removed
  --bmerge pre.modern/17.ambiguous.removed/11.pobi.ambiguous.removed
  --make-bed
  --out pre.modern/18.ambiguous.removed.merged/11.anc.pobi.no.ambiguous

Hostname: ebc201
Working directory: /mmg/awwohns/selection_v4
Start time: Wed Jul 19 02:43:41 2017

Random number seed: 1500421421
257661 MB RAM detected; reserving 128830 MB for main workspace.
40 people loaded from
pre.modern/17.ambiguous.removed/11.anc.ambiguous.removed.fam.
101 people to be merged from
pre.modern/17.ambiguous.removed/11.pobi.ambiguous.removed.fam.
Of these, 101 are new, while 0 are present in the base dataset.
963 markers loaded from
pre.modern/17.ambiguous.removed/11.anc.ambiguous.removed.bim.
963 markers to be merged from
pre.modern/17.ambiguous.removed/11.pobi.ambiguous.removed.bim.
Of these, 0 are new, while 963 are present in the base dataset.
Performing single-pass merge (141 people, 963 variants).
Merged fileset written to
pre.modern/18.ambiguous.removed.merged/11.anc.pobi.no.ambiguous-merge.bed +
pre.modern/18.ambiguous.removed.merged/11.anc.pobi.no.ambiguous-merge.bim +
pre.modern/18.ambiguous.removed.merged/11.anc.pobi.no.ambiguous-merge.fam .
963 variants loaded from .bim file.
141 people (49 males, 52 females, 40 ambiguous) loaded from .fam.
Ambiguous sex IDs written to
pre.modern/18.ambiguous.removed.merged/11.anc.pobi.no.ambiguous.nosex .
141 phenotype values loaded from .fam.
Using 1 thread (no multithreaded calculations invoked.
Before main variant filters, 141 founders and 0 nonfounders present.
Calculating allele frequencies... done.
Total genotyping rate is 0.768793.
963 variants and 141 people pass filters and QC.
Among remaining phenotypes, 40 are cases and 101 are controls.
--make-bed to
pre.modern/18.ambiguous.removed.merged/11.anc.pobi.no.ambiguous.bed +
pre.modern/18.ambiguous.removed.merged/11.anc.pobi.no.ambiguous.bim +
pre.modern/18.ambiguous.removed.merged/11.anc.pobi.no.ambiguous.fam ... done.

End time: Wed Jul 19 02:43:41 2017
