PLINK v1.90b3.27 64-bit (13 Dec 2015)
Options in effect:
  --allow-no-sex
  --bfile pre.modern/17.ambiguous.removed/21.anc.ambiguous.removed
  --bmerge pre.modern/17.ambiguous.removed/21.pobi.ambiguous.removed
  --make-bed
  --out pre.modern/18.ambiguous.removed.merged/21.anc.pobi.no.ambiguous

Hostname: ebc201
Working directory: /mmg/awwohns/selection_v4
Start time: Sun May 21 21:12:48 2017

Random number seed: 1495390368
257661 MB RAM detected; reserving 128830 MB for main workspace.
44 people loaded from
pre.modern/17.ambiguous.removed/21.anc.ambiguous.removed.fam.
101 people to be merged from
pre.modern/17.ambiguous.removed/21.pobi.ambiguous.removed.fam.
Of these, 101 are new, while 0 are present in the base dataset.
5224 markers loaded from
pre.modern/17.ambiguous.removed/21.anc.ambiguous.removed.bim.
5224 markers to be merged from
pre.modern/17.ambiguous.removed/21.pobi.ambiguous.removed.bim.
Of these, 0 are new, while 5224 are present in the base dataset.
Performing single-pass merge (145 people, 5224 variants).
Merged fileset written to
pre.modern/18.ambiguous.removed.merged/21.anc.pobi.no.ambiguous-merge.bed +
pre.modern/18.ambiguous.removed.merged/21.anc.pobi.no.ambiguous-merge.bim +
pre.modern/18.ambiguous.removed.merged/21.anc.pobi.no.ambiguous-merge.fam .
5224 variants loaded from .bim file.
145 people (49 males, 52 females, 44 ambiguous) loaded from .fam.
Ambiguous sex IDs written to
pre.modern/18.ambiguous.removed.merged/21.anc.pobi.no.ambiguous.nosex .
145 phenotype values loaded from .fam.
Using 1 thread (no multithreaded calculations invoked.
Before main variant filters, 145 founders and 0 nonfounders present.
Calculating allele frequencies... done.
Total genotyping rate is 0.738585.
5224 variants and 145 people pass filters and QC.
Among remaining phenotypes, 44 are cases and 101 are controls.
--make-bed to
pre.modern/18.ambiguous.removed.merged/21.anc.pobi.no.ambiguous.bed +
pre.modern/18.ambiguous.removed.merged/21.anc.pobi.no.ambiguous.bim +
pre.modern/18.ambiguous.removed.merged/21.anc.pobi.no.ambiguous.fam ... done.

End time: Sun May 21 21:12:48 2017
