PLINK v1.90b3.27 64-bit (13 Dec 2015)
Options in effect:
  --allow-no-sex
  --bfile pre.modern/17.ambiguous.removed/8.anc.ambiguous.removed
  --bmerge pre.modern/17.ambiguous.removed/8.pobi.ambiguous.removed
  --make-bed
  --out pre.modern/18.ambiguous.removed.merged/8.anc.pobi.no.ambiguous

Hostname: ebc201
Working directory: /mmg/awwohns/selection_v4
Start time: Wed Jul 19 09:29:20 2017

Random number seed: 1500445760
257661 MB RAM detected; reserving 128830 MB for main workspace.
40 people loaded from
pre.modern/17.ambiguous.removed/8.anc.ambiguous.removed.fam.
204 people to be merged from
pre.modern/17.ambiguous.removed/8.pobi.ambiguous.removed.fam.
Of these, 204 are new, while 0 are present in the base dataset.
946 markers loaded from
pre.modern/17.ambiguous.removed/8.anc.ambiguous.removed.bim.
946 markers to be merged from
pre.modern/17.ambiguous.removed/8.pobi.ambiguous.removed.bim.
Of these, 0 are new, while 946 are present in the base dataset.
Performing single-pass merge (244 people, 946 variants).
Merged fileset written to
pre.modern/18.ambiguous.removed.merged/8.anc.pobi.no.ambiguous-merge.bed +
pre.modern/18.ambiguous.removed.merged/8.anc.pobi.no.ambiguous-merge.bim +
pre.modern/18.ambiguous.removed.merged/8.anc.pobi.no.ambiguous-merge.fam .
946 variants loaded from .bim file.
244 people (104 males, 100 females, 40 ambiguous) loaded from .fam.
Ambiguous sex IDs written to
pre.modern/18.ambiguous.removed.merged/8.anc.pobi.no.ambiguous.nosex .
244 phenotype values loaded from .fam.
Using 1 thread (no multithreaded calculations invoked.
Before main variant filters, 244 founders and 0 nonfounders present.
Calculating allele frequencies... done.
Total genotyping rate is 0.866171.
946 variants and 244 people pass filters and QC.
Among remaining phenotypes, 40 are cases and 204 are controls.
--make-bed to
pre.modern/18.ambiguous.removed.merged/8.anc.pobi.no.ambiguous.bed +
pre.modern/18.ambiguous.removed.merged/8.anc.pobi.no.ambiguous.bim +
pre.modern/18.ambiguous.removed.merged/8.anc.pobi.no.ambiguous.fam ... done.

End time: Wed Jul 19 09:29:20 2017
