PLINK v1.90b3.27 64-bit (13 Dec 2015)
Options in effect:
  --allow-no-sex
  --bfile pre.post.inter/25.ambiguous.removed/11.pre.ambiguous.removed
  --bmerge pre.post.inter/25.ambiguous.removed/11.post.ambiguous.removed
  --make-bed
  --out pre.post.inter/26.ambiguous.removed.merged/11.pre.post.no.ambiguous

Hostname: ebc201
Working directory: /mmg/awwohns/selection_v4
Start time: Thu Jul 20 03:37:51 2017

Random number seed: 1500511071
257661 MB RAM detected; reserving 128830 MB for main workspace.
Allocated 96622 MB successfully, after larger attempt(s) failed.
40 people loaded from
pre.post.inter/25.ambiguous.removed/11.pre.ambiguous.removed.fam.
34 people to be merged from
pre.post.inter/25.ambiguous.removed/11.post.ambiguous.removed.fam.
Of these, 34 are new, while 0 are present in the base dataset.
887 markers loaded from
pre.post.inter/25.ambiguous.removed/11.pre.ambiguous.removed.bim.
887 markers to be merged from
pre.post.inter/25.ambiguous.removed/11.post.ambiguous.removed.bim.
Of these, 0 are new, while 887 are present in the base dataset.
Performing single-pass merge (74 people, 887 variants).
Merged fileset written to
pre.post.inter/26.ambiguous.removed.merged/11.pre.post.no.ambiguous-merge.bed +
pre.post.inter/26.ambiguous.removed.merged/11.pre.post.no.ambiguous-merge.bim +
pre.post.inter/26.ambiguous.removed.merged/11.pre.post.no.ambiguous-merge.fam .
887 variants loaded from .bim file.
74 people (0 males, 0 females, 74 ambiguous) loaded from .fam.
Ambiguous sex IDs written to
pre.post.inter/26.ambiguous.removed.merged/11.pre.post.no.ambiguous.nosex .
74 phenotype values loaded from .fam.
Using 1 thread (no multithreaded calculations invoked.
Before main variant filters, 74 founders and 0 nonfounders present.
Calculating allele frequencies... done.
Total genotyping rate is 0.136522.
887 variants and 74 people pass filters and QC.
Among remaining phenotypes, 34 are cases and 40 are controls.
--make-bed to
pre.post.inter/26.ambiguous.removed.merged/11.pre.post.no.ambiguous.bed +
pre.post.inter/26.ambiguous.removed.merged/11.pre.post.no.ambiguous.bim +
pre.post.inter/26.ambiguous.removed.merged/11.pre.post.no.ambiguous.fam ...
done.

End time: Thu Jul 20 03:37:51 2017
