PLINK v1.90b3.27 64-bit (13 Dec 2015)
Options in effect:
  --allow-no-sex
  --bfile pre.modern/13.notriallelic/1.anc.notri_tmp
  --bmerge pre.modern/13.notriallelic/1.pobi.notri_tmp
  --make-bed
  --out pre.modern/13.notriallelic/1.anc.pobi.notri

Hostname: ebc212
Working directory: /mmg/awwohns/selection_v4
Start time: Tue Jun 27 14:57:32 2017

Random number seed: 1498564652
257661 MB RAM detected; reserving 128830 MB for main workspace.
40 people loaded from pre.modern/13.notriallelic/1.anc.notri_tmp.fam.
101 people to be merged from pre.modern/13.notriallelic/1.pobi.notri_tmp.fam.
Of these, 101 are new, while 0 are present in the base dataset.
Warning: Multiple positions seen for variant 'rs12139755'.
Warning: Multiple positions seen for variant 'rs3765967'.
Warning: Multiple positions seen for variant 'rs11576896'.
Warning: Multiple positions seen for variant 'rs6679294'.
Warning: Multiple positions seen for variant 'rs2260579'.
Warning: Multiple positions seen for variant 'rs17378839'.
Warning: Multiple positions seen for variant 'rs12091194'.
Warning: Multiple positions seen for variant 'rs12127727'.
Warning: Multiple positions seen for variant 'rs12141856'.
Warning: Multiple positions seen for variant 'rs1166587'.
Warning: Multiple positions seen for variant 'rs11591000'.
Warning: Multiple positions seen for variant 'rs11165867'.
Warning: Multiple positions seen for variant 'rs12043679'.
Warning: Multiple positions seen for variant 'rs2184953'.
Warning: Multiple positions seen for variant 'rs703122'.
Warning: Multiple positions seen for variant 'rs9804100'.
Warning: Multiple positions seen for variant 'rs6681342'.
Warning: Multiple positions seen for variant 'rs1051740'.
Warning: Multiple positions seen for variant 'rs7520037'.
64415 markers loaded from pre.modern/13.notriallelic/1.anc.notri_tmp.bim.
64415 markers to be merged from
pre.modern/13.notriallelic/1.pobi.notri_tmp.bim.
Of these, 0 are new, while 64415 are present in the base dataset.
Performing single-pass merge (141 people, 64415 variants).
Merged fileset written to pre.modern/13.notriallelic/1.anc.pobi.notri-merge.bed
+ pre.modern/13.notriallelic/1.anc.pobi.notri-merge.bim +
pre.modern/13.notriallelic/1.anc.pobi.notri-merge.fam .
64415 variants loaded from .bim file.
141 people (49 males, 52 females, 40 ambiguous) loaded from .fam.
Ambiguous sex IDs written to pre.modern/13.notriallelic/1.anc.pobi.notri.nosex
.
141 phenotype values loaded from .fam.
Using 1 thread (no multithreaded calculations invoked.
Before main variant filters, 141 founders and 0 nonfounders present.
Calculating allele frequencies... done.
Total genotyping rate is 0.737461.
64415 variants and 141 people pass filters and QC.
Among remaining phenotypes, 40 are cases and 101 are controls.
--make-bed to pre.modern/13.notriallelic/1.anc.pobi.notri.bed +
pre.modern/13.notriallelic/1.anc.pobi.notri.bim +
pre.modern/13.notriallelic/1.anc.pobi.notri.fam ... done.

End time: Tue Jun 27 14:57:33 2017
