PLINK v1.90b3.27 64-bit (13 Dec 2015)
Options in effect:
  --bfile pre.modern/9.pobi.with.anc.snps/12.pobi.with.anc.snps
  --exclude pre.modern/12.remerged/12.pobi.anc-merge.missnp
  --make-bed
  --out pre.modern/13.notriallelic/12.pobi.notri_tmp

Hostname: atlas.hpc.ut.ee
Working directory: /ebc_data/awwohns/selection_v4
Start time: Wed Jul 19 10:30:56 2017

Random number seed: 1500449456
2068000 MB RAM detected; reserving 1034000 MB for main workspace.
961 variants loaded from .bim file.
204 people (104 males, 100 females) loaded from .fam.
204 phenotype values loaded from .fam.
--exclude: 957 variants remaining.
Using 1 thread (no multithreaded calculations invoked.
Before main variant filters, 204 founders and 0 nonfounders present.
Calculating allele frequencies... done.
Total genotyping rate is 0.999713.
957 variants and 204 people pass filters and QC.
Among remaining phenotypes, 0 are cases and 204 are controls.
--make-bed to pre.modern/13.notriallelic/12.pobi.notri_tmp.bed +
pre.modern/13.notriallelic/12.pobi.notri_tmp.bim +
pre.modern/13.notriallelic/12.pobi.notri_tmp.fam ... done.

End time: Wed Jul 19 10:30:57 2017
