PLINK v1.90b3.27 64-bit (13 Dec 2015)
Options in effect:
  --bfile pre.modern/11.merged.flipped/15.merge.flipped
  --exclude pre.modern/12.remerged/15.pobi.anc-merge.missnp
  --make-bed
  --out pre.modern/13.notriallelic/15.anc.notri_tmp

Hostname: ebc206
Working directory: /mmg/awwohns/selection_v4
Start time: Sat May 20 23:45:29 2017

Random number seed: 1495313129
257661 MB RAM detected; reserving 128830 MB for main workspace.
11653 variants loaded from .bim file.
44 people (0 males, 0 females, 44 ambiguous) loaded from .fam.
Ambiguous sex IDs written to pre.modern/13.notriallelic/15.anc.notri_tmp.nosex
.
--exclude: 11547 variants remaining.
Using 1 thread (no multithreaded calculations invoked.
Before main variant filters, 44 founders and 0 nonfounders present.
Calculating allele frequencies... done.
Total genotyping rate is 0.139538.
11547 variants and 44 people pass filters and QC.
Note: No phenotypes present.
--make-bed to pre.modern/13.notriallelic/15.anc.notri_tmp.bed +
pre.modern/13.notriallelic/15.anc.notri_tmp.bim +
pre.modern/13.notriallelic/15.anc.notri_tmp.fam ... done.

End time: Sat May 20 23:45:29 2017
