PLINK v1.90b3.27 64-bit (13 Dec 2015)
Options in effect:
  --bfile pre.modern/9.pobi.with.anc.snps/16.pobi.with.anc.snps
  --exclude pre.modern/12.remerged/16.pobi.anc-merge.missnp
  --make-bed
  --out pre.modern/13.notriallelic/16.pobi.notri_tmp

Hostname: ebc207
Working directory: /mmg/awwohns/selection_v4
Start time: Sat May 20 23:37:49 2017

Random number seed: 1495312669
257837 MB RAM detected; reserving 128918 MB for main workspace.
13040 variants loaded from .bim file.
101 people (49 males, 52 females) loaded from .fam.
101 phenotype values loaded from .fam.
--exclude: 12922 variants remaining.
Using 1 thread (no multithreaded calculations invoked.
Before main variant filters, 101 founders and 0 nonfounders present.
Calculating allele frequencies... done.
Total genotyping rate is 0.999769.
12922 variants and 101 people pass filters and QC.
Among remaining phenotypes, 0 are cases and 101 are controls.
--make-bed to pre.modern/13.notriallelic/16.pobi.notri_tmp.bed +
pre.modern/13.notriallelic/16.pobi.notri_tmp.bim +
pre.modern/13.notriallelic/16.pobi.notri_tmp.fam ... done.

End time: Sat May 20 23:37:49 2017
