PLINK v1.90b3.27 64-bit (13 Dec 2015)
Options in effect:
  --bfile pre.modern/11.merged.flipped/18.merge.flipped
  --exclude pre.modern/12.remerged/18.pobi.anc-merge.missnp
  --make-bed
  --out pre.modern/13.notriallelic/18.anc.notri_tmp

Hostname: ebc207
Working directory: /mmg/awwohns/selection_v4
Start time: Sat May 20 23:37:20 2017

Random number seed: 1495312640
257837 MB RAM detected; reserving 128918 MB for main workspace.
10513 variants loaded from .bim file.
44 people (0 males, 0 females, 44 ambiguous) loaded from .fam.
Ambiguous sex IDs written to pre.modern/13.notriallelic/18.anc.notri_tmp.nosex
.
44 phenotype values loaded from .fam.
--exclude: 10423 variants remaining.
Warning: Ignoring phenotypes of missing-sex samples.  If you don't want those
phenotypes to be ignored, use the --allow-no-sex flag.
Using 1 thread (no multithreaded calculations invoked.
Before main variant filters, 44 founders and 0 nonfounders present.
Calculating allele frequencies... done.
Total genotyping rate is 0.138612.
10423 variants and 44 people pass filters and QC.
Among remaining phenotypes, 44 are cases and 0 are controls.
--make-bed to pre.modern/13.notriallelic/18.anc.notri_tmp.bed +
pre.modern/13.notriallelic/18.anc.notri_tmp.bim +
pre.modern/13.notriallelic/18.anc.notri_tmp.fam ... done.

End time: Sat May 20 23:37:20 2017
