PLINK v1.90b3.27 64-bit (13 Dec 2015)
Options in effect:
  --bfile pre.modern/9.pobi.with.anc.snps/18.pobi.with.anc.snps
  --exclude pre.modern/12.remerged/18.pobi.anc-merge.missnp
  --make-bed
  --out pre.modern/13.notriallelic/18.pobi.notri_tmp

Hostname: ebc215
Working directory: /mmg/awwohns/selection_v4
Start time: Sun Jul 23 06:45:51 2017

Random number seed: 1500781551
257661 MB RAM detected; reserving 128830 MB for main workspace.
22753 variants loaded from .bim file.
204 people (104 males, 100 females) loaded from .fam.
204 phenotype values loaded from .fam.
--exclude: 22592 variants remaining.
Using 1 thread (no multithreaded calculations invoked.
Before main variant filters, 204 founders and 0 nonfounders present.
Calculating allele frequencies... done.
Total genotyping rate is 0.999556.
22592 variants and 204 people pass filters and QC.
Among remaining phenotypes, 0 are cases and 204 are controls.
--make-bed to pre.modern/13.notriallelic/18.pobi.notri_tmp.bed +
pre.modern/13.notriallelic/18.pobi.notri_tmp.bim +
pre.modern/13.notriallelic/18.pobi.notri_tmp.fam ... done.

End time: Sun Jul 23 06:45:51 2017
