PLINK v1.90b3.27 64-bit (13 Dec 2015)
Options in effect:
  --allow-no-sex
  --bfile pre.modern/13.notriallelic/19.anc.notri_tmp
  --bmerge pre.modern/13.notriallelic/19.pobi.notri_tmp
  --make-bed
  --out pre.modern/13.notriallelic/19.anc.pobi.notri

Hostname: atlas.hpc.ut.ee
Working directory: /ebc_data/awwohns/selection_v4
Start time: Wed Jul 19 10:35:15 2017

Random number seed: 1500449715
2068000 MB RAM detected; reserving 1034000 MB for main workspace.
40 people loaded from pre.modern/13.notriallelic/19.anc.notri_tmp.fam.
204 people to be merged from pre.modern/13.notriallelic/19.pobi.notri_tmp.fam.
Of these, 204 are new, while 0 are present in the base dataset.
660 markers loaded from pre.modern/13.notriallelic/19.anc.notri_tmp.bim.
660 markers to be merged from pre.modern/13.notriallelic/19.pobi.notri_tmp.bim.
Of these, 0 are new, while 660 are present in the base dataset.
Performing single-pass merge (244 people, 660 variants).
Merged fileset written to
pre.modern/13.notriallelic/19.anc.pobi.notri-merge.bed +
pre.modern/13.notriallelic/19.anc.pobi.notri-merge.bim +
pre.modern/13.notriallelic/19.anc.pobi.notri-merge.fam .
660 variants loaded from .bim file.
244 people (104 males, 100 females, 40 ambiguous) loaded from .fam.
Ambiguous sex IDs written to pre.modern/13.notriallelic/19.anc.pobi.notri.nosex
.
244 phenotype values loaded from .fam.
Using 1 thread (no multithreaded calculations invoked.
Before main variant filters, 244 founders and 0 nonfounders present.
Calculating allele frequencies... done.
Total genotyping rate is 0.866027.
660 variants and 244 people pass filters and QC.
Among remaining phenotypes, 40 are cases and 204 are controls.
--make-bed to pre.modern/13.notriallelic/19.anc.pobi.notri.bed +
pre.modern/13.notriallelic/19.anc.pobi.notri.bim +
pre.modern/13.notriallelic/19.anc.pobi.notri.fam ... done.

End time: Wed Jul 19 10:35:15 2017
