PLINK v1.90b3.27 64-bit (13 Dec 2015)
Options in effect:
  --allow-no-sex
  --bfile pre.modern/13.notriallelic/21.anc.notri_tmp
  --bmerge pre.modern/13.notriallelic/21.pobi.notri_tmp
  --make-bed
  --out pre.modern/13.notriallelic/21.anc.pobi.notri

Hostname: ebc211
Working directory: /ebc_data/awwohns/selection_v4
Start time: Wed Jul 19 10:33:17 2017

Random number seed: 1500449597
257661 MB RAM detected; reserving 128830 MB for main workspace.
40 people loaded from pre.modern/13.notriallelic/21.anc.notri_tmp.fam.
204 people to be merged from pre.modern/13.notriallelic/21.pobi.notri_tmp.fam.
Of these, 204 are new, while 0 are present in the base dataset.
8 markers loaded from pre.modern/13.notriallelic/21.anc.notri_tmp.bim.
8 markers to be merged from pre.modern/13.notriallelic/21.pobi.notri_tmp.bim.
Of these, 0 are new, while 8 are present in the base dataset.
Performing single-pass merge (244 people, 8 variants).
Merged fileset written to
pre.modern/13.notriallelic/21.anc.pobi.notri-merge.bed +
pre.modern/13.notriallelic/21.anc.pobi.notri-merge.bim +
pre.modern/13.notriallelic/21.anc.pobi.notri-merge.fam .
8 variants loaded from .bim file.
244 people (104 males, 100 females, 40 ambiguous) loaded from .fam.
Ambiguous sex IDs written to pre.modern/13.notriallelic/21.anc.pobi.notri.nosex
.
244 phenotype values loaded from .fam.
Using 1 thread (no multithreaded calculations invoked.
Before main variant filters, 244 founders and 0 nonfounders present.
Calculating allele frequencies... done.
Total genotyping rate is 0.879098.
8 variants and 244 people pass filters and QC.
Among remaining phenotypes, 40 are cases and 204 are controls.
--make-bed to pre.modern/13.notriallelic/21.anc.pobi.notri.bed +
pre.modern/13.notriallelic/21.anc.pobi.notri.bim +
pre.modern/13.notriallelic/21.anc.pobi.notri.fam ... done.

End time: Wed Jul 19 10:33:17 2017
