PLINK v1.90b3.27 64-bit (13 Dec 2015)
Options in effect:
  --bfile pre.modern/11.merged.flipped/21.merge.flipped
  --exclude pre.modern/12.remerged/21.pobi.anc-merge.missnp
  --make-bed
  --out pre.modern/13.notriallelic/21.anc.notri_tmp

Hostname: ebc208.hpc.ut.ee
Working directory: /mmg/awwohns/selection_v4
Start time: Sat May 20 23:39:05 2017

Random number seed: 1495312745
257661 MB RAM detected; reserving 128830 MB for main workspace.
5328 variants loaded from .bim file.
44 people (0 males, 0 females, 44 ambiguous) loaded from .fam.
Ambiguous sex IDs written to pre.modern/13.notriallelic/21.anc.notri_tmp.nosex
.
44 phenotype values loaded from .fam.
--exclude: 5281 variants remaining.
Warning: Ignoring phenotypes of missing-sex samples.  If you don't want those
phenotypes to be ignored, use the --allow-no-sex flag.
Using 1 thread (no multithreaded calculations invoked.
Before main variant filters, 44 founders and 0 nonfounders present.
Calculating allele frequencies... done.
Total genotyping rate is 0.139213.
5281 variants and 44 people pass filters and QC.
Among remaining phenotypes, 44 are cases and 0 are controls.
--make-bed to pre.modern/13.notriallelic/21.anc.notri_tmp.bed +
pre.modern/13.notriallelic/21.anc.notri_tmp.bim +
pre.modern/13.notriallelic/21.anc.notri_tmp.fam ... done.

End time: Sat May 20 23:39:05 2017
