PLINK v1.90b3.27 64-bit (13 Dec 2015)
Options in effect:
  --allow-no-sex
  --bfile pre.modern/13.notriallelic/5.anc.notri_tmp
  --bmerge pre.modern/13.notriallelic/5.pobi.notri_tmp
  --make-bed
  --out pre.modern/13.notriallelic/5.anc.pobi.notri

Hostname: ebc226
Working directory: /mmg/awwohns/selection_v4
Start time: Tue Jul 18 12:00:07 2017

Random number seed: 1500368407
257661 MB RAM detected; reserving 128830 MB for main workspace.
40 people loaded from pre.modern/13.notriallelic/5.anc.notri_tmp.fam.
101 people to be merged from pre.modern/13.notriallelic/5.pobi.notri_tmp.fam.
Of these, 101 are new, while 0 are present in the base dataset.
1054 markers loaded from pre.modern/13.notriallelic/5.anc.notri_tmp.bim.
1054 markers to be merged from pre.modern/13.notriallelic/5.pobi.notri_tmp.bim.
Of these, 0 are new, while 1054 are present in the base dataset.
Performing single-pass merge (141 people, 1054 variants).
Merged fileset written to pre.modern/13.notriallelic/5.anc.pobi.notri-merge.bed
+ pre.modern/13.notriallelic/5.anc.pobi.notri-merge.bim +
pre.modern/13.notriallelic/5.anc.pobi.notri-merge.fam .
1054 variants loaded from .bim file.
141 people (49 males, 52 females, 40 ambiguous) loaded from .fam.
Ambiguous sex IDs written to pre.modern/13.notriallelic/5.anc.pobi.notri.nosex
.
141 phenotype values loaded from .fam.
Using 1 thread (no multithreaded calculations invoked.
Before main variant filters, 141 founders and 0 nonfounders present.
Calculating allele frequencies... done.
Total genotyping rate is 0.76844.
1054 variants and 141 people pass filters and QC.
Among remaining phenotypes, 40 are cases and 101 are controls.
--make-bed to pre.modern/13.notriallelic/5.anc.pobi.notri.bed +
pre.modern/13.notriallelic/5.anc.pobi.notri.bim +
pre.modern/13.notriallelic/5.anc.pobi.notri.fam ... done.

End time: Tue Jul 18 12:00:27 2017
