PLINK v1.90b3.27 64-bit (13 Dec 2015)
Options in effect:
  --bfile pre.modern/9.pobi.with.anc.snps/6.pobi.with.anc.snps
  --exclude pre.modern/12.remerged/6.pobi.anc-merge.missnp
  --make-bed
  --out pre.modern/13.notriallelic/6.pobi.notri_tmp

Hostname: ebc230
Working directory: /mmg/awwohns/selection_v4
Start time: Tue Jun 27 14:47:13 2017

Random number seed: 1498564033
257661 MB RAM detected; reserving 128830 MB for main workspace.
50984 variants loaded from .bim file.
101 people (49 males, 52 females) loaded from .fam.
101 phenotype values loaded from .fam.
--exclude: 50629 variants remaining.
Using 1 thread (no multithreaded calculations invoked.
Before main variant filters, 101 founders and 0 nonfounders present.
Calculating allele frequencies... done.
Total genotyping rate is 0.999497.
50629 variants and 101 people pass filters and QC.
Among remaining phenotypes, 0 are cases and 101 are controls.
--make-bed to pre.modern/13.notriallelic/6.pobi.notri_tmp.bed +
pre.modern/13.notriallelic/6.pobi.notri_tmp.bim +
pre.modern/13.notriallelic/6.pobi.notri_tmp.fam ... done.

End time: Tue Jun 27 14:47:13 2017
