PLINK v1.90b3.27 64-bit (13 Dec 2015)
Options in effect:
  --bfile pre.modern/11.merged.flipped/7.merge.flipped
  --exclude pre.modern/12.remerged/7.pobi.anc-merge.missnp
  --make-bed
  --out pre.modern/13.notriallelic/7.anc.notri_tmp

Hostname: atlas.hpc.ut.ee
Working directory: /ebc_data/awwohns/selection_v4
Start time: Wed Jul 19 10:21:32 2017

Random number seed: 1500448892
2068000 MB RAM detected; reserving 1034000 MB for main workspace.
989 variants loaded from .bim file.
40 people (0 males, 0 females, 40 ambiguous) loaded from .fam.
Ambiguous sex IDs written to pre.modern/13.notriallelic/7.anc.notri_tmp.nosex .
40 phenotype values loaded from .fam.
--exclude: 979 variants remaining.
Warning: Ignoring phenotypes of missing-sex samples.  If you don't want those
phenotypes to be ignored, use the --allow-no-sex flag.
Using 1 thread (no multithreaded calculations invoked.
Before main variant filters, 40 founders and 0 nonfounders present.
Calculating allele frequencies... done.
Total genotyping rate is 0.184806.
979 variants and 40 people pass filters and QC.
Among remaining phenotypes, 40 are cases and 0 are controls.
--make-bed to pre.modern/13.notriallelic/7.anc.notri_tmp.bed +
pre.modern/13.notriallelic/7.anc.notri_tmp.bim +
pre.modern/13.notriallelic/7.anc.notri_tmp.fam ... done.

End time: Wed Jul 19 10:21:32 2017
