PLINK v1.90b3.27 64-bit (13 Dec 2015)
Options in effect:
  --allow-no-sex
  --bfile pre.modern/13.notriallelic/7.anc.notri_tmp
  --bmerge pre.modern/13.notriallelic/7.pobi.notri_tmp
  --make-bed
  --out pre.modern/13.notriallelic/7.anc.pobi.notri

Hostname: ebc226
Working directory: /mmg/awwohns/selection_v4
Start time: Tue Jun 27 14:57:31 2017

Random number seed: 1498564651
257661 MB RAM detected; reserving 128830 MB for main workspace.
40 people loaded from pre.modern/13.notriallelic/7.anc.notri_tmp.fam.
101 people to be merged from pre.modern/13.notriallelic/7.pobi.notri_tmp.fam.
Of these, 101 are new, while 0 are present in the base dataset.
Warning: Multiple positions seen for variant 'rs1404416'.
Warning: Multiple positions seen for variant 'rs10950865'.
Warning: Multiple positions seen for variant 'rs190647'.
Warning: Multiple positions seen for variant 'rs12666800'.
Warning: Multiple positions seen for variant 'rs2528121'.
Warning: Multiple positions seen for variant 'rs17164545'.
Warning: Multiple positions seen for variant 'rs802382'.
Warning: Multiple positions seen for variant 'rs10274325'.
Warning: Multiple positions seen for variant 'rs983926'.
Warning: Multiple positions seen for variant 'rs9690381'.
Warning: Multiple positions seen for variant 'rs17475638'.
Warning: Multiple positions seen for variant 'rs12537496'.
42281 markers loaded from pre.modern/13.notriallelic/7.anc.notri_tmp.bim.
42281 markers to be merged from
pre.modern/13.notriallelic/7.pobi.notri_tmp.bim.
Of these, 0 are new, while 42281 are present in the base dataset.
Performing single-pass merge (141 people, 42281 variants).
Merged fileset written to pre.modern/13.notriallelic/7.anc.pobi.notri-merge.bed
+ pre.modern/13.notriallelic/7.anc.pobi.notri-merge.bim +
pre.modern/13.notriallelic/7.anc.pobi.notri-merge.fam .
42281 variants loaded from .bim file.
141 people (49 males, 52 females, 40 ambiguous) loaded from .fam.
Ambiguous sex IDs written to pre.modern/13.notriallelic/7.anc.pobi.notri.nosex
.
141 phenotype values loaded from .fam.
Using 1 thread (no multithreaded calculations invoked.
Before main variant filters, 141 founders and 0 nonfounders present.
Calculating allele frequencies... done.
Total genotyping rate is 0.737074.
42281 variants and 141 people pass filters and QC.
Among remaining phenotypes, 40 are cases and 101 are controls.
--make-bed to pre.modern/13.notriallelic/7.anc.pobi.notri.bed +
pre.modern/13.notriallelic/7.anc.pobi.notri.bim +
pre.modern/13.notriallelic/7.anc.pobi.notri.fam ... done.

End time: Tue Jun 27 14:57:32 2017
