PLINK v1.90b3.27 64-bit (13 Dec 2015)
Options in effect:
  --bfile pre.modern/11.merged.flipped/9.merge.flipped
  --exclude pre.modern/12.remerged/9.pobi.anc-merge.missnp
  --make-bed
  --out pre.modern/13.notriallelic/9.anc.notri_tmp

Hostname: ebc205
Working directory: /mmg/awwohns/selection_v4
Start time: Sat May 20 23:41:25 2017

Random number seed: 1495312885
257661 MB RAM detected; reserving 128830 MB for main workspace.
17046 variants loaded from .bim file.
44 people (0 males, 0 females, 44 ambiguous) loaded from .fam.
Ambiguous sex IDs written to pre.modern/13.notriallelic/9.anc.notri_tmp.nosex .
44 phenotype values loaded from .fam.
--exclude: 16900 variants remaining.
Warning: Ignoring phenotypes of missing-sex samples.  If you don't want those
phenotypes to be ignored, use the --allow-no-sex flag.
Using 1 thread (no multithreaded calculations invoked.
Before main variant filters, 44 founders and 0 nonfounders present.
Calculating allele frequencies... done.
Total genotyping rate is 0.139242.
16900 variants and 44 people pass filters and QC.
Among remaining phenotypes, 44 are cases and 0 are controls.
--make-bed to pre.modern/13.notriallelic/9.anc.notri_tmp.bed +
pre.modern/13.notriallelic/9.anc.notri_tmp.bim +
pre.modern/13.notriallelic/9.anc.notri_tmp.fam ... done.

End time: Sat May 20 23:41:25 2017
